{"C:\\Users\\Pichau\\projetos\\js_projects\\mds2\\outra-copia\\LicitaBSB-24.1\\frontend\\src\\main.jsx": {"path":"C:\\Users\\Pichau\\projetos\\js_projects\\mds2\\outra-copia\\LicitaBSB-24.1\\frontend\\src\\main.jsx","statementMap":{"0":{"start":{"line":20,"column":2},"end":{"line":39,"column":4}},"1":{"start":{"line":42,"column":0},"end":{"line":46,"column":2}}},"fnMap":{"0":{"name":"AppRoutes","decl":{"start":{"line":19,"column":9},"end":{"line":19,"column":18}},"loc":{"start":{"line":19,"column":21},"end":{"line":40,"column":1}},"line":19}},"branchMap":{},"s":{"0":0,"1":0},"f":{"0":0},"b":{}}
,"C:\\Users\\Pichau\\projetos\\js_projects\\mds2\\outra-copia\\LicitaBSB-24.1\\frontend\\src\\components\\campo-pesquisa\\index.jsx": {"path":"C:\\Users\\Pichau\\projetos\\js_projects\\mds2\\outra-copia\\LicitaBSB-24.1\\frontend\\src\\components\\campo-pesquisa\\index.jsx","statementMap":{"0":{"start":{"line":11,"column":2},"end":{"line":30,"column":4}},"1":{"start":{"line":21,"column":12},"end":{"line":24,"column":14}}},"fnMap":{"0":{"name":"CampoPesquisa","decl":{"start":{"line":6,"column":24},"end":{"line":6,"column":37}},"loc":{"start":{"line":10,"column":3},"end":{"line":31,"column":1}},"line":10},"1":{"name":"(anonymous_1)","decl":{"start":{"line":20,"column":20},"end":{"line":20,"column":21}},"loc":{"start":{"line":21,"column":12},"end":{"line":24,"column":14}},"line":21}},"branchMap":{},"s":{"0":3,"1":41},"f":{"0":3,"1":41},"b":{},"_coverageSchema":"1a1c01bbd47fc00a2c39e90264f33305004495a9","hash":"1211f59d4441d0c5d510531ad0987d1998b3f252"}
,"C:\\Users\\Pichau\\projetos\\js_projects\\mds2\\outra-copia\\LicitaBSB-24.1\\frontend\\src\\components\\card-licitacoes\\index.jsx": {"path":"C:\\Users\\Pichau\\projetos\\js_projects\\mds2\\outra-copia\\LicitaBSB-24.1\\frontend\\src\\components\\card-licitacoes\\index.jsx","statementMap":{"0":{"start":{"line":9,"column":19},"end":{"line":9,"column":32}},"1":{"start":{"line":10,"column":25},"end":{"line":13,"column":3}},"2":{"start":{"line":11,"column":4},"end":{"line":11,"column":39}},"3":{"start":{"line":12,"column":4},"end":{"line":12,"column":16}},"4":{"start":{"line":15,"column":2},"end":{"line":56,"column":4}}},"fnMap":{"0":{"name":"CardLicitacoes","decl":{"start":{"line":8,"column":24},"end":{"line":8,"column":38}},"loc":{"start":{"line":8,"column":49},"end":{"line":57,"column":1}},"line":8},"1":{"name":"(anonymous_1)","decl":{"start":{"line":10,"column":25},"end":{"line":10,"column":26}},"loc":{"start":{"line":10,"column":31},"end":{"line":13,"column":3}},"line":10}},"branchMap":{"0":{"loc":{"start":{"line":27,"column":25},"end":{"line":27,"column":75}},"type":"cond-expr","locations":[{"start":{"line":27,"column":49},"end":{"line":27,"column":70}},{"start":{"line":27,"column":73},"end":{"line":27,"column":75}}],"line":27},"1":{"loc":{"start":{"line":33,"column":11},"end":{"line":37,"column":11}},"type":"binary-expr","locations":[{"start":{"line":33,"column":11},"end":{"line":33,"column":23}},{"start":{"line":34,"column":12},"end":{"line":36,"column":16}}],"line":33}},"s":{"0":7,"1":7,"2":1,"3":1,"4":7},"f":{"0":7,"1":1},"b":{"0":[6,1],"1":[7,7]},"_coverageSchema":"1a1c01bbd47fc00a2c39e90264f33305004495a9","hash":"fea680605fb065b5d4d74ace1f0cd8d081269692"}
,"C:\\Users\\Pichau\\projetos\\js_projects\\mds2\\outra-copia\\LicitaBSB-24.1\\frontend\\src\\components\\footer\\index.jsx": {"path":"C:\\Users\\Pichau\\projetos\\js_projects\\mds2\\outra-copia\\LicitaBSB-24.1\\frontend\\src\\components\\footer\\index.jsx","statementMap":{"0":{"start":{"line":8,"column":15},"end":{"line":61,"column":1}},"1":{"start":{"line":9,"column":2},"end":{"line":60,"column":4}}},"fnMap":{"0":{"name":"(anonymous_0)","decl":{"start":{"line":8,"column":15},"end":{"line":8,"column":16}},"loc":{"start":{"line":8,"column":21},"end":{"line":61,"column":1}},"line":8}},"branchMap":{},"s":{"0":1,"1":7},"f":{"0":7},"b":{},"_coverageSchema":"1a1c01bbd47fc00a2c39e90264f33305004495a9","hash":"af94dcd7c474b341548b30ee623e549da96b7bd1"}
,"C:\\Users\\Pichau\\projetos\\js_projects\\mds2\\outra-copia\\LicitaBSB-24.1\\frontend\\src\\components\\header\\index.jsx": {"path":"C:\\Users\\Pichau\\projetos\\js_projects\\mds2\\outra-copia\\LicitaBSB-24.1\\frontend\\src\\components\\header\\index.jsx","statementMap":{"0":{"start":{"line":8,"column":15},"end":{"line":133,"column":1}},"1":{"start":{"line":9,"column":19},"end":{"line":9,"column":32}},"2":{"start":{"line":10,"column":28},"end":{"line":10,"column":40}},"3":{"start":{"line":13,"column":4},"end":{"line":13,"column":29}},"4":{"start":{"line":17,"column":23},"end":{"line":21,"column":26}},"5":{"start":{"line":22,"column":4},"end":{"line":22,"column":46}},"6":{"start":{"line":25,"column":2},"end":{"line":132,"column":4}},"7":{"start":{"line":79,"column":31},"end":{"line":79,"column":48}},"8":{"start":{"line":84,"column":33},"end":{"line":84,"column":49}}},"fnMap":{"0":{"name":"(anonymous_0)","decl":{"start":{"line":8,"column":15},"end":{"line":8,"column":16}},"loc":{"start":{"line":8,"column":21},"end":{"line":133,"column":1}},"line":8},"1":{"name":"handdleChange","decl":{"start":{"line":12,"column":11},"end":{"line":12,"column":24}},"loc":{"start":{"line":12,"column":28},"end":{"line":14,"column":3}},"line":12},"2":{"name":"buscarLicitacao","decl":{"start":{"line":16,"column":11},"end":{"line":16,"column":26}},"loc":{"start":{"line":16,"column":29},"end":{"line":23,"column":3}},"line":16},"3":{"name":"(anonymous_3)","decl":{"start":{"line":79,"column":25},"end":{"line":79,"column":26}},"loc":{"start":{"line":79,"column":31},"end":{"line":79,"column":48}},"line":79},"4":{"name":"(anonymous_4)","decl":{"start":{"line":84,"column":26},"end":{"line":84,"column":27}},"loc":{"start":{"line":84,"column":33},"end":{"line":84,"column":49}},"line":84}},"branchMap":{},"s":{"0":1,"1":19,"2":19,"3":9,"4":0,"5":0,"6":19,"7":0,"8":9},"f":{"0":19,"1":9,"2":0,"3":0,"4":9},"b":{},"_coverageSchema":"1a1c01bbd47fc00a2c39e90264f33305004495a9","hash":"a8d8587b70a452b2d91b71c524ae5cc44d0a6a43"}
,"C:\\Users\\Pichau\\projetos\\js_projects\\mds2\\outra-copia\\LicitaBSB-24.1\\frontend\\src\\components\\layout\\custom-button\\index.jsx": {"path":"C:\\Users\\Pichau\\projetos\\js_projects\\mds2\\outra-copia\\LicitaBSB-24.1\\frontend\\src\\components\\layout\\custom-button\\index.jsx","statementMap":{"0":{"start":{"line":5,"column":2},"end":{"line":12,"column":4}}},"fnMap":{"0":{"name":"CustomButton","decl":{"start":{"line":4,"column":24},"end":{"line":4,"column":36}},"loc":{"start":{"line":4,"column":72},"end":{"line":13,"column":1}},"line":4}},"branchMap":{"0":{"loc":{"start":{"line":4,"column":55},"end":{"line":4,"column":68}},"type":"default-arg","locations":[{"start":{"line":4,"column":63},"end":{"line":4,"column":68}}],"line":4},"1":{"loc":{"start":{"line":7,"column":43},"end":{"line":7,"column":80}},"type":"cond-expr","locations":[{"start":{"line":7,"column":51},"end":{"line":7,"column":75}},{"start":{"line":7,"column":78},"end":{"line":7,"column":80}}],"line":7}},"s":{"0":31},"f":{"0":31},"b":{"0":[17],"1":[14,17]},"_coverageSchema":"1a1c01bbd47fc00a2c39e90264f33305004495a9","hash":"a6fb9098df23021683f52c6657004f79f103d717"}
,"C:\\Users\\Pichau\\projetos\\js_projects\\mds2\\outra-copia\\LicitaBSB-24.1\\frontend\\src\\components\\layout\\custom-input-checkbox\\index.jsx": {"path":"C:\\Users\\Pichau\\projetos\\js_projects\\mds2\\outra-copia\\LicitaBSB-24.1\\frontend\\src\\components\\layout\\custom-input-checkbox\\index.jsx","statementMap":{"0":{"start":{"line":5,"column":2},"end":{"line":11,"column":4}}},"fnMap":{"0":{"name":"CustomInputCheckbox","decl":{"start":{"line":4,"column":24},"end":{"line":4,"column":43}},"loc":{"start":{"line":4,"column":74},"end":{"line":12,"column":1}},"line":4}},"branchMap":{},"s":{"0":0},"f":{"0":0},"b":{},"_coverageSchema":"1a1c01bbd47fc00a2c39e90264f33305004495a9","hash":"1786e6612ac480c218c4156902895f6649bc144a"}
,"C:\\Users\\Pichau\\projetos\\js_projects\\mds2\\outra-copia\\LicitaBSB-24.1\\frontend\\src\\components\\layout\\custom-input-radio\\index.jsx": {"path":"C:\\Users\\Pichau\\projetos\\js_projects\\mds2\\outra-copia\\LicitaBSB-24.1\\frontend\\src\\components\\layout\\custom-input-radio\\index.jsx","statementMap":{"0":{"start":{"line":5,"column":2},"end":{"line":11,"column":4}}},"fnMap":{"0":{"name":"CustomInputRadio","decl":{"start":{"line":4,"column":24},"end":{"line":4,"column":40}},"loc":{"start":{"line":4,"column":80},"end":{"line":12,"column":1}},"line":4}},"branchMap":{},"s":{"0":28},"f":{"0":28},"b":{},"_coverageSchema":"1a1c01bbd47fc00a2c39e90264f33305004495a9","hash":"90441ea7fc4b07784c4bbc34ad688f8c1b8c0e1c"}
,"C:\\Users\\Pichau\\projetos\\js_projects\\mds2\\outra-copia\\LicitaBSB-24.1\\frontend\\src\\components\\newsletter\\Test.js": {"path":"C:\\Users\\Pichau\\projetos\\js_projects\\mds2\\outra-copia\\LicitaBSB-24.1\\frontend\\src\\components\\newsletter\\Test.js","statementMap":{"0":{"start":{"line":3,"column":13},"end":{"line":10,"column":1}},"1":{"start":{"line":5,"column":4},"end":{"line":5,"column":51}},"2":{"start":{"line":7,"column":2},"end":{"line":9,"column":3}}},"fnMap":{"0":{"name":"(anonymous_0)","decl":{"start":{"line":3,"column":13},"end":{"line":3,"column":14}},"loc":{"start":{"line":3,"column":19},"end":{"line":10,"column":1}},"line":3}},"branchMap":{},"s":{"0":0,"1":0,"2":0},"f":{"0":0},"b":{}}
,"C:\\Users\\Pichau\\projetos\\js_projects\\mds2\\outra-copia\\LicitaBSB-24.1\\frontend\\src\\components\\newsletter\\index.jsx": {"path":"C:\\Users\\Pichau\\projetos\\js_projects\\mds2\\outra-copia\\LicitaBSB-24.1\\frontend\\src\\components\\newsletter\\index.jsx","statementMap":{"0":{"start":{"line":5,"column":22},"end":{"line":46,"column":1}},"1":{"start":{"line":6,"column":28},"end":{"line":6,"column":40}},"2":{"start":{"line":7,"column":32},"end":{"line":7,"column":44}},"3":{"start":{"line":9,"column":23},"end":{"line":28,"column":3}},"4":{"start":{"line":10,"column":4},"end":{"line":10,"column":23}},"5":{"start":{"line":12,"column":20},"end":{"line":15,"column":5}},"6":{"start":{"line":17,"column":4},"end":{"line":27,"column":5}},"7":{"start":{"line":18,"column":23},"end":{"line":22,"column":8}},"8":{"start":{"line":23,"column":6},"end":{"line":23,"column":53}},"9":{"start":{"line":25,"column":6},"end":{"line":25,"column":52}},"10":{"start":{"line":26,"column":6},"end":{"line":26,"column":84}},"11":{"start":{"line":30,"column":2},"end":{"line":45,"column":4}},"12":{"start":{"line":38,"column":27},"end":{"line":38,"column":51}}},"fnMap":{"0":{"name":"(anonymous_0)","decl":{"start":{"line":5,"column":22},"end":{"line":5,"column":23}},"loc":{"start":{"line":5,"column":28},"end":{"line":46,"column":1}},"line":5},"1":{"name":"(anonymous_1)","decl":{"start":{"line":9,"column":23},"end":{"line":9,"column":24}},"loc":{"start":{"line":9,"column":36},"end":{"line":28,"column":3}},"line":9},"2":{"name":"(anonymous_2)","decl":{"start":{"line":38,"column":20},"end":{"line":38,"column":21}},"loc":{"start":{"line":38,"column":27},"end":{"line":38,"column":51}},"line":38}},"branchMap":{"0":{"loc":{"start":{"line":26,"column":30},"end":{"line":26,"column":82}},"type":"cond-expr","locations":[{"start":{"line":26,"column":47},"end":{"line":26,"column":66}},{"start":{"line":26,"column":69},"end":{"line":26,"column":82}}],"line":26},"1":{"loc":{"start":{"line":43,"column":7},"end":{"line":43,"column":34}},"type":"binary-expr","locations":[{"start":{"line":43,"column":7},"end":{"line":43,"column":14}},{"start":{"line":43,"column":18},"end":{"line":43,"column":34}}],"line":43}},"s":{"0":0,"1":0,"2":0,"3":0,"4":0,"5":0,"6":0,"7":0,"8":0,"9":0,"10":0,"11":0,"12":0},"f":{"0":0,"1":0,"2":0},"b":{"0":[0,0],"1":[0,0]}}
,"C:\\Users\\Pichau\\projetos\\js_projects\\mds2\\outra-copia\\LicitaBSB-24.1\\frontend\\src\\config\\api.js": {"path":"C:\\Users\\Pichau\\projetos\\js_projects\\mds2\\outra-copia\\LicitaBSB-24.1\\frontend\\src\\config\\api.js","statementMap":{"0":{"start":{"line":3,"column":19},"end":{"line":6,"column":2}}},"fnMap":{},"branchMap":{},"s":{"0":5},"f":{},"b":{},"_coverageSchema":"1a1c01bbd47fc00a2c39e90264f33305004495a9","hash":"3bb70c7899dfa844d8ee115884a3ac40cf19fe86"}
,"C:\\Users\\Pichau\\projetos\\js_projects\\mds2\\outra-copia\\LicitaBSB-24.1\\frontend\\src\\hooks\\useGetImage.jsx": {"path":"C:\\Users\\Pichau\\projetos\\js_projects\\mds2\\outra-copia\\LicitaBSB-24.1\\frontend\\src\\hooks\\useGetImage.jsx","statementMap":{"0":{"start":{"line":4,"column":40},"end":{"line":4,"column":52}},"1":{"start":{"line":6,"column":2},"end":{"line":14,"column":11}},"2":{"start":{"line":7,"column":4},"end":{"line":13,"column":9}},"3":{"start":{"line":9,"column":8},"end":{"line":9,"column":38}},"4":{"start":{"line":12,"column":8},"end":{"line":12,"column":73}},"5":{"start":{"line":16,"column":2},"end":{"line":16,"column":21}}},"fnMap":{"0":{"name":"useGetImage","decl":{"start":{"line":3,"column":24},"end":{"line":3,"column":35}},"loc":{"start":{"line":3,"column":40},"end":{"line":17,"column":1}},"line":3},"1":{"name":"(anonymous_1)","decl":{"start":{"line":6,"column":12},"end":{"line":6,"column":13}},"loc":{"start":{"line":6,"column":18},"end":{"line":14,"column":3}},"line":6},"2":{"name":"(anonymous_2)","decl":{"start":{"line":8,"column":12},"end":{"line":8,"column":13}},"loc":{"start":{"line":8,"column":23},"end":{"line":10,"column":7}},"line":8},"3":{"name":"(anonymous_3)","decl":{"start":{"line":11,"column":13},"end":{"line":11,"column":14}},"loc":{"start":{"line":11,"column":22},"end":{"line":13,"column":7}},"line":11}},"branchMap":{},"s":{"0":12,"1":12,"2":9,"3":8,"4":1,"5":12},"f":{"0":12,"1":9,"2":8,"3":1},"b":{},"_coverageSchema":"1a1c01bbd47fc00a2c39e90264f33305004495a9","hash":"2ad2db39b55c6e3ac3bb463248632d5b0ba30519"}
,"C:\\Users\\Pichau\\projetos\\js_projects\\mds2\\outra-copia\\LicitaBSB-24.1\\frontend\\src\\hooks\\useSearchBidding.jsx": {"path":"C:\\Users\\Pichau\\projetos\\js_projects\\mds2\\outra-copia\\LicitaBSB-24.1\\frontend\\src\\hooks\\useSearchBidding.jsx","statementMap":{"0":{"start":{"line":1,"column":32},"end":{"line":32,"column":1}},"1":{"start":{"line":3,"column":24},"end":{"line":6,"column":38}},"2":{"start":{"line":8,"column":18},"end":{"line":20,"column":6}},"3":{"start":{"line":9,"column":19},"end":{"line":9,"column":63}},"4":{"start":{"line":11,"column":8},"end":{"line":11,"column":72}},"5":{"start":{"line":12,"column":6},"end":{"line":19,"column":8}},"6":{"start":{"line":21,"column":4},"end":{"line":21,"column":17}},"7":{"start":{"line":23,"column":2},"end":{"line":31,"column":4}}},"fnMap":{"0":{"name":"(anonymous_0)","decl":{"start":{"line":1,"column":32},"end":{"line":1,"column":33}},"loc":{"start":{"line":1,"column":38},"end":{"line":32,"column":1}},"line":1},"1":{"name":"getBiddingSearch","decl":{"start":{"line":2,"column":11},"end":{"line":2,"column":27}},"loc":{"start":{"line":2,"column":47},"end":{"line":22,"column":3}},"line":2},"2":{"name":"(anonymous_2)","decl":{"start":{"line":8,"column":36},"end":{"line":8,"column":37}},"loc":{"start":{"line":8,"column":51},"end":{"line":20,"column":5}},"line":8}},"branchMap":{"0":{"loc":{"start":{"line":9,"column":19},"end":{"line":9,"column":63}},"type":"cond-expr","locations":[{"start":{"line":9,"column":44},"end":{"line":9,"column":51}},{"start":{"line":9,"column":54},"end":{"line":9,"column":63}}],"line":9},"1":{"loc":{"start":{"line":11,"column":8},"end":{"line":11,"column":72}},"type":"cond-expr","locations":[{"start":{"line":11,"column":27},"end":{"line":11,"column":47}},{"start":{"line":11,"column":50},"end":{"line":11,"column":72}}],"line":11},"2":{"loc":{"start":{"line":13,"column":8},"end":{"line":18,"column":26}},"type":"binary-expr","locations":[{"start":{"line":13,"column":8},"end":{"line":13,"column":43}},{"start":{"line":14,"column":8},"end":{"line":18,"column":26}}],"line":13}},"s":{"0":0,"1":0,"2":0,"3":0,"4":0,"5":0,"6":0,"7":0},"f":{"0":0,"1":0,"2":0},"b":{"0":[0,0],"1":[0,0],"2":[0,0]}}
,"C:\\Users\\Pichau\\projetos\\js_projects\\mds2\\outra-copia\\LicitaBSB-24.1\\frontend\\src\\mocks\\licitacoes.js": {"path":"C:\\Users\\Pichau\\projetos\\js_projects\\mds2\\outra-copia\\LicitaBSB-24.1\\frontend\\src\\mocks\\licitacoes.js","statementMap":{"0":{"start":{"line":1,"column":19},"end":{"line":37,"column":1}}},"fnMap":{},"branchMap":{},"s":{"0":0},"f":{},"b":{}}
,"C:\\Users\\Pichau\\projetos\\js_projects\\mds2\\outra-copia\\LicitaBSB-24.1\\frontend\\src\\mocks\\members.js": {"path":"C:\\Users\\Pichau\\projetos\\js_projects\\mds2\\outra-copia\\LicitaBSB-24.1\\frontend\\src\\mocks\\members.js","statementMap":{"0":{"start":{"line":1,"column":16},"end":{"line":51,"column":1}}},"fnMap":{},"branchMap":{},"s":{"0":0},"f":{},"b":{}}
,"C:\\Users\\Pichau\\projetos\\js_projects\\mds2\\outra-copia\\LicitaBSB-24.1\\frontend\\src\\mocks\\sobreLicitacoes.js": {"path":"C:\\Users\\Pichau\\projetos\\js_projects\\mds2\\outra-copia\\LicitaBSB-24.1\\frontend\\src\\mocks\\sobreLicitacoes.js","statementMap":{"0":{"start":{"line":2,"column":24},"end":{"line":14,"column":1}}},"fnMap":{},"branchMap":{},"s":{"0":0},"f":{},"b":{}}
,"C:\\Users\\Pichau\\projetos\\js_projects\\mds2\\outra-copia\\LicitaBSB-24.1\\frontend\\src\\pages\\about-bidding\\index.jsx": {"path":"C:\\Users\\Pichau\\projetos\\js_projects\\mds2\\outra-copia\\LicitaBSB-24.1\\frontend\\src\\pages\\about-bidding\\index.jsx","statementMap":{"0":{"start":{"line":9,"column":2},"end":{"line":72,"column":4}}},"fnMap":{"0":{"name":"AboutBidding","decl":{"start":{"line":6,"column":24},"end":{"line":6,"column":36}},"loc":{"start":{"line":6,"column":39},"end":{"line":73,"column":1}},"line":6}},"branchMap":{},"s":{"0":3},"f":{"0":3},"b":{},"_coverageSchema":"1a1c01bbd47fc00a2c39e90264f33305004495a9","hash":"cd28a0ecb4a65b7bc651fefbe3579c23894254df"}
,"C:\\Users\\Pichau\\projetos\\js_projects\\mds2\\outra-copia\\LicitaBSB-24.1\\frontend\\src\\pages\\about-bidding-dispatch\\index.jsx": {"path":"C:\\Users\\Pichau\\projetos\\js_projects\\mds2\\outra-copia\\LicitaBSB-24.1\\frontend\\src\\pages\\about-bidding-dispatch\\index.jsx","statementMap":{"0":{"start":{"line":8,"column":2},"end":{"line":128,"column":4}}},"fnMap":{"0":{"name":"AboutBiddingDispatch","decl":{"start":{"line":5,"column":24},"end":{"line":5,"column":44}},"loc":{"start":{"line":5,"column":47},"end":{"line":129,"column":1}},"line":5}},"branchMap":{},"s":{"0":3},"f":{"0":3},"b":{},"_coverageSchema":"1a1c01bbd47fc00a2c39e90264f33305004495a9","hash":"87d052a9530e71963aa4be6a9848e6e10916f884"}
,"C:\\Users\\Pichau\\projetos\\js_projects\\mds2\\outra-copia\\LicitaBSB-24.1\\frontend\\src\\pages\\about-bot\\index.jsx": {"path":"C:\\Users\\Pichau\\projetos\\js_projects\\mds2\\outra-copia\\LicitaBSB-24.1\\frontend\\src\\pages\\about-bot\\index.jsx","statementMap":{"0":{"start":{"line":8,"column":2},"end":{"line":117,"column":4}}},"fnMap":{"0":{"name":"AboutBot","decl":{"start":{"line":5,"column":24},"end":{"line":5,"column":32}},"loc":{"start":{"line":5,"column":35},"end":{"line":118,"column":1}},"line":5}},"branchMap":{},"s":{"0":3},"f":{"0":3},"b":{},"_coverageSchema":"1a1c01bbd47fc00a2c39e90264f33305004495a9","hash":"d8938813e7fcbbf3e4857b37fd6508da2f6c1265"}
,"C:\\Users\\Pichau\\projetos\\js_projects\\mds2\\outra-copia\\LicitaBSB-24.1\\frontend\\src\\pages\\about-us\\index.jsx": {"path":"C:\\Users\\Pichau\\projetos\\js_projects\\mds2\\outra-copia\\LicitaBSB-24.1\\frontend\\src\\pages\\about-us\\index.jsx","statementMap":{"0":{"start":{"line":7,"column":2},"end":{"line":40,"column":4}},"1":{"start":{"line":30,"column":10},"end":{"line":36,"column":12}}},"fnMap":{"0":{"name":"AboutUs","decl":{"start":{"line":6,"column":24},"end":{"line":6,"column":31}},"loc":{"start":{"line":6,"column":34},"end":{"line":41,"column":1}},"line":6},"1":{"name":"(anonymous_1)","decl":{"start":{"line":29,"column":21},"end":{"line":29,"column":22}},"loc":{"start":{"line":30,"column":10},"end":{"line":36,"column":12}},"line":30}},"branchMap":{},"s":{"0":0,"1":0},"f":{"0":0,"1":0},"b":{}}
,"C:\\Users\\Pichau\\projetos\\js_projects\\mds2\\outra-copia\\LicitaBSB-24.1\\frontend\\src\\pages\\about-us\\card-member\\index.jsx": {"path":"C:\\Users\\Pichau\\projetos\\js_projects\\mds2\\outra-copia\\LicitaBSB-24.1\\frontend\\src\\pages\\about-us\\card-member\\index.jsx","statementMap":{"0":{"start":{"line":18,"column":22},"end":{"line":18,"column":37}},"1":{"start":{"line":20,"column":20},"end":{"line":20,"column":32}},"2":{"start":{"line":21,"column":2},"end":{"line":50,"column":4}}},"fnMap":{"0":{"name":"CardMember","decl":{"start":{"line":6,"column":24},"end":{"line":6,"column":34}},"loc":{"start":{"line":6,"column":68},"end":{"line":51,"column":1}},"line":6}},"branchMap":{"0":{"loc":{"start":{"line":31,"column":10},"end":{"line":33,"column":59}},"type":"cond-expr","locations":[{"start":{"line":32,"column":14},"end":{"line":32,"column":57}},{"start":{"line":33,"column":14},"end":{"line":33,"column":59}}],"line":31}},"s":{"0":5,"1":5,"2":5},"f":{"0":5},"b":{"0":[4,1]},"_coverageSchema":"1a1c01bbd47fc00a2c39e90264f33305004495a9","hash":"90bb5ba1fe60548ba13c8fd92761a9c77adb1213"}
,"C:\\Users\\Pichau\\projetos\\js_projects\\mds2\\outra-copia\\LicitaBSB-24.1\\frontend\\src\\pages\\bidding-list\\index.jsx": {"path":"C:\\Users\\Pichau\\projetos\\js_projects\\mds2\\outra-copia\\LicitaBSB-24.1\\frontend\\src\\pages\\bidding-list\\index.jsx","statementMap":{"0":{"start":{"line":11,"column":19},"end":{"line":11,"column":32}},"1":{"start":{"line":12,"column":25},"end":{"line":12,"column":42}},"2":{"start":{"line":14,"column":21},"end":{"line":14,"column":77}},"3":{"start":{"line":15,"column":22},"end":{"line":17,"column":8}},"4":{"start":{"line":18,"column":22},"end":{"line":20,"column":8}},"5":{"start":{"line":22,"column":42},"end":{"line":28,"column":4}},"6":{"start":{"line":30,"column":48},"end":{"line":30,"column":60}},"7":{"start":{"line":31,"column":40},"end":{"line":31,"column":51}},"8":{"start":{"line":34,"column":17},"end":{"line":34,"column":44}},"9":{"start":{"line":35,"column":4},"end":{"line":35,"column":31}},"10":{"start":{"line":36,"column":4},"end":{"line":36,"column":37}},"11":{"start":{"line":39,"column":27},"end":{"line":42,"column":3}},"12":{"start":{"line":40,"column":4},"end":{"line":40,"column":70}},"13":{"start":{"line":40,"column":37},"end":{"line":40,"column":67}},"14":{"start":{"line":41,"column":4},"end":{"line":41,"column":27}},"15":{"start":{"line":44,"column":27},"end":{"line":49,"column":3}},"16":{"start":{"line":45,"column":4},"end":{"line":48,"column":17}},"17":{"start":{"line":46,"column":23},"end":{"line":46,"column":34}},"18":{"start":{"line":47,"column":20},"end":{"line":47,"column":43}},"19":{"start":{"line":52,"column":24},"end":{"line":52,"column":71}},"20":{"start":{"line":53,"column":4},"end":{"line":53,"column":26}},"21":{"start":{"line":54,"column":4},"end":{"line":54,"column":16}},"22":{"start":{"line":57,"column":2},"end":{"line":59,"column":9}},"23":{"start":{"line":58,"column":4},"end":{"line":58,"column":27}},"24":{"start":{"line":61,"column":2},"end":{"line":87,"column":4}},"25":{"start":{"line":78,"column":12},"end":{"line":78,"column":76}}},"fnMap":{"0":{"name":"BiddingList","decl":{"start":{"line":10,"column":24},"end":{"line":10,"column":35}},"loc":{"start":{"line":10,"column":38},"end":{"line":88,"column":1}},"line":10},"1":{"name":"loadData","decl":{"start":{"line":33,"column":17},"end":{"line":33,"column":25}},"loc":{"start":{"line":33,"column":34},"end":{"line":37,"column":3}},"line":33},"2":{"name":"(anonymous_2)","decl":{"start":{"line":39,"column":27},"end":{"line":39,"column":28}},"loc":{"start":{"line":39,"column":41},"end":{"line":42,"column":3}},"line":39},"3":{"name":"(anonymous_3)","decl":{"start":{"line":40,"column":20},"end":{"line":40,"column":21}},"loc":{"start":{"line":40,"column":37},"end":{"line":40,"column":67}},"line":40},"4":{"name":"(anonymous_4)","decl":{"start":{"line":44,"column":27},"end":{"line":44,"column":28}},"loc":{"start":{"line":44,"column":39},"end":{"line":49,"column":3}},"line":44},"5":{"name":"(anonymous_5)","decl":{"start":{"line":46,"column":14},"end":{"line":46,"column":15}},"loc":{"start":{"line":46,"column":23},"end":{"line":46,"column":34}},"line":46},"6":{"name":"(anonymous_6)","decl":{"start":{"line":47,"column":11},"end":{"line":47,"column":12}},"loc":{"start":{"line":47,"column":20},"end":{"line":47,"column":43}},"line":47},"7":{"name":"handleSearch","decl":{"start":{"line":51,"column":11},"end":{"line":51,"column":23}},"loc":{"start":{"line":51,"column":26},"end":{"line":55,"column":3}},"line":51},"8":{"name":"(anonymous_8)","decl":{"start":{"line":57,"column":12},"end":{"line":57,"column":13}},"loc":{"start":{"line":57,"column":18},"end":{"line":59,"column":3}},"line":57},"9":{"name":"(anonymous_9)","decl":{"start":{"line":77,"column":31},"end":{"line":77,"column":32}},"loc":{"start":{"line":77,"column":46},"end":{"line":79,"column":11}},"line":77}},"branchMap":{"0":{"loc":{"start":{"line":14,"column":21},"end":{"line":14,"column":77}},"type":"cond-expr","locations":[{"start":{"line":14,"column":48},"end":{"line":14,"column":72}},{"start":{"line":14,"column":75},"end":{"line":14,"column":77}}],"line":14},"1":{"loc":{"start":{"line":15,"column":22},"end":{"line":17,"column":8}},"type":"cond-expr","locations":[{"start":{"line":16,"column":6},"end":{"line":16,"column":32}},{"start":{"line":17,"column":6},"end":{"line":17,"column":8}}],"line":15},"2":{"loc":{"start":{"line":18,"column":22},"end":{"line":20,"column":8}},"type":"cond-expr","locations":[{"start":{"line":19,"column":6},"end":{"line":19,"column":31}},{"start":{"line":20,"column":6},"end":{"line":20,"column":8}}],"line":18}},"s":{"0":0,"1":0,"2":0,"3":0,"4":0,"5":0,"6":0,"7":0,"8":0,"9":0,"10":0,"11":0,"12":0,"13":0,"14":0,"15":0,"16":0,"17":0,"18":0,"19":0,"20":0,"21":0,"22":0,"23":0,"24":0,"25":0},"f":{"0":0,"1":0,"2":0,"3":0,"4":0,"5":0,"6":0,"7":0,"8":0,"9":0},"b":{"0":[0,0],"1":[0,0],"2":[0,0]}}
,"C:\\Users\\Pichau\\projetos\\js_projects\\mds2\\outra-copia\\LicitaBSB-24.1\\frontend\\src\\pages\\bidding-list\\filter\\index.jsx": {"path":"C:\\Users\\Pichau\\projetos\\js_projects\\mds2\\outra-copia\\LicitaBSB-24.1\\frontend\\src\\pages\\bidding-list\\filter\\index.jsx","statementMap":{"0":{"start":{"line":20,"column":19},"end":{"line":20,"column":32}},"1":{"start":{"line":22,"column":27},"end":{"line":34,"column":3}},"2":{"start":{"line":24,"column":6},"end":{"line":26,"column":7}},"3":{"start":{"line":25,"column":8},"end":{"line":25,"column":28}},"4":{"start":{"line":27,"column":6},"end":{"line":27,"column":20}},"5":{"start":{"line":30,"column":4},"end":{"line":33,"column":7}},"6":{"start":{"line":36,"column":16},"end":{"line":45,"column":3}},"7":{"start":{"line":47,"column":38},"end":{"line":47,"column":49}},"8":{"start":{"line":48,"column":38},"end":{"line":48,"column":50}},"9":{"start":{"line":49,"column":40},"end":{"line":49,"column":52}},"10":{"start":{"line":51,"column":22},"end":{"line":53,"column":3}},"11":{"start":{"line":52,"column":4},"end":{"line":52,"column":34}},"12":{"start":{"line":55,"column":28},"end":{"line":61,"column":3}},"13":{"start":{"line":56,"column":19},"end":{"line":59,"column":6}},"14":{"start":{"line":60,"column":4},"end":{"line":60,"column":35}},"15":{"start":{"line":63,"column":21},"end":{"line":69,"column":3}},"16":{"start":{"line":64,"column":19},"end":{"line":67,"column":6}},"17":{"start":{"line":68,"column":4},"end":{"line":68,"column":59}},"18":{"start":{"line":68,"column":29},"end":{"line":68,"column":57}},"19":{"start":{"line":71,"column":2},"end":{"line":73,"column":19}},"20":{"start":{"line":72,"column":4},"end":{"line":72,"column":17}},"21":{"start":{"line":75,"column":30},"end":{"line":78,"column":3}},"22":{"start":{"line":76,"column":4},"end":{"line":76,"column":28}},"23":{"start":{"line":77,"column":4},"end":{"line":77,"column":16}},"24":{"start":{"line":80,"column":2},"end":{"line":246,"column":4}},"25":{"start":{"line":93,"column":12},"end":{"line":107,"column":17}},"26":{"start":{"line":99,"column":18},"end":{"line":102,"column":21}},"27":{"start":{"line":118,"column":14},"end":{"line":118,"column":44}},"28":{"start":{"line":119,"column":14},"end":{"line":119,"column":34}},"29":{"start":{"line":128,"column":12},"end":{"line":138,"column":17}}},"fnMap":{"0":{"name":"Filter","decl":{"start":{"line":13,"column":24},"end":{"line":13,"column":30}},"loc":{"start":{"line":19,"column":3},"end":{"line":247,"column":1}},"line":19},"1":{"name":"(anonymous_1)","decl":{"start":{"line":22,"column":27},"end":{"line":22,"column":28}},"loc":{"start":{"line":22,"column":38},"end":{"line":34,"column":3}},"line":22},"2":{"name":"formatNumber","decl":{"start":{"line":23,"column":13},"end":{"line":23,"column":25}},"loc":{"start":{"line":23,"column":34},"end":{"line":28,"column":5}},"line":23},"3":{"name":"(anonymous_3)","decl":{"start":{"line":51,"column":22},"end":{"line":51,"column":23}},"loc":{"start":{"line":51,"column":28},"end":{"line":53,"column":3}},"line":51},"4":{"name":"(anonymous_4)","decl":{"start":{"line":55,"column":28},"end":{"line":55,"column":29}},"loc":{"start":{"line":55,"column":40},"end":{"line":61,"column":3}},"line":55},"5":{"name":"(anonymous_5)","decl":{"start":{"line":63,"column":21},"end":{"line":63,"column":22}},"loc":{"start":{"line":63,"column":33},"end":{"line":69,"column":3}},"line":63},"6":{"name":"(anonymous_6)","decl":{"start":{"line":68,"column":19},"end":{"line":68,"column":20}},"loc":{"start":{"line":68,"column":29},"end":{"line":68,"column":57}},"line":68},"7":{"name":"(anonymous_7)","decl":{"start":{"line":71,"column":12},"end":{"line":71,"column":13}},"loc":{"start":{"line":71,"column":18},"end":{"line":73,"column":3}},"line":71},"8":{"name":"(anonymous_8)","decl":{"start":{"line":75,"column":30},"end":{"line":75,"column":31}},"loc":{"start":{"line":75,"column":42},"end":{"line":78,"column":3}},"line":75},"9":{"name":"(anonymous_9)","decl":{"start":{"line":92,"column":28},"end":{"line":92,"column":29}},"loc":{"start":{"line":93,"column":12},"end":{"line":107,"column":17}},"line":93},"10":{"name":"(anonymous_10)","decl":{"start":{"line":98,"column":25},"end":{"line":98,"column":26}},"loc":{"start":{"line":98,"column":31},"end":{"line":103,"column":17}},"line":98},"11":{"name":"(anonymous_11)","decl":{"start":{"line":117,"column":22},"end":{"line":117,"column":23}},"loc":{"start":{"line":117,"column":29},"end":{"line":120,"column":13}},"line":117},"12":{"name":"(anonymous_12)","decl":{"start":{"line":127,"column":27},"end":{"line":127,"column":28}},"loc":{"start":{"line":128,"column":12},"end":{"line":138,"column":17}},"line":128},"13":{"name":"(anonymous_13)","decl":{"start":{"line":135,"column":25},"end":{"line":135,"column":26}},"loc":{"start":{"line":135,"column":31},"end":{"line":135,"column":33}},"line":135}},"branchMap":{"0":{"loc":{"start":{"line":17,"column":2},"end":{"line":17,"column":17}},"type":"default-arg","locations":[{"start":{"line":17,"column":16},"end":{"line":17,"column":17}}],"line":17},"1":{"loc":{"start":{"line":24,"column":6},"end":{"line":26,"column":7}},"type":"if","locations":[{"start":{"line":24,"column":6},"end":{"line":26,"column":7}},{"start":{},"end":{}}],"line":24},"2":{"loc":{"start":{"line":84,"column":9},"end":{"line":84,"column":76}},"type":"binary-expr","locations":[{"start":{"line":84,"column":9},"end":{"line":84,"column":20}},{"start":{"line":84,"column":24},"end":{"line":84,"column":76}}],"line":84}},"s":{"0":14,"1":14,"2":0,"3":0,"4":0,"5":0,"6":14,"7":14,"8":14,"9":14,"10":14,"11":0,"12":14,"13":11,"14":0,"15":14,"16":3,"17":0,"18":0,"19":14,"20":3,"21":14,"22":0,"23":0,"24":14,"25":28,"26":0,"27":11,"28":11,"29":0},"f":{"0":14,"1":0,"2":0,"3":0,"4":11,"5":3,"6":0,"7":3,"8":0,"9":28,"10":0,"11":11,"12":0,"13":0},"b":{"0":[0],"1":[0,0],"2":[14,14]},"_coverageSchema":"1a1c01bbd47fc00a2c39e90264f33305004495a9","hash":"adaf1ebd279c8748c9d88a7fefea03b199ceeda3"}
,"C:\\Users\\Pichau\\projetos\\js_projects\\mds2\\outra-copia\\LicitaBSB-24.1\\frontend\\src\\pages\\bidding-page\\index.jsx": {"path":"C:\\Users\\Pichau\\projetos\\js_projects\\mds2\\outra-copia\\LicitaBSB-24.1\\frontend\\src\\pages\\bidding-page\\index.jsx","statementMap":{"0":{"start":{"line":18,"column":21},"end":{"line":18,"column":32}},"1":{"start":{"line":19,"column":36},"end":{"line":19,"column":48}},"2":{"start":{"line":20,"column":46},"end":{"line":20,"column":58}},"3":{"start":{"line":22,"column":19},"end":{"line":27,"column":3}},"4":{"start":{"line":23,"column":17},"end":{"line":23,"column":54}},"5":{"start":{"line":24,"column":4},"end":{"line":24,"column":23}},"6":{"start":{"line":25,"column":22},"end":{"line":25,"column":43}},"7":{"start":{"line":26,"column":4},"end":{"line":26,"column":53}},"8":{"start":{"line":29,"column":2},"end":{"line":31,"column":9}},"9":{"start":{"line":30,"column":4},"end":{"line":30,"column":15}},"10":{"start":{"line":33,"column":2},"end":{"line":99,"column":4}},"11":{"start":{"line":91,"column":12},"end":{"line":91,"column":64}}},"fnMap":{"0":{"name":"BiddingPage","decl":{"start":{"line":17,"column":24},"end":{"line":17,"column":35}},"loc":{"start":{"line":17,"column":38},"end":{"line":100,"column":1}},"line":17},"1":{"name":"(anonymous_1)","decl":{"start":{"line":22,"column":19},"end":{"line":22,"column":20}},"loc":{"start":{"line":22,"column":31},"end":{"line":27,"column":3}},"line":22},"2":{"name":"(anonymous_2)","decl":{"start":{"line":29,"column":12},"end":{"line":29,"column":13}},"loc":{"start":{"line":29,"column":18},"end":{"line":31,"column":3}},"line":29},"3":{"name":"(anonymous_3)","decl":{"start":{"line":90,"column":30},"end":{"line":90,"column":31}},"loc":{"start":{"line":90,"column":40},"end":{"line":92,"column":11}},"line":90}},"branchMap":{"0":{"loc":{"start":{"line":60,"column":11},"end":{"line":65,"column":11}},"type":"binary-expr","locations":[{"start":{"line":60,"column":11},"end":{"line":60,"column":28}},{"start":{"line":61,"column":12},"end":{"line":64,"column":18}}],"line":60},"1":{"loc":{"start":{"line":74,"column":11},"end":{"line":81,"column":11}},"type":"binary-expr","locations":[{"start":{"line":74,"column":11},"end":{"line":74,"column":25}},{"start":{"line":75,"column":12},"end":{"line":80,"column":16}}],"line":74}},"s":{"0":5,"1":5,"2":5,"3":5,"4":5,"5":0,"6":0,"7":0,"8":5,"9":5,"10":5,"11":0},"f":{"0":5,"1":5,"2":5,"3":0},"b":{"0":[5,0],"1":[5,0]},"_coverageSchema":"1a1c01bbd47fc00a2c39e90264f33305004495a9","hash":"c91b3ab5de2d73b6e0a9e93965e153fd19a57817"}
,"C:\\Users\\Pichau\\projetos\\js_projects\\mds2\\outra-copia\\LicitaBSB-24.1\\frontend\\src\\pages\\dashboard\\index.jsx": {"path":"C:\\Users\\Pichau\\projetos\\js_projects\\mds2\\outra-copia\\LicitaBSB-24.1\\frontend\\src\\pages\\dashboard\\index.jsx","statementMap":{"0":{"start":{"line":15,"column":0},"end":{"line":23,"column":2}},"1":{"start":{"line":26,"column":50},"end":{"line":26,"column":62}},"2":{"start":{"line":27,"column":44},"end":{"line":27,"column":56}},"3":{"start":{"line":28,"column":50},"end":{"line":28,"column":62}},"4":{"start":{"line":29,"column":44},"end":{"line":29,"column":56}},"5":{"start":{"line":30,"column":46},"end":{"line":30,"column":62}},"6":{"start":{"line":31,"column":58},"end":{"line":31,"column":69}},"7":{"start":{"line":32,"column":48},"end":{"line":32,"column":59}},"8":{"start":{"line":34,"column":2},"end":{"line":106,"column":9}},"9":{"start":{"line":35,"column":22},"end":{"line":103,"column":5}},"10":{"start":{"line":36,"column":6},"end":{"line":102,"column":7}},"11":{"start":{"line":37,"column":113},"end":{"line":42,"column":10}},"12":{"start":{"line":44,"column":8},"end":{"line":46,"column":9}},"13":{"start":{"line":45,"column":10},"end":{"line":45,"column":48}},"14":{"start":{"line":48,"column":36},"end":{"line":48,"column":72}},"15":{"start":{"line":49,"column":33},"end":{"line":49,"column":66}},"16":{"start":{"line":50,"column":37},"end":{"line":50,"column":74}},"17":{"start":{"line":51,"column":34},"end":{"line":51,"column":68}},"18":{"start":{"line":53,"column":40},"end":{"line":53,"column":42}},"19":{"start":{"line":54,"column":38},"end":{"line":54,"column":40}},"20":{"start":{"line":55,"column":41},"end":{"line":55,"column":43}},"21":{"start":{"line":56,"column":39},"end":{"line":56,"column":41}},"22":{"start":{"line":58,"column":8},"end":{"line":63,"column":11}},"23":{"start":{"line":59,"column":37},"end":{"line":59,"column":65}},"24":{"start":{"line":60,"column":10},"end":{"line":62,"column":11}},"25":{"start":{"line":61,"column":12},"end":{"line":61,"column":100}},"26":{"start":{"line":65,"column":8},"end":{"line":70,"column":11}},"27":{"start":{"line":66,"column":32},"end":{"line":66,"column":55}},"28":{"start":{"line":67,"column":10},"end":{"line":69,"column":11}},"29":{"start":{"line":68,"column":12},"end":{"line":68,"column":55}},"30":{"start":{"line":72,"column":8},"end":{"line":78,"column":11}},"31":{"start":{"line":73,"column":22},"end":{"line":73,"column":37}},"32":{"start":{"line":74,"column":37},"end":{"line":74,"column":65}},"33":{"start":{"line":75,"column":10},"end":{"line":77,"column":11}},"34":{"start":{"line":76,"column":12},"end":{"line":76,"column":102}},"35":{"start":{"line":80,"column":8},"end":{"line":86,"column":11}},"36":{"start":{"line":81,"column":22},"end":{"line":81,"column":37}},"37":{"start":{"line":82,"column":32},"end":{"line":82,"column":55}},"38":{"start":{"line":83,"column":10},"end":{"line":85,"column":11}},"39":{"start":{"line":84,"column":12},"end":{"line":84,"column":56}},"40":{"start":{"line":88,"column":8},"end":{"line":88,"column":53}},"41":{"start":{"line":89,"column":8},"end":{"line":89,"column":48}},"42":{"start":{"line":90,"column":8},"end":{"line":90,"column":54}},"43":{"start":{"line":91,"column":8},"end":{"line":91,"column":49}},"44":{"start":{"line":94,"column":37},"end":{"line":94,"column":112}},"45":{"start":{"line":94,"column":98},"end":{"line":94,"column":108}},"46":{"start":{"line":95,"column":32},"end":{"line":95,"column":105}},"47":{"start":{"line":95,"column":91},"end":{"line":95,"column":101}},"48":{"start":{"line":97,"column":8},"end":{"line":97,"column":54}},"49":{"start":{"line":98,"column":8},"end":{"line":98,"column":44}},"50":{"start":{"line":101,"column":8},"end":{"line":101,"column":58}},"51":{"start":{"line":105,"column":4},"end":{"line":105,"column":16}},"52":{"start":{"line":108,"column":24},"end":{"line":114,"column":3}},"53":{"start":{"line":109,"column":4},"end":{"line":113,"column":5}},"54":{"start":{"line":110,"column":6},"end":{"line":110,"column":16}},"55":{"start":{"line":112,"column":6},"end":{"line":112,"column":16}},"56":{"start":{"line":116,"column":24},"end":{"line":122,"column":3}},"57":{"start":{"line":117,"column":4},"end":{"line":121,"column":5}},"58":{"start":{"line":118,"column":6},"end":{"line":118,"column":16}},"59":{"start":{"line":120,"column":6},"end":{"line":120,"column":16}},"60":{"start":{"line":125,"column":15},"end":{"line":125,"column":41}},"61":{"start":{"line":126,"column":24},"end":{"line":126,"column":52}},"62":{"start":{"line":127,"column":28},"end":{"line":127,"column":71}},"63":{"start":{"line":127,"column":44},"end":{"line":127,"column":70}},"64":{"start":{"line":129,"column":16},"end":{"line":129,"column":141}},"65":{"start":{"line":133,"column":2},"end":{"line":143,"column":3}},"66":{"start":{"line":134,"column":4},"end":{"line":136,"column":6}},"67":{"start":{"line":135,"column":6},"end":{"line":135,"column":88}},"68":{"start":{"line":135,"column":32},"end":{"line":135,"column":84}},"69":{"start":{"line":137,"column":4},"end":{"line":139,"column":6}},"70":{"start":{"line":138,"column":6},"end":{"line":138,"column":85}},"71":{"start":{"line":138,"column":32},"end":{"line":138,"column":81}},"72":{"start":{"line":141,"column":4},"end":{"line":141,"column":106}},"73":{"start":{"line":141,"column":49},"end":{"line":141,"column":104}},"74":{"start":{"line":142,"column":4},"end":{"line":142,"column":110}},"75":{"start":{"line":142,"column":56},"end":{"line":142,"column":108}},"76":{"start":{"line":145,"column":32},"end":{"line":145,"column":87}},"77":{"start":{"line":145,"column":73},"end":{"line":145,"column":83}},"78":{"start":{"line":146,"column":29},"end":{"line":146,"column":91}},"79":{"start":{"line":146,"column":77},"end":{"line":146,"column":87}},"80":{"start":{"line":148,"column":25},"end":{"line":175,"column":3}},"81":{"start":{"line":177,"column":26},"end":{"line":197,"column":3}},"82":{"start":{"line":199,"column":25},"end":{"line":224,"column":3}},"83":{"start":{"line":226,"column":23},"end":{"line":252,"column":3}},"84":{"start":{"line":247,"column":12},"end":{"line":247,"column":62}},"85":{"start":{"line":254,"column":23},"end":{"line":294,"column":3}},"86":{"start":{"line":296,"column":24},"end":{"line":336,"column":3}},"87":{"start":{"line":339,"column":2},"end":{"line":372,"column":4}},"88":{"start":{"line":353,"column":25},"end":{"line":353,"column":58}},"89":{"start":{"line":358,"column":12},"end":{"line":360,"column":21}}},"fnMap":{"0":{"name":"Dashboard","decl":{"start":{"line":25,"column":24},"end":{"line":25,"column":33}},"loc":{"start":{"line":25,"column":36},"end":{"line":373,"column":1}},"line":25},"1":{"name":"(anonymous_1)","decl":{"start":{"line":34,"column":12},"end":{"line":34,"column":13}},"loc":{"start":{"line":34,"column":18},"end":{"line":106,"column":3}},"line":34},"2":{"name":"(anonymous_2)","decl":{"start":{"line":35,"column":22},"end":{"line":35,"column":23}},"loc":{"start":{"line":35,"column":34},"end":{"line":103,"column":5}},"line":35},"3":{"name":"(anonymous_3)","decl":{"start":{"line":58,"column":36},"end":{"line":58,"column":37}},"loc":{"start":{"line":58,"column":67},"end":{"line":63,"column":9}},"line":58},"4":{"name":"(anonymous_4)","decl":{"start":{"line":65,"column":33},"end":{"line":65,"column":34}},"loc":{"start":{"line":65,"column":59},"end":{"line":70,"column":9}},"line":65},"5":{"name":"(anonymous_5)","decl":{"start":{"line":72,"column":37},"end":{"line":72,"column":38}},"loc":{"start":{"line":72,"column":73},"end":{"line":78,"column":9}},"line":72},"6":{"name":"(anonymous_6)","decl":{"start":{"line":80,"column":34},"end":{"line":80,"column":35}},"loc":{"start":{"line":80,"column":65},"end":{"line":86,"column":9}},"line":80},"7":{"name":"(anonymous_7)","decl":{"start":{"line":94,"column":83},"end":{"line":94,"column":84}},"loc":{"start":{"line":94,"column":98},"end":{"line":94,"column":108}},"line":94},"8":{"name":"(anonymous_8)","decl":{"start":{"line":95,"column":76},"end":{"line":95,"column":77}},"loc":{"start":{"line":95,"column":91},"end":{"line":95,"column":101}},"line":95},"9":{"name":"(anonymous_9)","decl":{"start":{"line":108,"column":24},"end":{"line":108,"column":25}},"loc":{"start":{"line":108,"column":30},"end":{"line":114,"column":3}},"line":108},"10":{"name":"(anonymous_10)","decl":{"start":{"line":116,"column":24},"end":{"line":116,"column":25}},"loc":{"start":{"line":116,"column":30},"end":{"line":122,"column":3}},"line":116},"11":{"name":"(anonymous_11)","decl":{"start":{"line":127,"column":37},"end":{"line":127,"column":38}},"loc":{"start":{"line":127,"column":44},"end":{"line":127,"column":70}},"line":127},"12":{"name":"(anonymous_12)","decl":{"start":{"line":134,"column":35},"end":{"line":134,"column":36}},"loc":{"start":{"line":135,"column":6},"end":{"line":135,"column":88}},"line":135},"13":{"name":"(anonymous_13)","decl":{"start":{"line":135,"column":18},"end":{"line":135,"column":19}},"loc":{"start":{"line":135,"column":32},"end":{"line":135,"column":84}},"line":135},"14":{"name":"(anonymous_14)","decl":{"start":{"line":137,"column":42},"end":{"line":137,"column":43}},"loc":{"start":{"line":138,"column":6},"end":{"line":138,"column":85}},"line":138},"15":{"name":"(anonymous_15)","decl":{"start":{"line":138,"column":18},"end":{"line":138,"column":19}},"loc":{"start":{"line":138,"column":32},"end":{"line":138,"column":81}},"line":138},"16":{"name":"(anonymous_16)","decl":{"start":{"line":141,"column":35},"end":{"line":141,"column":36}},"loc":{"start":{"line":141,"column":49},"end":{"line":141,"column":104}},"line":141},"17":{"name":"(anonymous_17)","decl":{"start":{"line":142,"column":42},"end":{"line":142,"column":43}},"loc":{"start":{"line":142,"column":56},"end":{"line":142,"column":108}},"line":142},"18":{"name":"(anonymous_18)","decl":{"start":{"line":145,"column":58},"end":{"line":145,"column":59}},"loc":{"start":{"line":145,"column":73},"end":{"line":145,"column":83}},"line":145},"19":{"name":"(anonymous_19)","decl":{"start":{"line":146,"column":62},"end":{"line":146,"column":63}},"loc":{"start":{"line":146,"column":77},"end":{"line":146,"column":87}},"line":146},"20":{"name":"(anonymous_20)","decl":{"start":{"line":246,"column":17},"end":{"line":246,"column":18}},"loc":{"start":{"line":246,"column":39},"end":{"line":248,"column":11}},"line":246},"21":{"name":"(anonymous_21)","decl":{"start":{"line":353,"column":20},"end":{"line":353,"column":21}},"loc":{"start":{"line":353,"column":25},"end":{"line":353,"column":58}},"line":353},"22":{"name":"(anonymous_22)","decl":{"start":{"line":357,"column":20},"end":{"line":357,"column":21}},"loc":{"start":{"line":358,"column":12},"end":{"line":360,"column":21}},"line":358}},"branchMap":{"0":{"loc":{"start":{"line":44,"column":8},"end":{"line":46,"column":9}},"type":"if","locations":[{"start":{"line":44,"column":8},"end":{"line":46,"column":9}},{"start":{},"end":{}}],"line":44},"1":{"loc":{"start":{"line":44,"column":12},"end":{"line":44,"column":128}},"type":"binary-expr","locations":[{"start":{"line":44,"column":12},"end":{"line":44,"column":39}},{"start":{"line":44,"column":43},"end":{"line":44,"column":67}},{"start":{"line":44,"column":71},"end":{"line":44,"column":99}},{"start":{"line":44,"column":103},"end":{"line":44,"column":128}}],"line":44},"2":{"loc":{"start":{"line":60,"column":10},"end":{"line":62,"column":11}},"type":"if","locations":[{"start":{"line":60,"column":10},"end":{"line":62,"column":11}},{"start":{},"end":{}}],"line":60},"3":{"loc":{"start":{"line":61,"column":44},"end":{"line":61,"column":77}},"type":"binary-expr","locations":[{"start":{"line":61,"column":44},"end":{"line":61,"column":72}},{"start":{"line":61,"column":76},"end":{"line":61,"column":77}}],"line":61},"4":{"loc":{"start":{"line":67,"column":10},"end":{"line":69,"column":11}},"type":"if","locations":[{"start":{"line":67,"column":10},"end":{"line":69,"column":11}},{"start":{},"end":{}}],"line":67},"5":{"loc":{"start":{"line":75,"column":10},"end":{"line":77,"column":11}},"type":"if","locations":[{"start":{"line":75,"column":10},"end":{"line":77,"column":11}},{"start":{},"end":{}}],"line":75},"6":{"loc":{"start":{"line":76,"column":45},"end":{"line":76,"column":79}},"type":"binary-expr","locations":[{"start":{"line":76,"column":45},"end":{"line":76,"column":74}},{"start":{"line":76,"column":78},"end":{"line":76,"column":79}}],"line":76},"7":{"loc":{"start":{"line":83,"column":10},"end":{"line":85,"column":11}},"type":"if","locations":[{"start":{"line":83,"column":10},"end":{"line":85,"column":11}},{"start":{},"end":{}}],"line":83},"8":{"loc":{"start":{"line":109,"column":4},"end":{"line":113,"column":5}},"type":"if","locations":[{"start":{"line":109,"column":4},"end":{"line":113,"column":5}},{"start":{"line":111,"column":11},"end":{"line":113,"column":5}}],"line":109},"9":{"loc":{"start":{"line":117,"column":4},"end":{"line":121,"column":5}},"type":"if","locations":[{"start":{"line":117,"column":4},"end":{"line":121,"column":5}},{"start":{"line":119,"column":11},"end":{"line":121,"column":5}}],"line":117},"10":{"loc":{"start":{"line":127,"column":44},"end":{"line":127,"column":70}},"type":"binary-expr","locations":[{"start":{"line":127,"column":44},"end":{"line":127,"column":65}},{"start":{"line":127,"column":69},"end":{"line":127,"column":70}}],"line":127},"11":{"loc":{"start":{"line":133,"column":2},"end":{"line":143,"column":3}},"type":"if","locations":[{"start":{"line":133,"column":2},"end":{"line":143,"column":3}},{"start":{"line":140,"column":9},"end":{"line":143,"column":3}}],"line":133},"12":{"loc":{"start":{"line":135,"column":39},"end":{"line":135,"column":83}},"type":"binary-expr","locations":[{"start":{"line":135,"column":39},"end":{"line":135,"column":78}},{"start":{"line":135,"column":82},"end":{"line":135,"column":83}}],"line":135},"13":{"loc":{"start":{"line":138,"column":39},"end":{"line":138,"column":80}},"type":"binary-expr","locations":[{"start":{"line":138,"column":39},"end":{"line":138,"column":75}},{"start":{"line":138,"column":79},"end":{"line":138,"column":80}}],"line":138},"14":{"loc":{"start":{"line":141,"column":49},"end":{"line":141,"column":104}},"type":"binary-expr","locations":[{"start":{"line":141,"column":49},"end":{"line":141,"column":99}},{"start":{"line":141,"column":103},"end":{"line":141,"column":104}}],"line":141},"15":{"loc":{"start":{"line":142,"column":56},"end":{"line":142,"column":108}},"type":"binary-expr","locations":[{"start":{"line":142,"column":56},"end":{"line":142,"column":103}},{"start":{"line":142,"column":107},"end":{"line":142,"column":108}}],"line":142},"16":{"loc":{"start":{"line":300,"column":38},"end":{"line":300,"column":108}},"type":"cond-expr","locations":[{"start":{"line":300,"column":67},"end":{"line":300,"column":82}},{"start":{"line":300,"column":85},"end":{"line":300,"column":108}}],"line":300},"17":{"loc":{"start":{"line":364,"column":39},"end":{"line":364,"column":124}},"type":"cond-expr","locations":[{"start":{"line":364,"column":68},"end":{"line":364,"column":89}},{"start":{"line":364,"column":92},"end":{"line":364,"column":124}}],"line":364},"18":{"loc":{"start":{"line":365,"column":34},"end":{"line":365,"column":274}},"type":"cond-expr","locations":[{"start":{"line":365,"column":63},"end":{"line":365,"column":161}},{"start":{"line":365,"column":164},"end":{"line":365,"column":274}}],"line":365}},"s":{"0":0,"1":0,"2":0,"3":0,"4":0,"5":0,"6":0,"7":0,"8":0,"9":0,"10":0,"11":0,"12":0,"13":0,"14":0,"15":0,"16":0,"17":0,"18":0,"19":0,"20":0,"21":0,"22":0,"23":0,"24":0,"25":0,"26":0,"27":0,"28":0,"29":0,"30":0,"31":0,"32":0,"33":0,"34":0,"35":0,"36":0,"37":0,"38":0,"39":0,"40":0,"41":0,"42":0,"43":0,"44":0,"45":0,"46":0,"47":0,"48":0,"49":0,"50":0,"51":0,"52":0,"53":0,"54":0,"55":0,"56":0,"57":0,"58":0,"59":0,"60":0,"61":0,"62":0,"63":0,"64":0,"65":0,"66":0,"67":0,"68":0,"69":0,"70":0,"71":0,"72":0,"73":0,"74":0,"75":0,"76":0,"77":0,"78":0,"79":0,"80":0,"81":0,"82":0,"83":0,"84":0,"85":0,"86":0,"87":0,"88":0,"89":0},"f":{"0":0,"1":0,"2":0,"3":0,"4":0,"5":0,"6":0,"7":0,"8":0,"9":0,"10":0,"11":0,"12":0,"13":0,"14":0,"15":0,"16":0,"17":0,"18":0,"19":0,"20":0,"21":0,"22":0},"b":{"0":[0,0],"1":[0,0,0,0],"2":[0,0],"3":[0,0],"4":[0,0],"5":[0,0],"6":[0,0],"7":[0,0],"8":[0,0],"9":[0,0],"10":[0,0],"11":[0,0],"12":[0,0],"13":[0,0],"14":[0,0],"15":[0,0],"16":[0,0],"17":[0,0],"18":[0,0]}}
,"C:\\Users\\Pichau\\projetos\\js_projects\\mds2\\outra-copia\\LicitaBSB-24.1\\frontend\\src\\pages\\error\\index.jsx": {"path":"C:\\Users\\Pichau\\projetos\\js_projects\\mds2\\outra-copia\\LicitaBSB-24.1\\frontend\\src\\pages\\error\\index.jsx","statementMap":{"0":{"start":{"line":1,"column":21},"end":{"line":7,"column":1}},"1":{"start":{"line":2,"column":2},"end":{"line":6,"column":4}}},"fnMap":{"0":{"name":"(anonymous_0)","decl":{"start":{"line":1,"column":21},"end":{"line":1,"column":22}},"loc":{"start":{"line":1,"column":27},"end":{"line":7,"column":1}},"line":1}},"branchMap":{},"s":{"0":0,"1":0},"f":{"0":0},"b":{}}
,"C:\\Users\\Pichau\\projetos\\js_projects\\mds2\\outra-copia\\LicitaBSB-24.1\\frontend\\src\\pages\\landing\\index.jsx": {"path":"C:\\Users\\Pichau\\projetos\\js_projects\\mds2\\outra-copia\\LicitaBSB-24.1\\frontend\\src\\pages\\landing\\index.jsx","statementMap":{"0":{"start":{"line":6,"column":2},"end":{"line":15,"column":4}}},"fnMap":{"0":{"name":"Landing","decl":{"start":{"line":5,"column":24},"end":{"line":5,"column":31}},"loc":{"start":{"line":5,"column":34},"end":{"line":16,"column":1}},"line":5}},"branchMap":{},"s":{"0":0},"f":{"0":0},"b":{}}
,"C:\\Users\\Pichau\\projetos\\js_projects\\mds2\\outra-copia\\LicitaBSB-24.1\\frontend\\src\\pages\\landing\\ultimas-licitacoes\\index.jsx": {"path":"C:\\Users\\Pichau\\projetos\\js_projects\\mds2\\outra-copia\\LicitaBSB-24.1\\frontend\\src\\pages\\landing\\ultimas-licitacoes\\index.jsx","statementMap":{"0":{"start":{"line":10,"column":48},"end":{"line":10,"column":60}},"1":{"start":{"line":12,"column":19},"end":{"line":15,"column":3}},"2":{"start":{"line":13,"column":17},"end":{"line":13,"column":38}},"3":{"start":{"line":14,"column":4},"end":{"line":14,"column":49}},"4":{"start":{"line":17,"column":2},"end":{"line":19,"column":9}},"5":{"start":{"line":18,"column":4},"end":{"line":18,"column":15}},"6":{"start":{"line":21,"column":2},"end":{"line":45,"column":4}},"7":{"start":{"line":36,"column":12},"end":{"line":40,"column":14}}},"fnMap":{"0":{"name":"UltimasLicitacoes","decl":{"start":{"line":9,"column":24},"end":{"line":9,"column":41}},"loc":{"start":{"line":9,"column":44},"end":{"line":46,"column":1}},"line":9},"1":{"name":"(anonymous_1)","decl":{"start":{"line":12,"column":19},"end":{"line":12,"column":20}},"loc":{"start":{"line":12,"column":31},"end":{"line":15,"column":3}},"line":12},"2":{"name":"(anonymous_2)","decl":{"start":{"line":17,"column":12},"end":{"line":17,"column":13}},"loc":{"start":{"line":17,"column":18},"end":{"line":19,"column":3}},"line":17},"3":{"name":"(anonymous_3)","decl":{"start":{"line":35,"column":31},"end":{"line":35,"column":32}},"loc":{"start":{"line":35,"column":41},"end":{"line":41,"column":11}},"line":35}},"branchMap":{},"s":{"0":4,"1":4,"2":4,"3":0,"4":4,"5":4,"6":4,"7":0},"f":{"0":4,"1":4,"2":4,"3":0},"b":{},"_coverageSchema":"1a1c01bbd47fc00a2c39e90264f33305004495a9","hash":"f91cd846c9de4906640f1c33ae826ff27217d5aa"}
,"C:\\Users\\Pichau\\projetos\\js_projects\\mds2\\outra-copia\\LicitaBSB-24.1\\frontend\\src\\services\\licitacoes.service.js": {"path":"C:\\Users\\Pichau\\projetos\\js_projects\\mds2\\outra-copia\\LicitaBSB-24.1\\frontend\\src\\services\\licitacoes.service.js","statementMap":{"0":{"start":{"line":4,"column":2},"end":{"line":14,"column":3}},"1":{"start":{"line":5,"column":21},"end":{"line":9,"column":6}},"2":{"start":{"line":10,"column":4},"end":{"line":10,"column":16}},"3":{"start":{"line":12,"column":4},"end":{"line":12,"column":23}},"4":{"start":{"line":13,"column":4},"end":{"line":13,"column":14}},"5":{"start":{"line":18,"column":2},"end":{"line":25,"column":3}},"6":{"start":{"line":19,"column":21},"end":{"line":19,"column":55}},"7":{"start":{"line":20,"column":4},"end":{"line":20,"column":16}},"8":{"start":{"line":23,"column":4},"end":{"line":23,"column":23}},"9":{"start":{"line":24,"column":4},"end":{"line":24,"column":14}}},"fnMap":{"0":{"name":"getLicitacoes","decl":{"start":{"line":3,"column":22},"end":{"line":3,"column":35}},"loc":{"start":{"line":3,"column":45},"end":{"line":15,"column":1}},"line":3},"1":{"name":"getLicitacaoById","decl":{"start":{"line":17,"column":22},"end":{"line":17,"column":38}},"loc":{"start":{"line":17,"column":43},"end":{"line":26,"column":1}},"line":17}},"branchMap":{},"s":{"0":6,"1":6,"2":1,"3":1,"4":1,"5":7,"6":7,"7":1,"8":1,"9":1},"f":{"0":6,"1":7},"b":{},"_coverageSchema":"1a1c01bbd47fc00a2c39e90264f33305004495a9","hash":"8281f850133b15d1a3e06c668fd21e5a87bfd6bd"}
,"C:\\Users\\Pichau\\projetos\\js_projects\\mds2\\outra-copia\\LicitaBSB-24.1\\frontend\\src\\services\\orgaos.service.js": {"path":"C:\\Users\\Pichau\\projetos\\js_projects\\mds2\\outra-copia\\LicitaBSB-24.1\\frontend\\src\\services\\orgaos.service.js","statementMap":{"0":{"start":{"line":3,"column":25},"end":{"line":15,"column":1}},"1":{"start":{"line":4,"column":2},"end":{"line":14,"column":3}},"2":{"start":{"line":5,"column":21},"end":{"line":9,"column":6}},"3":{"start":{"line":10,"column":4},"end":{"line":10,"column":16}},"4":{"start":{"line":12,"column":4},"end":{"line":12,"column":23}},"5":{"start":{"line":13,"column":4},"end":{"line":13,"column":14}}},"fnMap":{"0":{"name":"(anonymous_0)","decl":{"start":{"line":3,"column":25},"end":{"line":3,"column":26}},"loc":{"start":{"line":3,"column":44},"end":{"line":15,"column":1}},"line":3}},"branchMap":{},"s":{"0":2,"1":16,"2":16,"3":1,"4":1,"5":1},"f":{"0":16},"b":{},"_coverageSchema":"1a1c01bbd47fc00a2c39e90264f33305004495a9","hash":"68d5f26ed191f7957f444bcaded9c12930d9cc6c"}
,"C:\\Users\\Pichau\\projetos\\js_projects\\mds2\\outra-copia\\LicitaBSB-24.1\\frontend\\src\\utils\\bidding-types.js": {"path":"C:\\Users\\Pichau\\projetos\\js_projects\\mds2\\outra-copia\\LicitaBSB-24.1\\frontend\\src\\utils\\bidding-types.js","statementMap":{"0":{"start":{"line":1,"column":28},"end":{"line":1,"column":48}}},"fnMap":{},"branchMap":{},"s":{"0":2},"f":{},"b":{},"_coverageSchema":"1a1c01bbd47fc00a2c39e90264f33305004495a9","hash":"c2aa6abbdd265181b8d2a1a717f69b49839428c5"}
,"C:\\Users\\Pichau\\projetos\\js_projects\\mds2\\outra-copia\\LicitaBSB-24.1\\frontend\\src\\utils\\format-bidding-object.js": {"path":"C:\\Users\\Pichau\\projetos\\js_projects\\mds2\\outra-copia\\LicitaBSB-24.1\\frontend\\src\\utils\\format-bidding-object.js","statementMap":{"0":{"start":{"line":2,"column":16},"end":{"line":15,"column":3}},"1":{"start":{"line":17,"column":2},"end":{"line":17,"column":15}}},"fnMap":{"0":{"name":"formatBiddingObject","decl":{"start":{"line":1,"column":16},"end":{"line":1,"column":35}},"loc":{"start":{"line":1,"column":47},"end":{"line":18,"column":1}},"line":1}},"branchMap":{},"s":{"0":0,"1":0},"f":{"0":0},"b":{}}
,"C:\\Users\\Pichau\\projetos\\js_projects\\mds2\\outra-copia\\LicitaBSB-24.1\\frontend\\src\\utils\\format-currency.js": {"path":"C:\\Users\\Pichau\\projetos\\js_projects\\mds2\\outra-copia\\LicitaBSB-24.1\\frontend\\src\\utils\\format-currency.js","statementMap":{"0":{"start":{"line":4,"column":2},"end":{"line":8,"column":3}},"1":{"start":{"line":5,"column":4},"end":{"line":5,"column":41}},"2":{"start":{"line":7,"column":4},"end":{"line":7,"column":38}},"3":{"start":{"line":10,"column":2},"end":{"line":15,"column":12}}},"fnMap":{"0":{"name":"formatCurrency","decl":{"start":{"line":1,"column":24},"end":{"line":1,"column":38}},"loc":{"start":{"line":1,"column":46},"end":{"line":16,"column":1}},"line":1}},"branchMap":{"0":{"loc":{"start":{"line":4,"column":2},"end":{"line":8,"column":3}},"type":"if","locations":[{"start":{"line":4,"column":2},"end":{"line":8,"column":3}},{"start":{"line":6,"column":9},"end":{"line":8,"column":3}}],"line":4}},"s":{"0":7,"1":0,"2":7,"3":7},"f":{"0":7},"b":{"0":[0,7]},"_coverageSchema":"1a1c01bbd47fc00a2c39e90264f33305004495a9","hash":"08b24da544eac34d38f501ae33621dc156798daa"}
,"C:\\Users\\Pichau\\projetos\\js_projects\\mds2\\outra-copia\\LicitaBSB-24.1\\frontend\\src\\utils\\status-bidding.js": {"path":"C:\\Users\\Pichau\\projetos\\js_projects\\mds2\\outra-copia\\LicitaBSB-24.1\\frontend\\src\\utils\\status-bidding.js","statementMap":{"0":{"start":{"line":2,"column":4},"end":{"line":4,"column":27}},"1":{"start":{"line":3,"column":8},"end":{"line":3,"column":27}},"2":{"start":{"line":4,"column":11},"end":{"line":4,"column":27}}},"fnMap":{"0":{"name":"setStatusBidding","decl":{"start":{"line":1,"column":16},"end":{"line":1,"column":32}},"loc":{"start":{"line":1,"column":42},"end":{"line":5,"column":1}},"line":1}},"branchMap":{"0":{"loc":{"start":{"line":2,"column":4},"end":{"line":4,"column":27}},"type":"if","locations":[{"start":{"line":2,"column":4},"end":{"line":4,"column":27}},{"start":{"line":4,"column":11},"end":{"line":4,"column":27}}],"line":2}},"s":{"0":9,"1":1,"2":8},"f":{"0":9},"b":{"0":[1,8]},"_coverageSchema":"1a1c01bbd47fc00a2c39e90264f33305004495a9","hash":"6e71f86b43f02c03d98c8700d524fe1917e080b8"}
}
