{"C:\\Users\\Pichau\\Desktop\\Projetos\\mds\\LicitaBSB-24.1\\frontend\\src\\article-root.jsx": {"path":"C:\\Users\\Pichau\\Desktop\\Projetos\\mds\\LicitaBSB-24.1\\frontend\\src\\article-root.jsx","statementMap":{"0":{"start":{"line":5,"column":2},"end":{"line":10,"column":3}}},"fnMap":{"0":{"name":"ArticleRoot","decl":{"start":{"line":4,"column":24},"end":{"line":4,"column":35}},"loc":{"start":{"line":4,"column":38},"end":{"line":11,"column":1}},"line":4}},"branchMap":{},"s":{"0":0},"f":{"0":0},"b":{}}
,"C:\\Users\\Pichau\\Desktop\\Projetos\\mds\\LicitaBSB-24.1\\frontend\\src\\main.jsx": {"path":"C:\\Users\\Pichau\\Desktop\\Projetos\\mds\\LicitaBSB-24.1\\frontend\\src\\main.jsx","statementMap":{"0":{"start":{"line":26,"column":15},"end":{"line":83,"column":2}},"1":{"start":{"line":85,"column":0},"end":{"line":89,"column":2}}},"fnMap":{},"branchMap":{},"s":{"0":0,"1":0},"f":{},"b":{}}
,"C:\\Users\\Pichau\\Desktop\\Projetos\\mds\\LicitaBSB-24.1\\frontend\\src\\root.jsx": {"path":"C:\\Users\\Pichau\\Desktop\\Projetos\\mds\\LicitaBSB-24.1\\frontend\\src\\root.jsx","statementMap":{"0":{"start":{"line":7,"column":2},"end":{"line":13,"column":3}}},"fnMap":{"0":{"name":"Root","decl":{"start":{"line":6,"column":24},"end":{"line":6,"column":28}},"loc":{"start":{"line":6,"column":31},"end":{"line":14,"column":1}},"line":6}},"branchMap":{},"s":{"0":0},"f":{"0":0},"b":{}}
,"C:\\Users\\Pichau\\Desktop\\Projetos\\mds\\LicitaBSB-24.1\\frontend\\src\\components\\campo-pesquisa\\index.jsx": {"path":"C:\\Users\\Pichau\\Desktop\\Projetos\\mds\\LicitaBSB-24.1\\frontend\\src\\components\\campo-pesquisa\\index.jsx","statementMap":{"0":{"start":{"line":11,"column":2},"end":{"line":30,"column":4}},"1":{"start":{"line":21,"column":12},"end":{"line":24,"column":14}}},"fnMap":{"0":{"name":"CampoPesquisa","decl":{"start":{"line":6,"column":24},"end":{"line":6,"column":37}},"loc":{"start":{"line":10,"column":3},"end":{"line":31,"column":1}},"line":10},"1":{"name":"(anonymous_1)","decl":{"start":{"line":20,"column":20},"end":{"line":20,"column":21}},"loc":{"start":{"line":21,"column":12},"end":{"line":24,"column":14}},"line":21}},"branchMap":{},"s":{"0":3,"1":41},"f":{"0":3,"1":41},"b":{},"_coverageSchema":"1a1c01bbd47fc00a2c39e90264f33305004495a9","hash":"d44e98bd47b0eb391d359c518908aa5b87aa61e3"}
,"C:\\Users\\Pichau\\Desktop\\Projetos\\mds\\LicitaBSB-24.1\\frontend\\src\\components\\card-licitacoes\\index.jsx": {"path":"C:\\Users\\Pichau\\Desktop\\Projetos\\mds\\LicitaBSB-24.1\\frontend\\src\\components\\card-licitacoes\\index.jsx","statementMap":{"0":{"start":{"line":9,"column":19},"end":{"line":9,"column":32}},"1":{"start":{"line":10,"column":25},"end":{"line":13,"column":3}},"2":{"start":{"line":11,"column":4},"end":{"line":11,"column":39}},"3":{"start":{"line":12,"column":4},"end":{"line":12,"column":16}},"4":{"start":{"line":15,"column":2},"end":{"line":56,"column":4}}},"fnMap":{"0":{"name":"CardLicitacoes","decl":{"start":{"line":8,"column":24},"end":{"line":8,"column":38}},"loc":{"start":{"line":8,"column":49},"end":{"line":57,"column":1}},"line":8},"1":{"name":"(anonymous_1)","decl":{"start":{"line":10,"column":25},"end":{"line":10,"column":26}},"loc":{"start":{"line":10,"column":31},"end":{"line":13,"column":3}},"line":10}},"branchMap":{"0":{"loc":{"start":{"line":27,"column":25},"end":{"line":27,"column":75}},"type":"cond-expr","locations":[{"start":{"line":27,"column":49},"end":{"line":27,"column":70}},{"start":{"line":27,"column":73},"end":{"line":27,"column":75}}],"line":27},"1":{"loc":{"start":{"line":33,"column":11},"end":{"line":37,"column":11}},"type":"binary-expr","locations":[{"start":{"line":33,"column":11},"end":{"line":33,"column":23}},{"start":{"line":34,"column":12},"end":{"line":36,"column":16}}],"line":33}},"s":{"0":27,"1":27,"2":1,"3":1,"4":27},"f":{"0":27,"1":1},"b":{"0":[26,1],"1":[27,7]},"_coverageSchema":"1a1c01bbd47fc00a2c39e90264f33305004495a9","hash":"c0ab9e3f346c02a27e162eacf731988881285440"}
,"C:\\Users\\Pichau\\Desktop\\Projetos\\mds\\LicitaBSB-24.1\\frontend\\src\\components\\carrosel\\index.jsx": {"path":"C:\\Users\\Pichau\\Desktop\\Projetos\\mds\\LicitaBSB-24.1\\frontend\\src\\components\\carrosel\\index.jsx","statementMap":{},"fnMap":{},"branchMap":{},"s":{},"f":{},"b":{}}
,"C:\\Users\\Pichau\\Desktop\\Projetos\\mds\\LicitaBSB-24.1\\frontend\\src\\components\\footer\\index.jsx": {"path":"C:\\Users\\Pichau\\Desktop\\Projetos\\mds\\LicitaBSB-24.1\\frontend\\src\\components\\footer\\index.jsx","statementMap":{"0":{"start":{"line":8,"column":15},"end":{"line":66,"column":1}},"1":{"start":{"line":9,"column":2},"end":{"line":65,"column":4}},"2":{"start":{"line":19,"column":51},"end":{"line":19,"column":82}},"3":{"start":{"line":19,"column":76},"end":{"line":19,"column":81}},"4":{"start":{"line":24,"column":48},"end":{"line":24,"column":79}},"5":{"start":{"line":24,"column":73},"end":{"line":24,"column":78}},"6":{"start":{"line":29,"column":49},"end":{"line":29,"column":80}},"7":{"start":{"line":29,"column":74},"end":{"line":29,"column":79}},"8":{"start":{"line":34,"column":50},"end":{"line":34,"column":81}},"9":{"start":{"line":34,"column":75},"end":{"line":34,"column":80}}},"fnMap":{"0":{"name":"(anonymous_0)","decl":{"start":{"line":8,"column":15},"end":{"line":8,"column":16}},"loc":{"start":{"line":8,"column":21},"end":{"line":66,"column":1}},"line":8},"1":{"name":"(anonymous_1)","decl":{"start":{"line":19,"column":45},"end":{"line":19,"column":46}},"loc":{"start":{"line":19,"column":51},"end":{"line":19,"column":82}},"line":19},"2":{"name":"(anonymous_2)","decl":{"start":{"line":19,"column":66},"end":{"line":19,"column":67}},"loc":{"start":{"line":19,"column":76},"end":{"line":19,"column":81}},"line":19},"3":{"name":"(anonymous_3)","decl":{"start":{"line":24,"column":42},"end":{"line":24,"column":43}},"loc":{"start":{"line":24,"column":48},"end":{"line":24,"column":79}},"line":24},"4":{"name":"(anonymous_4)","decl":{"start":{"line":24,"column":63},"end":{"line":24,"column":64}},"loc":{"start":{"line":24,"column":73},"end":{"line":24,"column":78}},"line":24},"5":{"name":"(anonymous_5)","decl":{"start":{"line":29,"column":43},"end":{"line":29,"column":44}},"loc":{"start":{"line":29,"column":49},"end":{"line":29,"column":80}},"line":29},"6":{"name":"(anonymous_6)","decl":{"start":{"line":29,"column":64},"end":{"line":29,"column":65}},"loc":{"start":{"line":29,"column":74},"end":{"line":29,"column":79}},"line":29},"7":{"name":"(anonymous_7)","decl":{"start":{"line":34,"column":44},"end":{"line":34,"column":45}},"loc":{"start":{"line":34,"column":50},"end":{"line":34,"column":81}},"line":34},"8":{"name":"(anonymous_8)","decl":{"start":{"line":34,"column":65},"end":{"line":34,"column":66}},"loc":{"start":{"line":34,"column":75},"end":{"line":34,"column":80}},"line":34}},"branchMap":{},"s":{"0":1,"1":7,"2":0,"3":0,"4":0,"5":0,"6":0,"7":0,"8":0,"9":0},"f":{"0":7,"1":0,"2":0,"3":0,"4":0,"5":0,"6":0,"7":0,"8":0},"b":{},"_coverageSchema":"1a1c01bbd47fc00a2c39e90264f33305004495a9","hash":"01438e8b55ad40e93c747bc1c28941c5d97e097e"}
,"C:\\Users\\Pichau\\Desktop\\Projetos\\mds\\LicitaBSB-24.1\\frontend\\src\\components\\header\\index.jsx": {"path":"C:\\Users\\Pichau\\Desktop\\Projetos\\mds\\LicitaBSB-24.1\\frontend\\src\\components\\header\\index.jsx","statementMap":{"0":{"start":{"line":10,"column":15},"end":{"line":118,"column":1}},"1":{"start":{"line":11,"column":19},"end":{"line":11,"column":32}},"2":{"start":{"line":12,"column":28},"end":{"line":12,"column":40}},"3":{"start":{"line":13,"column":40},"end":{"line":13,"column":55}},"4":{"start":{"line":16,"column":4},"end":{"line":16,"column":29}},"5":{"start":{"line":20,"column":23},"end":{"line":24,"column":26}},"6":{"start":{"line":25,"column":4},"end":{"line":25,"column":46}},"7":{"start":{"line":28,"column":2},"end":{"line":117,"column":4}},"8":{"start":{"line":73,"column":31},"end":{"line":73,"column":62}},"9":{"start":{"line":73,"column":56},"end":{"line":73,"column":61}},"10":{"start":{"line":79,"column":31},"end":{"line":79,"column":48}},"11":{"start":{"line":84,"column":33},"end":{"line":84,"column":49}}},"fnMap":{"0":{"name":"(anonymous_0)","decl":{"start":{"line":10,"column":15},"end":{"line":10,"column":16}},"loc":{"start":{"line":10,"column":21},"end":{"line":118,"column":1}},"line":10},"1":{"name":"handdleChange","decl":{"start":{"line":15,"column":11},"end":{"line":15,"column":24}},"loc":{"start":{"line":15,"column":28},"end":{"line":17,"column":3}},"line":15},"2":{"name":"buscarLicitacao","decl":{"start":{"line":19,"column":11},"end":{"line":19,"column":26}},"loc":{"start":{"line":19,"column":29},"end":{"line":26,"column":3}},"line":19},"3":{"name":"(anonymous_3)","decl":{"start":{"line":73,"column":25},"end":{"line":73,"column":26}},"loc":{"start":{"line":73,"column":31},"end":{"line":73,"column":62}},"line":73},"4":{"name":"(anonymous_4)","decl":{"start":{"line":73,"column":46},"end":{"line":73,"column":47}},"loc":{"start":{"line":73,"column":56},"end":{"line":73,"column":61}},"line":73},"5":{"name":"(anonymous_5)","decl":{"start":{"line":79,"column":25},"end":{"line":79,"column":26}},"loc":{"start":{"line":79,"column":31},"end":{"line":79,"column":48}},"line":79},"6":{"name":"(anonymous_6)","decl":{"start":{"line":84,"column":26},"end":{"line":84,"column":27}},"loc":{"start":{"line":84,"column":33},"end":{"line":84,"column":49}},"line":84}},"branchMap":{},"s":{"0":1,"1":19,"2":19,"3":19,"4":9,"5":0,"6":0,"7":19,"8":0,"9":0,"10":0,"11":9},"f":{"0":19,"1":9,"2":0,"3":0,"4":0,"5":0,"6":9},"b":{},"_coverageSchema":"1a1c01bbd47fc00a2c39e90264f33305004495a9","hash":"1026224e5ca750392761666448b4f799cf591816"}
,"C:\\Users\\Pichau\\Desktop\\Projetos\\mds\\LicitaBSB-24.1\\frontend\\src\\components\\layout\\custom-button\\index.jsx": {"path":"C:\\Users\\Pichau\\Desktop\\Projetos\\mds\\LicitaBSB-24.1\\frontend\\src\\components\\layout\\custom-button\\index.jsx","statementMap":{"0":{"start":{"line":5,"column":2},"end":{"line":12,"column":4}}},"fnMap":{"0":{"name":"CustomButton","decl":{"start":{"line":4,"column":24},"end":{"line":4,"column":36}},"loc":{"start":{"line":4,"column":72},"end":{"line":13,"column":1}},"line":4}},"branchMap":{"0":{"loc":{"start":{"line":4,"column":55},"end":{"line":4,"column":68}},"type":"default-arg","locations":[{"start":{"line":4,"column":63},"end":{"line":4,"column":68}}],"line":4},"1":{"loc":{"start":{"line":7,"column":43},"end":{"line":7,"column":80}},"type":"cond-expr","locations":[{"start":{"line":7,"column":51},"end":{"line":7,"column":75}},{"start":{"line":7,"column":78},"end":{"line":7,"column":80}}],"line":7}},"s":{"0":31},"f":{"0":31},"b":{"0":[17],"1":[14,17]},"_coverageSchema":"1a1c01bbd47fc00a2c39e90264f33305004495a9","hash":"491486844212fcd12bab5084c2c9c45b44a4d6c5"}
,"C:\\Users\\Pichau\\Desktop\\Projetos\\mds\\LicitaBSB-24.1\\frontend\\src\\components\\layout\\custom-input-checkbox\\index.jsx": {"path":"C:\\Users\\Pichau\\Desktop\\Projetos\\mds\\LicitaBSB-24.1\\frontend\\src\\components\\layout\\custom-input-checkbox\\index.jsx","statementMap":{"0":{"start":{"line":11,"column":2},"end":{"line":23,"column":4}}},"fnMap":{"0":{"name":"CustomInputCheckbox","decl":{"start":{"line":4,"column":24},"end":{"line":4,"column":43}},"loc":{"start":{"line":10,"column":3},"end":{"line":24,"column":1}},"line":10}},"branchMap":{},"s":{"0":0},"f":{"0":0},"b":{},"_coverageSchema":"1a1c01bbd47fc00a2c39e90264f33305004495a9","hash":"2b98d28d192438e58dad78d667cc4f2ad1433af4"}
,"C:\\Users\\Pichau\\Desktop\\Projetos\\mds\\LicitaBSB-24.1\\frontend\\src\\components\\layout\\custom-input-radio\\index.jsx": {"path":"C:\\Users\\Pichau\\Desktop\\Projetos\\mds\\LicitaBSB-24.1\\frontend\\src\\components\\layout\\custom-input-radio\\index.jsx","statementMap":{"0":{"start":{"line":5,"column":2},"end":{"line":11,"column":4}}},"fnMap":{"0":{"name":"CustomInputRadio","decl":{"start":{"line":4,"column":24},"end":{"line":4,"column":40}},"loc":{"start":{"line":4,"column":80},"end":{"line":12,"column":1}},"line":4}},"branchMap":{},"s":{"0":28},"f":{"0":28},"b":{},"_coverageSchema":"1a1c01bbd47fc00a2c39e90264f33305004495a9","hash":"5a2ec902977e71a302eb0fff304177a22c11f589"}
,"C:\\Users\\Pichau\\Desktop\\Projetos\\mds\\LicitaBSB-24.1\\frontend\\src\\components\\newsletter\\Test.js": {"path":"C:\\Users\\Pichau\\Desktop\\Projetos\\mds\\LicitaBSB-24.1\\frontend\\src\\components\\newsletter\\Test.js","statementMap":{"0":{"start":{"line":3,"column":13},"end":{"line":10,"column":1}},"1":{"start":{"line":5,"column":4},"end":{"line":5,"column":51}},"2":{"start":{"line":7,"column":2},"end":{"line":9,"column":3}}},"fnMap":{"0":{"name":"(anonymous_0)","decl":{"start":{"line":3,"column":13},"end":{"line":3,"column":14}},"loc":{"start":{"line":3,"column":19},"end":{"line":10,"column":1}},"line":3}},"branchMap":{},"s":{"0":0,"1":0,"2":0},"f":{"0":0},"b":{}}
,"C:\\Users\\Pichau\\Desktop\\Projetos\\mds\\LicitaBSB-24.1\\frontend\\src\\components\\newsletter\\index.jsx": {"path":"C:\\Users\\Pichau\\Desktop\\Projetos\\mds\\LicitaBSB-24.1\\frontend\\src\\components\\newsletter\\index.jsx","statementMap":{"0":{"start":{"line":6,"column":22},"end":{"line":68,"column":1}},"1":{"start":{"line":7,"column":28},"end":{"line":7,"column":40}},"2":{"start":{"line":8,"column":32},"end":{"line":8,"column":44}},"3":{"start":{"line":10,"column":23},"end":{"line":36,"column":3}},"4":{"start":{"line":11,"column":4},"end":{"line":11,"column":23}},"5":{"start":{"line":13,"column":20},"end":{"line":16,"column":5}},"6":{"start":{"line":18,"column":4},"end":{"line":35,"column":5}},"7":{"start":{"line":19,"column":23},"end":{"line":27,"column":7}},"8":{"start":{"line":28,"column":6},"end":{"line":28,"column":53}},"9":{"start":{"line":30,"column":6},"end":{"line":30,"column":52}},"10":{"start":{"line":31,"column":6},"end":{"line":34,"column":8}},"11":{"start":{"line":38,"column":2},"end":{"line":67,"column":4}},"12":{"start":{"line":57,"column":29},"end":{"line":57,"column":53}}},"fnMap":{"0":{"name":"(anonymous_0)","decl":{"start":{"line":6,"column":22},"end":{"line":6,"column":23}},"loc":{"start":{"line":6,"column":28},"end":{"line":68,"column":1}},"line":6},"1":{"name":"(anonymous_1)","decl":{"start":{"line":10,"column":23},"end":{"line":10,"column":24}},"loc":{"start":{"line":10,"column":36},"end":{"line":36,"column":3}},"line":10},"2":{"name":"(anonymous_2)","decl":{"start":{"line":57,"column":22},"end":{"line":57,"column":23}},"loc":{"start":{"line":57,"column":29},"end":{"line":57,"column":53}},"line":57}},"branchMap":{"0":{"loc":{"start":{"line":33,"column":8},"end":{"line":33,"column":60}},"type":"cond-expr","locations":[{"start":{"line":33,"column":25},"end":{"line":33,"column":44}},{"start":{"line":33,"column":47},"end":{"line":33,"column":60}}],"line":33},"1":{"loc":{"start":{"line":65,"column":7},"end":{"line":65,"column":34}},"type":"binary-expr","locations":[{"start":{"line":65,"column":7},"end":{"line":65,"column":14}},{"start":{"line":65,"column":18},"end":{"line":65,"column":34}}],"line":65}},"s":{"0":0,"1":0,"2":0,"3":0,"4":0,"5":0,"6":0,"7":0,"8":0,"9":0,"10":0,"11":0,"12":0},"f":{"0":0,"1":0,"2":0},"b":{"0":[0,0],"1":[0,0]}}
,"C:\\Users\\Pichau\\Desktop\\Projetos\\mds\\LicitaBSB-24.1\\frontend\\src\\components\\sidebar-responsive\\index.jsx": {"path":"C:\\Users\\Pichau\\Desktop\\Projetos\\mds\\LicitaBSB-24.1\\frontend\\src\\components\\sidebar-responsive\\index.jsx","statementMap":{"0":{"start":{"line":6,"column":2},"end":{"line":35,"column":3}},"1":{"start":{"line":8,"column":62},"end":{"line":8,"column":93}},"2":{"start":{"line":8,"column":87},"end":{"line":8,"column":92}},"3":{"start":{"line":13,"column":49},"end":{"line":13,"column":80}},"4":{"start":{"line":13,"column":74},"end":{"line":13,"column":79}},"5":{"start":{"line":18,"column":46},"end":{"line":18,"column":77}},"6":{"start":{"line":18,"column":71},"end":{"line":18,"column":76}},"7":{"start":{"line":23,"column":47},"end":{"line":23,"column":78}},"8":{"start":{"line":23,"column":72},"end":{"line":23,"column":77}},"9":{"start":{"line":28,"column":47},"end":{"line":28,"column":78}},"10":{"start":{"line":28,"column":72},"end":{"line":28,"column":77}}},"fnMap":{"0":{"name":"SidebarResponsive","decl":{"start":{"line":5,"column":24},"end":{"line":5,"column":41}},"loc":{"start":{"line":5,"column":73},"end":{"line":36,"column":1}},"line":5},"1":{"name":"(anonymous_1)","decl":{"start":{"line":8,"column":56},"end":{"line":8,"column":57}},"loc":{"start":{"line":8,"column":62},"end":{"line":8,"column":93}},"line":8},"2":{"name":"(anonymous_2)","decl":{"start":{"line":8,"column":77},"end":{"line":8,"column":78}},"loc":{"start":{"line":8,"column":87},"end":{"line":8,"column":92}},"line":8},"3":{"name":"(anonymous_3)","decl":{"start":{"line":13,"column":43},"end":{"line":13,"column":44}},"loc":{"start":{"line":13,"column":49},"end":{"line":13,"column":80}},"line":13},"4":{"name":"(anonymous_4)","decl":{"start":{"line":13,"column":64},"end":{"line":13,"column":65}},"loc":{"start":{"line":13,"column":74},"end":{"line":13,"column":79}},"line":13},"5":{"name":"(anonymous_5)","decl":{"start":{"line":18,"column":40},"end":{"line":18,"column":41}},"loc":{"start":{"line":18,"column":46},"end":{"line":18,"column":77}},"line":18},"6":{"name":"(anonymous_6)","decl":{"start":{"line":18,"column":61},"end":{"line":18,"column":62}},"loc":{"start":{"line":18,"column":71},"end":{"line":18,"column":76}},"line":18},"7":{"name":"(anonymous_7)","decl":{"start":{"line":23,"column":41},"end":{"line":23,"column":42}},"loc":{"start":{"line":23,"column":47},"end":{"line":23,"column":78}},"line":23},"8":{"name":"(anonymous_8)","decl":{"start":{"line":23,"column":62},"end":{"line":23,"column":63}},"loc":{"start":{"line":23,"column":72},"end":{"line":23,"column":77}},"line":23},"9":{"name":"(anonymous_9)","decl":{"start":{"line":28,"column":41},"end":{"line":28,"column":42}},"loc":{"start":{"line":28,"column":47},"end":{"line":28,"column":78}},"line":28},"10":{"name":"(anonymous_10)","decl":{"start":{"line":28,"column":62},"end":{"line":28,"column":63}},"loc":{"start":{"line":28,"column":72},"end":{"line":28,"column":77}},"line":28}},"branchMap":{"0":{"loc":{"start":{"line":7,"column":30},"end":{"line":7,"column":59}},"type":"cond-expr","locations":[{"start":{"line":7,"column":44},"end":{"line":7,"column":50}},{"start":{"line":7,"column":53},"end":{"line":7,"column":59}}],"line":7}},"s":{"0":19,"1":0,"2":0,"3":0,"4":0,"5":0,"6":0,"7":0,"8":0,"9":0,"10":0},"f":{"0":19,"1":0,"2":0,"3":0,"4":0,"5":0,"6":0,"7":0,"8":0,"9":0,"10":0},"b":{"0":[0,19]},"_coverageSchema":"1a1c01bbd47fc00a2c39e90264f33305004495a9","hash":"4bc01a0025e8692ad07df9e7a2ee7ac86c7a3f82"}
,"C:\\Users\\Pichau\\Desktop\\Projetos\\mds\\LicitaBSB-24.1\\frontend\\src\\config\\api.js": {"path":"C:\\Users\\Pichau\\Desktop\\Projetos\\mds\\LicitaBSB-24.1\\frontend\\src\\config\\api.js","statementMap":{"0":{"start":{"line":3,"column":19},"end":{"line":6,"column":2}}},"fnMap":{},"branchMap":{},"s":{"0":8},"f":{},"b":{},"_coverageSchema":"1a1c01bbd47fc00a2c39e90264f33305004495a9","hash":"15b3bfa02e4f768719526d26f1a12c1172eb6ddc"}
,"C:\\Users\\Pichau\\Desktop\\Projetos\\mds\\LicitaBSB-24.1\\frontend\\src\\hooks\\useGetImage.jsx": {"path":"C:\\Users\\Pichau\\Desktop\\Projetos\\mds\\LicitaBSB-24.1\\frontend\\src\\hooks\\useGetImage.jsx","statementMap":{"0":{"start":{"line":4,"column":40},"end":{"line":4,"column":52}},"1":{"start":{"line":6,"column":2},"end":{"line":14,"column":11}},"2":{"start":{"line":7,"column":4},"end":{"line":13,"column":9}},"3":{"start":{"line":9,"column":8},"end":{"line":9,"column":38}},"4":{"start":{"line":12,"column":8},"end":{"line":12,"column":73}},"5":{"start":{"line":16,"column":2},"end":{"line":16,"column":21}}},"fnMap":{"0":{"name":"useGetImage","decl":{"start":{"line":3,"column":24},"end":{"line":3,"column":35}},"loc":{"start":{"line":3,"column":40},"end":{"line":17,"column":1}},"line":3},"1":{"name":"(anonymous_1)","decl":{"start":{"line":6,"column":12},"end":{"line":6,"column":13}},"loc":{"start":{"line":6,"column":18},"end":{"line":14,"column":3}},"line":6},"2":{"name":"(anonymous_2)","decl":{"start":{"line":8,"column":12},"end":{"line":8,"column":13}},"loc":{"start":{"line":8,"column":23},"end":{"line":10,"column":7}},"line":8},"3":{"name":"(anonymous_3)","decl":{"start":{"line":11,"column":13},"end":{"line":11,"column":14}},"loc":{"start":{"line":11,"column":22},"end":{"line":13,"column":7}},"line":11}},"branchMap":{},"s":{"0":40,"1":40,"2":37,"3":36,"4":1,"5":40},"f":{"0":40,"1":37,"2":36,"3":1},"b":{},"_coverageSchema":"1a1c01bbd47fc00a2c39e90264f33305004495a9","hash":"5c7af27c9d3acd10b888b087f913a0aa1cd21890"}
,"C:\\Users\\Pichau\\Desktop\\Projetos\\mds\\LicitaBSB-24.1\\frontend\\src\\hooks\\useLoadData.jsx": {"path":"C:\\Users\\Pichau\\Desktop\\Projetos\\mds\\LicitaBSB-24.1\\frontend\\src\\hooks\\useLoadData.jsx","statementMap":{"0":{"start":{"line":8,"column":36},"end":{"line":8,"column":48}},"1":{"start":{"line":9,"column":46},"end":{"line":9,"column":58}},"2":{"start":{"line":11,"column":19},"end":{"line":18,"column":3}},"3":{"start":{"line":12,"column":4},"end":{"line":15,"column":5}},"4":{"start":{"line":13,"column":19},"end":{"line":13,"column":45}},"5":{"start":{"line":14,"column":6},"end":{"line":14,"column":25}},"6":{"start":{"line":16,"column":22},"end":{"line":16,"column":43}},"7":{"start":{"line":17,"column":4},"end":{"line":17,"column":53}},"8":{"start":{"line":20,"column":2},"end":{"line":22,"column":9}},"9":{"start":{"line":21,"column":4},"end":{"line":21,"column":15}},"10":{"start":{"line":24,"column":2},"end":{"line":27,"column":4}}},"fnMap":{"0":{"name":"useLoadData","decl":{"start":{"line":7,"column":24},"end":{"line":7,"column":35}},"loc":{"start":{"line":7,"column":47},"end":{"line":28,"column":1}},"line":7},"1":{"name":"(anonymous_1)","decl":{"start":{"line":11,"column":19},"end":{"line":11,"column":20}},"loc":{"start":{"line":11,"column":31},"end":{"line":18,"column":3}},"line":11},"2":{"name":"(anonymous_2)","decl":{"start":{"line":20,"column":12},"end":{"line":20,"column":13}},"loc":{"start":{"line":20,"column":18},"end":{"line":22,"column":3}},"line":20}},"branchMap":{"0":{"loc":{"start":{"line":7,"column":36},"end":{"line":7,"column":45}},"type":"default-arg","locations":[{"start":{"line":7,"column":41},"end":{"line":7,"column":45}}],"line":7},"1":{"loc":{"start":{"line":12,"column":4},"end":{"line":15,"column":5}},"type":"if","locations":[{"start":{"line":12,"column":4},"end":{"line":15,"column":5}},{"start":{},"end":{}}],"line":12}},"s":{"0":4,"1":4,"2":4,"3":2,"4":1,"5":1,"6":2,"7":2,"8":4,"9":2,"10":4},"f":{"0":4,"1":2,"2":2},"b":{"0":[2],"1":[1,1]},"_coverageSchema":"1a1c01bbd47fc00a2c39e90264f33305004495a9","hash":"8ed47e68387831a8401f79016edc330e292f557e"}
,"C:\\Users\\Pichau\\Desktop\\Projetos\\mds\\LicitaBSB-24.1\\frontend\\src\\hooks\\useSearchBidding.jsx": {"path":"C:\\Users\\Pichau\\Desktop\\Projetos\\mds\\LicitaBSB-24.1\\frontend\\src\\hooks\\useSearchBidding.jsx","statementMap":{"0":{"start":{"line":1,"column":32},"end":{"line":32,"column":1}},"1":{"start":{"line":3,"column":24},"end":{"line":6,"column":38}},"2":{"start":{"line":8,"column":18},"end":{"line":20,"column":6}},"3":{"start":{"line":9,"column":19},"end":{"line":9,"column":63}},"4":{"start":{"line":11,"column":8},"end":{"line":11,"column":72}},"5":{"start":{"line":12,"column":6},"end":{"line":19,"column":8}},"6":{"start":{"line":21,"column":4},"end":{"line":21,"column":17}},"7":{"start":{"line":23,"column":2},"end":{"line":31,"column":4}}},"fnMap":{"0":{"name":"(anonymous_0)","decl":{"start":{"line":1,"column":32},"end":{"line":1,"column":33}},"loc":{"start":{"line":1,"column":38},"end":{"line":32,"column":1}},"line":1},"1":{"name":"getBiddingSearch","decl":{"start":{"line":2,"column":11},"end":{"line":2,"column":27}},"loc":{"start":{"line":2,"column":47},"end":{"line":22,"column":3}},"line":2},"2":{"name":"(anonymous_2)","decl":{"start":{"line":8,"column":36},"end":{"line":8,"column":37}},"loc":{"start":{"line":8,"column":51},"end":{"line":20,"column":5}},"line":8}},"branchMap":{"0":{"loc":{"start":{"line":9,"column":19},"end":{"line":9,"column":63}},"type":"cond-expr","locations":[{"start":{"line":9,"column":44},"end":{"line":9,"column":51}},{"start":{"line":9,"column":54},"end":{"line":9,"column":63}}],"line":9},"1":{"loc":{"start":{"line":11,"column":8},"end":{"line":11,"column":72}},"type":"cond-expr","locations":[{"start":{"line":11,"column":27},"end":{"line":11,"column":47}},{"start":{"line":11,"column":50},"end":{"line":11,"column":72}}],"line":11},"2":{"loc":{"start":{"line":13,"column":8},"end":{"line":18,"column":26}},"type":"binary-expr","locations":[{"start":{"line":13,"column":8},"end":{"line":13,"column":43}},{"start":{"line":14,"column":8},"end":{"line":18,"column":26}}],"line":13}},"s":{"0":0,"1":0,"2":0,"3":0,"4":0,"5":0,"6":0,"7":0},"f":{"0":0,"1":0,"2":0},"b":{"0":[0,0],"1":[0,0],"2":[0,0]}}
,"C:\\Users\\Pichau\\Desktop\\Projetos\\mds\\LicitaBSB-24.1\\frontend\\src\\mocks\\licitacoes.js": {"path":"C:\\Users\\Pichau\\Desktop\\Projetos\\mds\\LicitaBSB-24.1\\frontend\\src\\mocks\\licitacoes.js","statementMap":{"0":{"start":{"line":1,"column":19},"end":{"line":37,"column":1}}},"fnMap":{},"branchMap":{},"s":{"0":0},"f":{},"b":{}}
,"C:\\Users\\Pichau\\Desktop\\Projetos\\mds\\LicitaBSB-24.1\\frontend\\src\\mocks\\members.js": {"path":"C:\\Users\\Pichau\\Desktop\\Projetos\\mds\\LicitaBSB-24.1\\frontend\\src\\mocks\\members.js","statementMap":{"0":{"start":{"line":1,"column":16},"end":{"line":51,"column":1}}},"fnMap":{},"branchMap":{},"s":{"0":1},"f":{},"b":{},"_coverageSchema":"1a1c01bbd47fc00a2c39e90264f33305004495a9","hash":"4bac5c2d8327890f4436d56e2d28a6369a81d5f2"}
,"C:\\Users\\Pichau\\Desktop\\Projetos\\mds\\LicitaBSB-24.1\\frontend\\src\\mocks\\sobreLicitacoes.js": {"path":"C:\\Users\\Pichau\\Desktop\\Projetos\\mds\\LicitaBSB-24.1\\frontend\\src\\mocks\\sobreLicitacoes.js","statementMap":{"0":{"start":{"line":2,"column":24},"end":{"line":14,"column":1}}},"fnMap":{},"branchMap":{},"s":{"0":0},"f":{},"b":{}}
,"C:\\Users\\Pichau\\Desktop\\Projetos\\mds\\LicitaBSB-24.1\\frontend\\src\\pages\\about-bidding\\index.jsx": {"path":"C:\\Users\\Pichau\\Desktop\\Projetos\\mds\\LicitaBSB-24.1\\frontend\\src\\pages\\about-bidding\\index.jsx","statementMap":{"0":{"start":{"line":9,"column":2},"end":{"line":72,"column":4}}},"fnMap":{"0":{"name":"AboutBidding","decl":{"start":{"line":6,"column":24},"end":{"line":6,"column":36}},"loc":{"start":{"line":6,"column":39},"end":{"line":73,"column":1}},"line":6}},"branchMap":{},"s":{"0":3},"f":{"0":3},"b":{},"_coverageSchema":"1a1c01bbd47fc00a2c39e90264f33305004495a9","hash":"97eab12516a5993bd41743fbd0980f8e60b7ae47"}
,"C:\\Users\\Pichau\\Desktop\\Projetos\\mds\\LicitaBSB-24.1\\frontend\\src\\pages\\about-bidding-dispatch\\index.jsx": {"path":"C:\\Users\\Pichau\\Desktop\\Projetos\\mds\\LicitaBSB-24.1\\frontend\\src\\pages\\about-bidding-dispatch\\index.jsx","statementMap":{"0":{"start":{"line":8,"column":2},"end":{"line":128,"column":4}}},"fnMap":{"0":{"name":"AboutBiddingDispatch","decl":{"start":{"line":5,"column":24},"end":{"line":5,"column":44}},"loc":{"start":{"line":5,"column":47},"end":{"line":129,"column":1}},"line":5}},"branchMap":{},"s":{"0":3},"f":{"0":3},"b":{},"_coverageSchema":"1a1c01bbd47fc00a2c39e90264f33305004495a9","hash":"ee4c97578146ae78984077b7805393f9c646f365"}
,"C:\\Users\\Pichau\\Desktop\\Projetos\\mds\\LicitaBSB-24.1\\frontend\\src\\pages\\about-bot\\index.jsx": {"path":"C:\\Users\\Pichau\\Desktop\\Projetos\\mds\\LicitaBSB-24.1\\frontend\\src\\pages\\about-bot\\index.jsx","statementMap":{"0":{"start":{"line":8,"column":2},"end":{"line":117,"column":4}}},"fnMap":{"0":{"name":"AboutBot","decl":{"start":{"line":5,"column":24},"end":{"line":5,"column":32}},"loc":{"start":{"line":5,"column":35},"end":{"line":118,"column":1}},"line":5}},"branchMap":{},"s":{"0":3},"f":{"0":3},"b":{},"_coverageSchema":"1a1c01bbd47fc00a2c39e90264f33305004495a9","hash":"b95ec7a853b17e744d2b78694a2b770af4740ae8"}
,"C:\\Users\\Pichau\\Desktop\\Projetos\\mds\\LicitaBSB-24.1\\frontend\\src\\pages\\about-licitaBSB\\index.jsx": {"path":"C:\\Users\\Pichau\\Desktop\\Projetos\\mds\\LicitaBSB-24.1\\frontend\\src\\pages\\about-licitaBSB\\index.jsx","statementMap":{"0":{"start":{"line":5,"column":2},"end":{"line":125,"column":4}}},"fnMap":{"0":{"name":"AboutLicitaBSB","decl":{"start":{"line":4,"column":24},"end":{"line":4,"column":38}},"loc":{"start":{"line":4,"column":41},"end":{"line":126,"column":1}},"line":4}},"branchMap":{},"s":{"0":4},"f":{"0":4},"b":{},"_coverageSchema":"1a1c01bbd47fc00a2c39e90264f33305004495a9","hash":"210bd48414236a087488a149d4b49c79a01459d5"}
,"C:\\Users\\Pichau\\Desktop\\Projetos\\mds\\LicitaBSB-24.1\\frontend\\src\\pages\\about-us\\index.jsx": {"path":"C:\\Users\\Pichau\\Desktop\\Projetos\\mds\\LicitaBSB-24.1\\frontend\\src\\pages\\about-us\\index.jsx","statementMap":{"0":{"start":{"line":7,"column":2},"end":{"line":40,"column":4}},"1":{"start":{"line":30,"column":10},"end":{"line":36,"column":12}}},"fnMap":{"0":{"name":"AboutUs","decl":{"start":{"line":6,"column":24},"end":{"line":6,"column":31}},"loc":{"start":{"line":6,"column":34},"end":{"line":41,"column":1}},"line":6},"1":{"name":"(anonymous_1)","decl":{"start":{"line":29,"column":21},"end":{"line":29,"column":22}},"loc":{"start":{"line":30,"column":10},"end":{"line":36,"column":12}},"line":30}},"branchMap":{},"s":{"0":5,"1":35},"f":{"0":5,"1":35},"b":{},"_coverageSchema":"1a1c01bbd47fc00a2c39e90264f33305004495a9","hash":"3f9f420abcc65669dffc52b7c2b6a9be78f7ddca"}
,"C:\\Users\\Pichau\\Desktop\\Projetos\\mds\\LicitaBSB-24.1\\frontend\\src\\pages\\about-us\\card-member\\index.jsx": {"path":"C:\\Users\\Pichau\\Desktop\\Projetos\\mds\\LicitaBSB-24.1\\frontend\\src\\pages\\about-us\\card-member\\index.jsx","statementMap":{"0":{"start":{"line":18,"column":22},"end":{"line":18,"column":37}},"1":{"start":{"line":20,"column":20},"end":{"line":20,"column":32}},"2":{"start":{"line":21,"column":2},"end":{"line":50,"column":4}}},"fnMap":{"0":{"name":"CardMember","decl":{"start":{"line":6,"column":24},"end":{"line":6,"column":34}},"loc":{"start":{"line":6,"column":68},"end":{"line":51,"column":1}},"line":6}},"branchMap":{"0":{"loc":{"start":{"line":31,"column":10},"end":{"line":33,"column":59}},"type":"cond-expr","locations":[{"start":{"line":32,"column":14},"end":{"line":32,"column":57}},{"start":{"line":33,"column":14},"end":{"line":33,"column":59}}],"line":31}},"s":{"0":33,"1":33,"2":33},"f":{"0":33},"b":{"0":[20,13]},"_coverageSchema":"1a1c01bbd47fc00a2c39e90264f33305004495a9","hash":"89fa2a82eacc61ddeeb45c2002fcb6154f399c37"}
,"C:\\Users\\Pichau\\Desktop\\Projetos\\mds\\LicitaBSB-24.1\\frontend\\src\\pages\\articles\\index.jsx": {"path":"C:\\Users\\Pichau\\Desktop\\Projetos\\mds\\LicitaBSB-24.1\\frontend\\src\\pages\\articles\\index.jsx","statementMap":{"0":{"start":{"line":12,"column":2},"end":{"line":57,"column":3}}},"fnMap":{"0":{"name":"Articles","decl":{"start":{"line":11,"column":24},"end":{"line":11,"column":32}},"loc":{"start":{"line":11,"column":35},"end":{"line":58,"column":1}},"line":11}},"branchMap":{},"s":{"0":0},"f":{"0":0},"b":{}}
,"C:\\Users\\Pichau\\Desktop\\Projetos\\mds\\LicitaBSB-24.1\\frontend\\src\\pages\\articles\\article-card\\index.jsx": {"path":"C:\\Users\\Pichau\\Desktop\\Projetos\\mds\\LicitaBSB-24.1\\frontend\\src\\pages\\articles\\article-card\\index.jsx","statementMap":{"0":{"start":{"line":7,"column":2},"end":{"line":19,"column":3}}},"fnMap":{"0":{"name":"ArticleCard","decl":{"start":{"line":6,"column":24},"end":{"line":6,"column":35}},"loc":{"start":{"line":6,"column":62},"end":{"line":20,"column":1}},"line":6}},"branchMap":{},"s":{"0":0},"f":{"0":0},"b":{}}
,"C:\\Users\\Pichau\\Desktop\\Projetos\\mds\\LicitaBSB-24.1\\frontend\\src\\pages\\bidding-list\\index.jsx": {"path":"C:\\Users\\Pichau\\Desktop\\Projetos\\mds\\LicitaBSB-24.1\\frontend\\src\\pages\\bidding-list\\index.jsx","statementMap":{"0":{"start":{"line":11,"column":19},"end":{"line":11,"column":32}},"1":{"start":{"line":12,"column":25},"end":{"line":12,"column":42}},"2":{"start":{"line":14,"column":21},"end":{"line":14,"column":77}},"3":{"start":{"line":15,"column":22},"end":{"line":17,"column":8}},"4":{"start":{"line":18,"column":22},"end":{"line":20,"column":8}},"5":{"start":{"line":21,"column":23},"end":{"line":23,"column":8}},"6":{"start":{"line":25,"column":42},"end":{"line":32,"column":4}},"7":{"start":{"line":34,"column":48},"end":{"line":34,"column":60}},"8":{"start":{"line":35,"column":40},"end":{"line":35,"column":51}},"9":{"start":{"line":38,"column":17},"end":{"line":38,"column":44}},"10":{"start":{"line":39,"column":4},"end":{"line":39,"column":31}},"11":{"start":{"line":40,"column":4},"end":{"line":40,"column":37}},"12":{"start":{"line":43,"column":27},"end":{"line":46,"column":3}},"13":{"start":{"line":44,"column":4},"end":{"line":44,"column":70}},"14":{"start":{"line":44,"column":37},"end":{"line":44,"column":67}},"15":{"start":{"line":45,"column":4},"end":{"line":45,"column":19}},"16":{"start":{"line":48,"column":27},"end":{"line":53,"column":3}},"17":{"start":{"line":49,"column":4},"end":{"line":52,"column":17}},"18":{"start":{"line":50,"column":23},"end":{"line":50,"column":34}},"19":{"start":{"line":51,"column":20},"end":{"line":51,"column":43}},"20":{"start":{"line":56,"column":24},"end":{"line":56,"column":71}},"21":{"start":{"line":57,"column":4},"end":{"line":57,"column":26}},"22":{"start":{"line":58,"column":4},"end":{"line":58,"column":16}},"23":{"start":{"line":61,"column":2},"end":{"line":63,"column":9}},"24":{"start":{"line":62,"column":4},"end":{"line":62,"column":27}},"25":{"start":{"line":65,"column":2},"end":{"line":91,"column":4}},"26":{"start":{"line":82,"column":12},"end":{"line":82,"column":76}}},"fnMap":{"0":{"name":"BiddingList","decl":{"start":{"line":10,"column":24},"end":{"line":10,"column":35}},"loc":{"start":{"line":10,"column":38},"end":{"line":92,"column":1}},"line":10},"1":{"name":"loadData","decl":{"start":{"line":37,"column":17},"end":{"line":37,"column":25}},"loc":{"start":{"line":37,"column":34},"end":{"line":41,"column":3}},"line":37},"2":{"name":"(anonymous_2)","decl":{"start":{"line":43,"column":27},"end":{"line":43,"column":28}},"loc":{"start":{"line":43,"column":41},"end":{"line":46,"column":3}},"line":43},"3":{"name":"(anonymous_3)","decl":{"start":{"line":44,"column":20},"end":{"line":44,"column":21}},"loc":{"start":{"line":44,"column":37},"end":{"line":44,"column":67}},"line":44},"4":{"name":"(anonymous_4)","decl":{"start":{"line":48,"column":27},"end":{"line":48,"column":28}},"loc":{"start":{"line":48,"column":39},"end":{"line":53,"column":3}},"line":48},"5":{"name":"(anonymous_5)","decl":{"start":{"line":50,"column":14},"end":{"line":50,"column":15}},"loc":{"start":{"line":50,"column":23},"end":{"line":50,"column":34}},"line":50},"6":{"name":"(anonymous_6)","decl":{"start":{"line":51,"column":11},"end":{"line":51,"column":12}},"loc":{"start":{"line":51,"column":20},"end":{"line":51,"column":43}},"line":51},"7":{"name":"handleSearch","decl":{"start":{"line":55,"column":11},"end":{"line":55,"column":23}},"loc":{"start":{"line":55,"column":26},"end":{"line":59,"column":3}},"line":55},"8":{"name":"(anonymous_8)","decl":{"start":{"line":61,"column":12},"end":{"line":61,"column":13}},"loc":{"start":{"line":61,"column":18},"end":{"line":63,"column":3}},"line":61},"9":{"name":"(anonymous_9)","decl":{"start":{"line":81,"column":31},"end":{"line":81,"column":32}},"loc":{"start":{"line":81,"column":46},"end":{"line":83,"column":11}},"line":81}},"branchMap":{"0":{"loc":{"start":{"line":14,"column":21},"end":{"line":14,"column":77}},"type":"cond-expr","locations":[{"start":{"line":14,"column":48},"end":{"line":14,"column":72}},{"start":{"line":14,"column":75},"end":{"line":14,"column":77}}],"line":14},"1":{"loc":{"start":{"line":15,"column":22},"end":{"line":17,"column":8}},"type":"cond-expr","locations":[{"start":{"line":16,"column":6},"end":{"line":16,"column":32}},{"start":{"line":17,"column":6},"end":{"line":17,"column":8}}],"line":15},"2":{"loc":{"start":{"line":18,"column":22},"end":{"line":20,"column":8}},"type":"cond-expr","locations":[{"start":{"line":19,"column":6},"end":{"line":19,"column":31}},{"start":{"line":20,"column":6},"end":{"line":20,"column":8}}],"line":18},"3":{"loc":{"start":{"line":21,"column":23},"end":{"line":23,"column":8}},"type":"cond-expr","locations":[{"start":{"line":22,"column":6},"end":{"line":22,"column":31}},{"start":{"line":23,"column":6},"end":{"line":23,"column":8}}],"line":21}},"s":{"0":0,"1":0,"2":0,"3":0,"4":0,"5":0,"6":0,"7":0,"8":0,"9":0,"10":0,"11":0,"12":0,"13":0,"14":0,"15":0,"16":0,"17":0,"18":0,"19":0,"20":0,"21":0,"22":0,"23":0,"24":0,"25":0,"26":0},"f":{"0":0,"1":0,"2":0,"3":0,"4":0,"5":0,"6":0,"7":0,"8":0,"9":0},"b":{"0":[0,0],"1":[0,0],"2":[0,0],"3":[0,0]}}
,"C:\\Users\\Pichau\\Desktop\\Projetos\\mds\\LicitaBSB-24.1\\frontend\\src\\pages\\bidding-list\\filter\\index.jsx": {"path":"C:\\Users\\Pichau\\Desktop\\Projetos\\mds\\LicitaBSB-24.1\\frontend\\src\\pages\\bidding-list\\filter\\index.jsx","statementMap":{"0":{"start":{"line":21,"column":19},"end":{"line":21,"column":32}},"1":{"start":{"line":23,"column":27},"end":{"line":35,"column":3}},"2":{"start":{"line":25,"column":6},"end":{"line":27,"column":7}},"3":{"start":{"line":26,"column":8},"end":{"line":26,"column":28}},"4":{"start":{"line":28,"column":6},"end":{"line":28,"column":20}},"5":{"start":{"line":31,"column":4},"end":{"line":34,"column":7}},"6":{"start":{"line":37,"column":25},"end":{"line":37,"column":42}},"7":{"start":{"line":38,"column":23},"end":{"line":40,"column":8}},"8":{"start":{"line":41,"column":38},"end":{"line":41,"column":49}},"9":{"start":{"line":42,"column":38},"end":{"line":42,"column":50}},"10":{"start":{"line":43,"column":46},"end":{"line":43,"column":79}},"11":{"start":{"line":44,"column":40},"end":{"line":44,"column":52}},"12":{"start":{"line":46,"column":22},"end":{"line":48,"column":3}},"13":{"start":{"line":47,"column":4},"end":{"line":47,"column":34}},"14":{"start":{"line":50,"column":28},"end":{"line":56,"column":3}},"15":{"start":{"line":51,"column":19},"end":{"line":54,"column":6}},"16":{"start":{"line":55,"column":4},"end":{"line":55,"column":35}},"17":{"start":{"line":58,"column":30},"end":{"line":68,"column":3}},"18":{"start":{"line":59,"column":4},"end":{"line":67,"column":5}},"19":{"start":{"line":60,"column":6},"end":{"line":64,"column":9}},"20":{"start":{"line":61,"column":8},"end":{"line":63,"column":10}},"21":{"start":{"line":62,"column":28},"end":{"line":62,"column":54}},"22":{"start":{"line":66,"column":6},"end":{"line":66,"column":56}},"23":{"start":{"line":70,"column":21},"end":{"line":76,"column":3}},"24":{"start":{"line":71,"column":19},"end":{"line":74,"column":6}},"25":{"start":{"line":75,"column":4},"end":{"line":75,"column":59}},"26":{"start":{"line":75,"column":29},"end":{"line":75,"column":57}},"27":{"start":{"line":78,"column":2},"end":{"line":83,"column":23}},"28":{"start":{"line":79,"column":4},"end":{"line":82,"column":7}},"29":{"start":{"line":85,"column":2},"end":{"line":87,"column":19}},"30":{"start":{"line":86,"column":4},"end":{"line":86,"column":17}},"31":{"start":{"line":89,"column":30},"end":{"line":92,"column":3}},"32":{"start":{"line":90,"column":4},"end":{"line":90,"column":28}},"33":{"start":{"line":91,"column":4},"end":{"line":91,"column":16}},"34":{"start":{"line":94,"column":2},"end":{"line":209,"column":4}},"35":{"start":{"line":107,"column":12},"end":{"line":121,"column":17}},"36":{"start":{"line":113,"column":18},"end":{"line":116,"column":21}},"37":{"start":{"line":132,"column":14},"end":{"line":132,"column":44}},"38":{"start":{"line":133,"column":14},"end":{"line":133,"column":34}},"39":{"start":{"line":142,"column":26},"end":{"line":142,"column":69}},"40":{"start":{"line":144,"column":12},"end":{"line":159,"column":14}},"41":{"start":{"line":154,"column":20},"end":{"line":154,"column":51}}},"fnMap":{"0":{"name":"Filter","decl":{"start":{"line":14,"column":24},"end":{"line":14,"column":30}},"loc":{"start":{"line":20,"column":3},"end":{"line":210,"column":1}},"line":20},"1":{"name":"(anonymous_1)","decl":{"start":{"line":23,"column":27},"end":{"line":23,"column":28}},"loc":{"start":{"line":23,"column":38},"end":{"line":35,"column":3}},"line":23},"2":{"name":"formatNumber","decl":{"start":{"line":24,"column":13},"end":{"line":24,"column":25}},"loc":{"start":{"line":24,"column":34},"end":{"line":29,"column":5}},"line":24},"3":{"name":"(anonymous_3)","decl":{"start":{"line":46,"column":22},"end":{"line":46,"column":23}},"loc":{"start":{"line":46,"column":28},"end":{"line":48,"column":3}},"line":46},"4":{"name":"(anonymous_4)","decl":{"start":{"line":50,"column":28},"end":{"line":50,"column":29}},"loc":{"start":{"line":50,"column":40},"end":{"line":56,"column":3}},"line":50},"5":{"name":"(anonymous_5)","decl":{"start":{"line":58,"column":30},"end":{"line":58,"column":31}},"loc":{"start":{"line":58,"column":45},"end":{"line":68,"column":3}},"line":58},"6":{"name":"(anonymous_6)","decl":{"start":{"line":60,"column":24},"end":{"line":60,"column":25}},"loc":{"start":{"line":60,"column":30},"end":{"line":64,"column":7}},"line":60},"7":{"name":"(anonymous_7)","decl":{"start":{"line":62,"column":10},"end":{"line":62,"column":11}},"loc":{"start":{"line":62,"column":28},"end":{"line":62,"column":54}},"line":62},"8":{"name":"(anonymous_8)","decl":{"start":{"line":70,"column":21},"end":{"line":70,"column":22}},"loc":{"start":{"line":70,"column":33},"end":{"line":76,"column":3}},"line":70},"9":{"name":"(anonymous_9)","decl":{"start":{"line":75,"column":19},"end":{"line":75,"column":20}},"loc":{"start":{"line":75,"column":29},"end":{"line":75,"column":57}},"line":75},"10":{"name":"(anonymous_10)","decl":{"start":{"line":78,"column":12},"end":{"line":78,"column":13}},"loc":{"start":{"line":78,"column":18},"end":{"line":83,"column":3}},"line":78},"11":{"name":"(anonymous_11)","decl":{"start":{"line":85,"column":12},"end":{"line":85,"column":13}},"loc":{"start":{"line":85,"column":18},"end":{"line":87,"column":3}},"line":85},"12":{"name":"(anonymous_12)","decl":{"start":{"line":89,"column":30},"end":{"line":89,"column":31}},"loc":{"start":{"line":89,"column":42},"end":{"line":92,"column":3}},"line":89},"13":{"name":"(anonymous_13)","decl":{"start":{"line":106,"column":28},"end":{"line":106,"column":29}},"loc":{"start":{"line":107,"column":12},"end":{"line":121,"column":17}},"line":107},"14":{"name":"(anonymous_14)","decl":{"start":{"line":112,"column":25},"end":{"line":112,"column":26}},"loc":{"start":{"line":112,"column":31},"end":{"line":117,"column":17}},"line":112},"15":{"name":"(anonymous_15)","decl":{"start":{"line":131,"column":22},"end":{"line":131,"column":23}},"loc":{"start":{"line":131,"column":29},"end":{"line":134,"column":13}},"line":131},"16":{"name":"(anonymous_16)","decl":{"start":{"line":141,"column":27},"end":{"line":141,"column":28}},"loc":{"start":{"line":141,"column":37},"end":{"line":160,"column":11}},"line":141},"17":{"name":"(anonymous_17)","decl":{"start":{"line":153,"column":27},"end":{"line":153,"column":28}},"loc":{"start":{"line":153,"column":33},"end":{"line":155,"column":19}},"line":153}},"branchMap":{"0":{"loc":{"start":{"line":18,"column":2},"end":{"line":18,"column":17}},"type":"default-arg","locations":[{"start":{"line":18,"column":16},"end":{"line":18,"column":17}}],"line":18},"1":{"loc":{"start":{"line":25,"column":6},"end":{"line":27,"column":7}},"type":"if","locations":[{"start":{"line":25,"column":6},"end":{"line":27,"column":7}},{"start":{},"end":{}}],"line":25},"2":{"loc":{"start":{"line":38,"column":23},"end":{"line":40,"column":8}},"type":"cond-expr","locations":[{"start":{"line":39,"column":6},"end":{"line":39,"column":31}},{"start":{"line":40,"column":6},"end":{"line":40,"column":8}}],"line":38},"3":{"loc":{"start":{"line":59,"column":4},"end":{"line":67,"column":5}},"type":"if","locations":[{"start":{"line":59,"column":4},"end":{"line":67,"column":5}},{"start":{"line":65,"column":11},"end":{"line":67,"column":5}}],"line":59},"4":{"loc":{"start":{"line":98,"column":9},"end":{"line":98,"column":76}},"type":"binary-expr","locations":[{"start":{"line":98,"column":9},"end":{"line":98,"column":20}},{"start":{"line":98,"column":24},"end":{"line":98,"column":76}}],"line":98}},"s":{"0":14,"1":14,"2":0,"3":0,"4":0,"5":0,"6":14,"7":14,"8":14,"9":14,"10":14,"11":14,"12":14,"13":0,"14":14,"15":11,"16":0,"17":14,"18":0,"19":0,"20":0,"21":0,"22":0,"23":14,"24":3,"25":0,"26":0,"27":14,"28":3,"29":14,"30":3,"31":14,"32":0,"33":0,"34":14,"35":28,"36":0,"37":11,"38":11,"39":0,"40":0,"41":0},"f":{"0":14,"1":0,"2":0,"3":0,"4":11,"5":0,"6":0,"7":0,"8":3,"9":0,"10":3,"11":3,"12":0,"13":28,"14":0,"15":11,"16":0,"17":0},"b":{"0":[0],"1":[0,0],"2":[0,14],"3":[0,0],"4":[14,14]},"_coverageSchema":"1a1c01bbd47fc00a2c39e90264f33305004495a9","hash":"43366e52c71f87ed6759ec6223464de418bba5e2"}
,"C:\\Users\\Pichau\\Desktop\\Projetos\\mds\\LicitaBSB-24.1\\frontend\\src\\pages\\bidding-page\\index.jsx": {"path":"C:\\Users\\Pichau\\Desktop\\Projetos\\mds\\LicitaBSB-24.1\\frontend\\src\\pages\\bidding-page\\index.jsx","statementMap":{"0":{"start":{"line":18,"column":21},"end":{"line":18,"column":32}},"1":{"start":{"line":20,"column":40},"end":{"line":20,"column":66}},"2":{"start":{"line":22,"column":22},"end":{"line":22,"column":128}},"3":{"start":{"line":23,"column":15},"end":{"line":23,"column":114}},"4":{"start":{"line":25,"column":2},"end":{"line":88,"column":4}},"5":{"start":{"line":80,"column":12},"end":{"line":80,"column":64}}},"fnMap":{"0":{"name":"BiddingPage","decl":{"start":{"line":17,"column":24},"end":{"line":17,"column":35}},"loc":{"start":{"line":17,"column":38},"end":{"line":89,"column":1}},"line":17},"1":{"name":"(anonymous_1)","decl":{"start":{"line":79,"column":30},"end":{"line":79,"column":31}},"loc":{"start":{"line":79,"column":40},"end":{"line":81,"column":11}},"line":79}},"branchMap":{"0":{"loc":{"start":{"line":49,"column":11},"end":{"line":54,"column":11}},"type":"binary-expr","locations":[{"start":{"line":49,"column":11},"end":{"line":49,"column":28}},{"start":{"line":50,"column":12},"end":{"line":53,"column":18}}],"line":49},"1":{"loc":{"start":{"line":63,"column":11},"end":{"line":70,"column":11}},"type":"binary-expr","locations":[{"start":{"line":63,"column":11},"end":{"line":63,"column":25}},{"start":{"line":64,"column":12},"end":{"line":69,"column":16}}],"line":63}},"s":{"0":6,"1":6,"2":6,"3":6,"4":6,"5":12},"f":{"0":6,"1":12},"b":{"0":[6,6],"1":[6,6]},"_coverageSchema":"1a1c01bbd47fc00a2c39e90264f33305004495a9","hash":"358343bad9942bfd10727135837757629babf14e"}
,"C:\\Users\\Pichau\\Desktop\\Projetos\\mds\\LicitaBSB-24.1\\frontend\\src\\pages\\dashboard\\index.jsx": {"path":"C:\\Users\\Pichau\\Desktop\\Projetos\\mds\\LicitaBSB-24.1\\frontend\\src\\pages\\dashboard\\index.jsx","statementMap":{"0":{"start":{"line":15,"column":0},"end":{"line":23,"column":2}},"1":{"start":{"line":26,"column":50},"end":{"line":26,"column":62}},"2":{"start":{"line":27,"column":44},"end":{"line":27,"column":56}},"3":{"start":{"line":28,"column":50},"end":{"line":28,"column":62}},"4":{"start":{"line":29,"column":44},"end":{"line":29,"column":56}},"5":{"start":{"line":30,"column":46},"end":{"line":30,"column":62}},"6":{"start":{"line":31,"column":58},"end":{"line":31,"column":69}},"7":{"start":{"line":32,"column":48},"end":{"line":32,"column":59}},"8":{"start":{"line":34,"column":2},"end":{"line":106,"column":9}},"9":{"start":{"line":35,"column":22},"end":{"line":103,"column":5}},"10":{"start":{"line":36,"column":6},"end":{"line":102,"column":7}},"11":{"start":{"line":37,"column":113},"end":{"line":42,"column":10}},"12":{"start":{"line":44,"column":8},"end":{"line":46,"column":9}},"13":{"start":{"line":45,"column":10},"end":{"line":45,"column":48}},"14":{"start":{"line":48,"column":36},"end":{"line":48,"column":72}},"15":{"start":{"line":49,"column":33},"end":{"line":49,"column":66}},"16":{"start":{"line":50,"column":37},"end":{"line":50,"column":74}},"17":{"start":{"line":51,"column":34},"end":{"line":51,"column":68}},"18":{"start":{"line":53,"column":40},"end":{"line":53,"column":42}},"19":{"start":{"line":54,"column":38},"end":{"line":54,"column":40}},"20":{"start":{"line":55,"column":41},"end":{"line":55,"column":43}},"21":{"start":{"line":56,"column":39},"end":{"line":56,"column":41}},"22":{"start":{"line":58,"column":8},"end":{"line":63,"column":11}},"23":{"start":{"line":59,"column":37},"end":{"line":59,"column":65}},"24":{"start":{"line":60,"column":10},"end":{"line":62,"column":11}},"25":{"start":{"line":61,"column":12},"end":{"line":61,"column":100}},"26":{"start":{"line":65,"column":8},"end":{"line":70,"column":11}},"27":{"start":{"line":66,"column":32},"end":{"line":66,"column":55}},"28":{"start":{"line":67,"column":10},"end":{"line":69,"column":11}},"29":{"start":{"line":68,"column":12},"end":{"line":68,"column":55}},"30":{"start":{"line":72,"column":8},"end":{"line":78,"column":11}},"31":{"start":{"line":73,"column":22},"end":{"line":73,"column":37}},"32":{"start":{"line":74,"column":37},"end":{"line":74,"column":65}},"33":{"start":{"line":75,"column":10},"end":{"line":77,"column":11}},"34":{"start":{"line":76,"column":12},"end":{"line":76,"column":102}},"35":{"start":{"line":80,"column":8},"end":{"line":86,"column":11}},"36":{"start":{"line":81,"column":22},"end":{"line":81,"column":37}},"37":{"start":{"line":82,"column":32},"end":{"line":82,"column":55}},"38":{"start":{"line":83,"column":10},"end":{"line":85,"column":11}},"39":{"start":{"line":84,"column":12},"end":{"line":84,"column":56}},"40":{"start":{"line":88,"column":8},"end":{"line":88,"column":53}},"41":{"start":{"line":89,"column":8},"end":{"line":89,"column":48}},"42":{"start":{"line":90,"column":8},"end":{"line":90,"column":54}},"43":{"start":{"line":91,"column":8},"end":{"line":91,"column":49}},"44":{"start":{"line":94,"column":37},"end":{"line":94,"column":112}},"45":{"start":{"line":94,"column":98},"end":{"line":94,"column":108}},"46":{"start":{"line":95,"column":32},"end":{"line":95,"column":105}},"47":{"start":{"line":95,"column":91},"end":{"line":95,"column":101}},"48":{"start":{"line":97,"column":8},"end":{"line":97,"column":54}},"49":{"start":{"line":98,"column":8},"end":{"line":98,"column":44}},"50":{"start":{"line":101,"column":8},"end":{"line":101,"column":58}},"51":{"start":{"line":105,"column":4},"end":{"line":105,"column":16}},"52":{"start":{"line":108,"column":24},"end":{"line":114,"column":3}},"53":{"start":{"line":109,"column":4},"end":{"line":113,"column":5}},"54":{"start":{"line":110,"column":6},"end":{"line":110,"column":16}},"55":{"start":{"line":112,"column":6},"end":{"line":112,"column":16}},"56":{"start":{"line":116,"column":24},"end":{"line":122,"column":3}},"57":{"start":{"line":117,"column":4},"end":{"line":121,"column":5}},"58":{"start":{"line":118,"column":6},"end":{"line":118,"column":16}},"59":{"start":{"line":120,"column":6},"end":{"line":120,"column":16}},"60":{"start":{"line":124,"column":18},"end":{"line":131,"column":3}},"61":{"start":{"line":126,"column":4},"end":{"line":130,"column":5}},"62":{"start":{"line":127,"column":6},"end":{"line":127,"column":46}},"63":{"start":{"line":129,"column":6},"end":{"line":129,"column":15}},"64":{"start":{"line":133,"column":15},"end":{"line":133,"column":41}},"65":{"start":{"line":134,"column":24},"end":{"line":134,"column":52}},"66":{"start":{"line":135,"column":28},"end":{"line":135,"column":71}},"67":{"start":{"line":135,"column":44},"end":{"line":135,"column":70}},"68":{"start":{"line":137,"column":16},"end":{"line":137,"column":141}},"69":{"start":{"line":141,"column":2},"end":{"line":151,"column":3}},"70":{"start":{"line":142,"column":4},"end":{"line":144,"column":6}},"71":{"start":{"line":143,"column":6},"end":{"line":143,"column":88}},"72":{"start":{"line":143,"column":32},"end":{"line":143,"column":84}},"73":{"start":{"line":145,"column":4},"end":{"line":147,"column":6}},"74":{"start":{"line":146,"column":6},"end":{"line":146,"column":85}},"75":{"start":{"line":146,"column":32},"end":{"line":146,"column":81}},"76":{"start":{"line":149,"column":4},"end":{"line":149,"column":106}},"77":{"start":{"line":149,"column":49},"end":{"line":149,"column":104}},"78":{"start":{"line":150,"column":4},"end":{"line":150,"column":110}},"79":{"start":{"line":150,"column":56},"end":{"line":150,"column":108}},"80":{"start":{"line":153,"column":32},"end":{"line":153,"column":87}},"81":{"start":{"line":153,"column":73},"end":{"line":153,"column":83}},"82":{"start":{"line":154,"column":29},"end":{"line":154,"column":91}},"83":{"start":{"line":154,"column":77},"end":{"line":154,"column":87}},"84":{"start":{"line":156,"column":25},"end":{"line":184,"column":3}},"85":{"start":{"line":186,"column":26},"end":{"line":206,"column":3}},"86":{"start":{"line":208,"column":25},"end":{"line":233,"column":3}},"87":{"start":{"line":235,"column":23},"end":{"line":261,"column":3}},"88":{"start":{"line":256,"column":12},"end":{"line":256,"column":62}},"89":{"start":{"line":263,"column":23},"end":{"line":306,"column":3}},"90":{"start":{"line":308,"column":24},"end":{"line":354,"column":3}},"91":{"start":{"line":346,"column":12},"end":{"line":346,"column":31}},"92":{"start":{"line":357,"column":2},"end":{"line":390,"column":4}},"93":{"start":{"line":371,"column":25},"end":{"line":371,"column":58}},"94":{"start":{"line":376,"column":12},"end":{"line":378,"column":21}}},"fnMap":{"0":{"name":"Dashboard","decl":{"start":{"line":25,"column":24},"end":{"line":25,"column":33}},"loc":{"start":{"line":25,"column":36},"end":{"line":391,"column":1}},"line":25},"1":{"name":"(anonymous_1)","decl":{"start":{"line":34,"column":12},"end":{"line":34,"column":13}},"loc":{"start":{"line":34,"column":18},"end":{"line":106,"column":3}},"line":34},"2":{"name":"(anonymous_2)","decl":{"start":{"line":35,"column":22},"end":{"line":35,"column":23}},"loc":{"start":{"line":35,"column":34},"end":{"line":103,"column":5}},"line":35},"3":{"name":"(anonymous_3)","decl":{"start":{"line":58,"column":36},"end":{"line":58,"column":37}},"loc":{"start":{"line":58,"column":67},"end":{"line":63,"column":9}},"line":58},"4":{"name":"(anonymous_4)","decl":{"start":{"line":65,"column":33},"end":{"line":65,"column":34}},"loc":{"start":{"line":65,"column":59},"end":{"line":70,"column":9}},"line":65},"5":{"name":"(anonymous_5)","decl":{"start":{"line":72,"column":37},"end":{"line":72,"column":38}},"loc":{"start":{"line":72,"column":73},"end":{"line":78,"column":9}},"line":72},"6":{"name":"(anonymous_6)","decl":{"start":{"line":80,"column":34},"end":{"line":80,"column":35}},"loc":{"start":{"line":80,"column":65},"end":{"line":86,"column":9}},"line":80},"7":{"name":"(anonymous_7)","decl":{"start":{"line":94,"column":83},"end":{"line":94,"column":84}},"loc":{"start":{"line":94,"column":98},"end":{"line":94,"column":108}},"line":94},"8":{"name":"(anonymous_8)","decl":{"start":{"line":95,"column":76},"end":{"line":95,"column":77}},"loc":{"start":{"line":95,"column":91},"end":{"line":95,"column":101}},"line":95},"9":{"name":"(anonymous_9)","decl":{"start":{"line":108,"column":24},"end":{"line":108,"column":25}},"loc":{"start":{"line":108,"column":30},"end":{"line":114,"column":3}},"line":108},"10":{"name":"(anonymous_10)","decl":{"start":{"line":116,"column":24},"end":{"line":116,"column":25}},"loc":{"start":{"line":116,"column":30},"end":{"line":122,"column":3}},"line":116},"11":{"name":"(anonymous_11)","decl":{"start":{"line":124,"column":18},"end":{"line":124,"column":19}},"loc":{"start":{"line":124,"column":24},"end":{"line":131,"column":3}},"line":124},"12":{"name":"(anonymous_12)","decl":{"start":{"line":135,"column":37},"end":{"line":135,"column":38}},"loc":{"start":{"line":135,"column":44},"end":{"line":135,"column":70}},"line":135},"13":{"name":"(anonymous_13)","decl":{"start":{"line":142,"column":35},"end":{"line":142,"column":36}},"loc":{"start":{"line":143,"column":6},"end":{"line":143,"column":88}},"line":143},"14":{"name":"(anonymous_14)","decl":{"start":{"line":143,"column":18},"end":{"line":143,"column":19}},"loc":{"start":{"line":143,"column":32},"end":{"line":143,"column":84}},"line":143},"15":{"name":"(anonymous_15)","decl":{"start":{"line":145,"column":42},"end":{"line":145,"column":43}},"loc":{"start":{"line":146,"column":6},"end":{"line":146,"column":85}},"line":146},"16":{"name":"(anonymous_16)","decl":{"start":{"line":146,"column":18},"end":{"line":146,"column":19}},"loc":{"start":{"line":146,"column":32},"end":{"line":146,"column":81}},"line":146},"17":{"name":"(anonymous_17)","decl":{"start":{"line":149,"column":35},"end":{"line":149,"column":36}},"loc":{"start":{"line":149,"column":49},"end":{"line":149,"column":104}},"line":149},"18":{"name":"(anonymous_18)","decl":{"start":{"line":150,"column":42},"end":{"line":150,"column":43}},"loc":{"start":{"line":150,"column":56},"end":{"line":150,"column":108}},"line":150},"19":{"name":"(anonymous_19)","decl":{"start":{"line":153,"column":58},"end":{"line":153,"column":59}},"loc":{"start":{"line":153,"column":73},"end":{"line":153,"column":83}},"line":153},"20":{"name":"(anonymous_20)","decl":{"start":{"line":154,"column":62},"end":{"line":154,"column":63}},"loc":{"start":{"line":154,"column":77},"end":{"line":154,"column":87}},"line":154},"21":{"name":"(anonymous_21)","decl":{"start":{"line":255,"column":17},"end":{"line":255,"column":18}},"loc":{"start":{"line":255,"column":39},"end":{"line":257,"column":11}},"line":255},"22":{"name":"(anonymous_22)","decl":{"start":{"line":345,"column":20},"end":{"line":345,"column":21}},"loc":{"start":{"line":345,"column":36},"end":{"line":347,"column":11}},"line":345},"23":{"name":"(anonymous_23)","decl":{"start":{"line":371,"column":20},"end":{"line":371,"column":21}},"loc":{"start":{"line":371,"column":25},"end":{"line":371,"column":58}},"line":371},"24":{"name":"(anonymous_24)","decl":{"start":{"line":375,"column":20},"end":{"line":375,"column":21}},"loc":{"start":{"line":376,"column":12},"end":{"line":378,"column":21}},"line":376}},"branchMap":{"0":{"loc":{"start":{"line":44,"column":8},"end":{"line":46,"column":9}},"type":"if","locations":[{"start":{"line":44,"column":8},"end":{"line":46,"column":9}},{"start":{},"end":{}}],"line":44},"1":{"loc":{"start":{"line":44,"column":12},"end":{"line":44,"column":128}},"type":"binary-expr","locations":[{"start":{"line":44,"column":12},"end":{"line":44,"column":39}},{"start":{"line":44,"column":43},"end":{"line":44,"column":67}},{"start":{"line":44,"column":71},"end":{"line":44,"column":99}},{"start":{"line":44,"column":103},"end":{"line":44,"column":128}}],"line":44},"2":{"loc":{"start":{"line":60,"column":10},"end":{"line":62,"column":11}},"type":"if","locations":[{"start":{"line":60,"column":10},"end":{"line":62,"column":11}},{"start":{},"end":{}}],"line":60},"3":{"loc":{"start":{"line":61,"column":44},"end":{"line":61,"column":77}},"type":"binary-expr","locations":[{"start":{"line":61,"column":44},"end":{"line":61,"column":72}},{"start":{"line":61,"column":76},"end":{"line":61,"column":77}}],"line":61},"4":{"loc":{"start":{"line":67,"column":10},"end":{"line":69,"column":11}},"type":"if","locations":[{"start":{"line":67,"column":10},"end":{"line":69,"column":11}},{"start":{},"end":{}}],"line":67},"5":{"loc":{"start":{"line":75,"column":10},"end":{"line":77,"column":11}},"type":"if","locations":[{"start":{"line":75,"column":10},"end":{"line":77,"column":11}},{"start":{},"end":{}}],"line":75},"6":{"loc":{"start":{"line":76,"column":45},"end":{"line":76,"column":79}},"type":"binary-expr","locations":[{"start":{"line":76,"column":45},"end":{"line":76,"column":74}},{"start":{"line":76,"column":78},"end":{"line":76,"column":79}}],"line":76},"7":{"loc":{"start":{"line":83,"column":10},"end":{"line":85,"column":11}},"type":"if","locations":[{"start":{"line":83,"column":10},"end":{"line":85,"column":11}},{"start":{},"end":{}}],"line":83},"8":{"loc":{"start":{"line":109,"column":4},"end":{"line":113,"column":5}},"type":"if","locations":[{"start":{"line":109,"column":4},"end":{"line":113,"column":5}},{"start":{"line":111,"column":11},"end":{"line":113,"column":5}}],"line":109},"9":{"loc":{"start":{"line":117,"column":4},"end":{"line":121,"column":5}},"type":"if","locations":[{"start":{"line":117,"column":4},"end":{"line":121,"column":5}},{"start":{"line":119,"column":11},"end":{"line":121,"column":5}}],"line":117},"10":{"loc":{"start":{"line":126,"column":4},"end":{"line":130,"column":5}},"type":"if","locations":[{"start":{"line":126,"column":4},"end":{"line":130,"column":5}},{"start":{"line":128,"column":9},"end":{"line":130,"column":5}}],"line":126},"11":{"loc":{"start":{"line":135,"column":44},"end":{"line":135,"column":70}},"type":"binary-expr","locations":[{"start":{"line":135,"column":44},"end":{"line":135,"column":65}},{"start":{"line":135,"column":69},"end":{"line":135,"column":70}}],"line":135},"12":{"loc":{"start":{"line":141,"column":2},"end":{"line":151,"column":3}},"type":"if","locations":[{"start":{"line":141,"column":2},"end":{"line":151,"column":3}},{"start":{"line":148,"column":9},"end":{"line":151,"column":3}}],"line":141},"13":{"loc":{"start":{"line":143,"column":39},"end":{"line":143,"column":83}},"type":"binary-expr","locations":[{"start":{"line":143,"column":39},"end":{"line":143,"column":78}},{"start":{"line":143,"column":82},"end":{"line":143,"column":83}}],"line":143},"14":{"loc":{"start":{"line":146,"column":39},"end":{"line":146,"column":80}},"type":"binary-expr","locations":[{"start":{"line":146,"column":39},"end":{"line":146,"column":75}},{"start":{"line":146,"column":79},"end":{"line":146,"column":80}}],"line":146},"15":{"loc":{"start":{"line":149,"column":49},"end":{"line":149,"column":104}},"type":"binary-expr","locations":[{"start":{"line":149,"column":49},"end":{"line":149,"column":99}},{"start":{"line":149,"column":103},"end":{"line":149,"column":104}}],"line":149},"16":{"loc":{"start":{"line":150,"column":56},"end":{"line":150,"column":108}},"type":"binary-expr","locations":[{"start":{"line":150,"column":56},"end":{"line":150,"column":103}},{"start":{"line":150,"column":107},"end":{"line":150,"column":108}}],"line":150},"17":{"loc":{"start":{"line":312,"column":38},"end":{"line":312,"column":108}},"type":"cond-expr","locations":[{"start":{"line":312,"column":67},"end":{"line":312,"column":82}},{"start":{"line":312,"column":85},"end":{"line":312,"column":108}}],"line":312},"18":{"loc":{"start":{"line":382,"column":39},"end":{"line":382,"column":124}},"type":"cond-expr","locations":[{"start":{"line":382,"column":68},"end":{"line":382,"column":89}},{"start":{"line":382,"column":92},"end":{"line":382,"column":124}}],"line":382},"19":{"loc":{"start":{"line":383,"column":34},"end":{"line":383,"column":274}},"type":"cond-expr","locations":[{"start":{"line":383,"column":63},"end":{"line":383,"column":161}},{"start":{"line":383,"column":164},"end":{"line":383,"column":274}}],"line":383}},"s":{"0":0,"1":0,"2":0,"3":0,"4":0,"5":0,"6":0,"7":0,"8":0,"9":0,"10":0,"11":0,"12":0,"13":0,"14":0,"15":0,"16":0,"17":0,"18":0,"19":0,"20":0,"21":0,"22":0,"23":0,"24":0,"25":0,"26":0,"27":0,"28":0,"29":0,"30":0,"31":0,"32":0,"33":0,"34":0,"35":0,"36":0,"37":0,"38":0,"39":0,"40":0,"41":0,"42":0,"43":0,"44":0,"45":0,"46":0,"47":0,"48":0,"49":0,"50":0,"51":0,"52":0,"53":0,"54":0,"55":0,"56":0,"57":0,"58":0,"59":0,"60":0,"61":0,"62":0,"63":0,"64":0,"65":0,"66":0,"67":0,"68":0,"69":0,"70":0,"71":0,"72":0,"73":0,"74":0,"75":0,"76":0,"77":0,"78":0,"79":0,"80":0,"81":0,"82":0,"83":0,"84":0,"85":0,"86":0,"87":0,"88":0,"89":0,"90":0,"91":0,"92":0,"93":0,"94":0},"f":{"0":0,"1":0,"2":0,"3":0,"4":0,"5":0,"6":0,"7":0,"8":0,"9":0,"10":0,"11":0,"12":0,"13":0,"14":0,"15":0,"16":0,"17":0,"18":0,"19":0,"20":0,"21":0,"22":0,"23":0,"24":0},"b":{"0":[0,0],"1":[0,0,0,0],"2":[0,0],"3":[0,0],"4":[0,0],"5":[0,0],"6":[0,0],"7":[0,0],"8":[0,0],"9":[0,0],"10":[0,0],"11":[0,0],"12":[0,0],"13":[0,0],"14":[0,0],"15":[0,0],"16":[0,0],"17":[0,0],"18":[0,0],"19":[0,0]}}
,"C:\\Users\\Pichau\\Desktop\\Projetos\\mds\\LicitaBSB-24.1\\frontend\\src\\pages\\error\\index.jsx": {"path":"C:\\Users\\Pichau\\Desktop\\Projetos\\mds\\LicitaBSB-24.1\\frontend\\src\\pages\\error\\index.jsx","statementMap":{"0":{"start":{"line":2,"column":2},"end":{"line":7,"column":3}}},"fnMap":{"0":{"name":"Error","decl":{"start":{"line":1,"column":24},"end":{"line":1,"column":29}},"loc":{"start":{"line":1,"column":32},"end":{"line":8,"column":1}},"line":1}},"branchMap":{},"s":{"0":0},"f":{"0":0},"b":{}}
,"C:\\Users\\Pichau\\Desktop\\Projetos\\mds\\LicitaBSB-24.1\\frontend\\src\\pages\\landing\\index.jsx": {"path":"C:\\Users\\Pichau\\Desktop\\Projetos\\mds\\LicitaBSB-24.1\\frontend\\src\\pages\\landing\\index.jsx","statementMap":{"0":{"start":{"line":6,"column":2},"end":{"line":15,"column":4}}},"fnMap":{"0":{"name":"Landing","decl":{"start":{"line":5,"column":24},"end":{"line":5,"column":31}},"loc":{"start":{"line":5,"column":34},"end":{"line":16,"column":1}},"line":5}},"branchMap":{},"s":{"0":0},"f":{"0":0},"b":{}}
,"C:\\Users\\Pichau\\Desktop\\Projetos\\mds\\LicitaBSB-24.1\\frontend\\src\\pages\\landing\\ultimas-licitacoes\\index.jsx": {"path":"C:\\Users\\Pichau\\Desktop\\Projetos\\mds\\LicitaBSB-24.1\\frontend\\src\\pages\\landing\\ultimas-licitacoes\\index.jsx","statementMap":{"0":{"start":{"line":11,"column":29},"end":{"line":11,"column":42}},"1":{"start":{"line":13,"column":2},"end":{"line":37,"column":4}},"2":{"start":{"line":28,"column":12},"end":{"line":32,"column":14}}},"fnMap":{"0":{"name":"UltimasLicitacoes","decl":{"start":{"line":10,"column":24},"end":{"line":10,"column":41}},"loc":{"start":{"line":10,"column":44},"end":{"line":38,"column":1}},"line":10},"1":{"name":"(anonymous_1)","decl":{"start":{"line":27,"column":30},"end":{"line":27,"column":31}},"loc":{"start":{"line":27,"column":40},"end":{"line":33,"column":11}},"line":27}},"branchMap":{},"s":{"0":4,"1":4,"2":8},"f":{"0":4,"1":8},"b":{},"_coverageSchema":"1a1c01bbd47fc00a2c39e90264f33305004495a9","hash":"e74baaee9fcf2c2d88e5b282c17e8718b4a152b3"}
,"C:\\Users\\Pichau\\Desktop\\Projetos\\mds\\LicitaBSB-24.1\\frontend\\src\\services\\licitacoes.service.js": {"path":"C:\\Users\\Pichau\\Desktop\\Projetos\\mds\\LicitaBSB-24.1\\frontend\\src\\services\\licitacoes.service.js","statementMap":{"0":{"start":{"line":4,"column":2},"end":{"line":14,"column":3}},"1":{"start":{"line":5,"column":21},"end":{"line":9,"column":6}},"2":{"start":{"line":10,"column":4},"end":{"line":10,"column":16}},"3":{"start":{"line":12,"column":4},"end":{"line":12,"column":23}},"4":{"start":{"line":13,"column":4},"end":{"line":13,"column":14}},"5":{"start":{"line":18,"column":2},"end":{"line":25,"column":3}},"6":{"start":{"line":19,"column":21},"end":{"line":19,"column":55}},"7":{"start":{"line":20,"column":4},"end":{"line":20,"column":16}},"8":{"start":{"line":23,"column":4},"end":{"line":23,"column":23}},"9":{"start":{"line":24,"column":4},"end":{"line":24,"column":14}}},"fnMap":{"0":{"name":"getLicitacoes","decl":{"start":{"line":3,"column":22},"end":{"line":3,"column":35}},"loc":{"start":{"line":3,"column":45},"end":{"line":15,"column":1}},"line":3},"1":{"name":"getLicitacaoById","decl":{"start":{"line":17,"column":22},"end":{"line":17,"column":38}},"loc":{"start":{"line":17,"column":43},"end":{"line":26,"column":1}},"line":17}},"branchMap":{},"s":{"0":2,"1":2,"2":1,"3":1,"4":1,"5":2,"6":2,"7":1,"8":1,"9":1},"f":{"0":2,"1":2},"b":{},"_coverageSchema":"1a1c01bbd47fc00a2c39e90264f33305004495a9","hash":"c75080a5532c580c17a6d8b3bac55e51bb0e4a60"}
,"C:\\Users\\Pichau\\Desktop\\Projetos\\mds\\LicitaBSB-24.1\\frontend\\src\\services\\orgaos.service.js": {"path":"C:\\Users\\Pichau\\Desktop\\Projetos\\mds\\LicitaBSB-24.1\\frontend\\src\\services\\orgaos.service.js","statementMap":{"0":{"start":{"line":3,"column":25},"end":{"line":15,"column":1}},"1":{"start":{"line":4,"column":2},"end":{"line":14,"column":3}},"2":{"start":{"line":5,"column":21},"end":{"line":9,"column":6}},"3":{"start":{"line":10,"column":4},"end":{"line":10,"column":16}},"4":{"start":{"line":12,"column":4},"end":{"line":12,"column":23}},"5":{"start":{"line":13,"column":4},"end":{"line":13,"column":14}}},"fnMap":{"0":{"name":"(anonymous_0)","decl":{"start":{"line":3,"column":25},"end":{"line":3,"column":26}},"loc":{"start":{"line":3,"column":44},"end":{"line":15,"column":1}},"line":3}},"branchMap":{},"s":{"0":2,"1":16,"2":16,"3":1,"4":1,"5":1},"f":{"0":16},"b":{},"_coverageSchema":"1a1c01bbd47fc00a2c39e90264f33305004495a9","hash":"0a722846e9230c9c24331cafd54076bbbe9b1edd"}
,"C:\\Users\\Pichau\\Desktop\\Projetos\\mds\\LicitaBSB-24.1\\frontend\\src\\utils\\bidding-types.js": {"path":"C:\\Users\\Pichau\\Desktop\\Projetos\\mds\\LicitaBSB-24.1\\frontend\\src\\utils\\bidding-types.js","statementMap":{"0":{"start":{"line":1,"column":28},"end":{"line":1,"column":48}}},"fnMap":{},"branchMap":{},"s":{"0":2},"f":{},"b":{},"_coverageSchema":"1a1c01bbd47fc00a2c39e90264f33305004495a9","hash":"866a474f11a208d2c41ad0b6bd3a1e542d2650d8"}
,"C:\\Users\\Pichau\\Desktop\\Projetos\\mds\\LicitaBSB-24.1\\frontend\\src\\utils\\format-bidding-object.js": {"path":"C:\\Users\\Pichau\\Desktop\\Projetos\\mds\\LicitaBSB-24.1\\frontend\\src\\utils\\format-bidding-object.js","statementMap":{"0":{"start":{"line":2,"column":16},"end":{"line":15,"column":3}},"1":{"start":{"line":17,"column":2},"end":{"line":17,"column":15}}},"fnMap":{"0":{"name":"formatBiddingObject","decl":{"start":{"line":1,"column":16},"end":{"line":1,"column":35}},"loc":{"start":{"line":1,"column":47},"end":{"line":18,"column":1}},"line":1}},"branchMap":{},"s":{"0":0,"1":0},"f":{"0":0},"b":{}}
,"C:\\Users\\Pichau\\Desktop\\Projetos\\mds\\LicitaBSB-24.1\\frontend\\src\\utils\\format-currency.js": {"path":"C:\\Users\\Pichau\\Desktop\\Projetos\\mds\\LicitaBSB-24.1\\frontend\\src\\utils\\format-currency.js","statementMap":{"0":{"start":{"line":4,"column":2},"end":{"line":8,"column":3}},"1":{"start":{"line":5,"column":4},"end":{"line":5,"column":41}},"2":{"start":{"line":7,"column":4},"end":{"line":7,"column":38}},"3":{"start":{"line":10,"column":2},"end":{"line":15,"column":12}}},"fnMap":{"0":{"name":"formatCurrency","decl":{"start":{"line":1,"column":24},"end":{"line":1,"column":38}},"loc":{"start":{"line":1,"column":46},"end":{"line":16,"column":1}},"line":1}},"branchMap":{"0":{"loc":{"start":{"line":4,"column":2},"end":{"line":8,"column":3}},"type":"if","locations":[{"start":{"line":4,"column":2},"end":{"line":8,"column":3}},{"start":{"line":6,"column":9},"end":{"line":8,"column":3}}],"line":4}},"s":{"0":7,"1":0,"2":7,"3":7},"f":{"0":7},"b":{"0":[0,7]},"_coverageSchema":"1a1c01bbd47fc00a2c39e90264f33305004495a9","hash":"b1fc72444bea2cbb12520d00d9fca3a6302df51a"}
,"C:\\Users\\Pichau\\Desktop\\Projetos\\mds\\LicitaBSB-24.1\\frontend\\src\\utils\\status-bidding.js": {"path":"C:\\Users\\Pichau\\Desktop\\Projetos\\mds\\LicitaBSB-24.1\\frontend\\src\\utils\\status-bidding.js","statementMap":{"0":{"start":{"line":2,"column":4},"end":{"line":4,"column":27}},"1":{"start":{"line":3,"column":8},"end":{"line":3,"column":27}},"2":{"start":{"line":4,"column":11},"end":{"line":4,"column":27}}},"fnMap":{"0":{"name":"setStatusBidding","decl":{"start":{"line":1,"column":16},"end":{"line":1,"column":32}},"loc":{"start":{"line":1,"column":42},"end":{"line":5,"column":1}},"line":1}},"branchMap":{"0":{"loc":{"start":{"line":2,"column":4},"end":{"line":4,"column":27}},"type":"if","locations":[{"start":{"line":2,"column":4},"end":{"line":4,"column":27}},{"start":{"line":4,"column":11},"end":{"line":4,"column":27}}],"line":2}},"s":{"0":29,"1":1,"2":28},"f":{"0":29},"b":{"0":[1,28]},"_coverageSchema":"1a1c01bbd47fc00a2c39e90264f33305004495a9","hash":"0598ffe9c977a3b07e4f0f7a03fdf2cfbdcde039"}
}
