{"C:\\Users\\Pichau\\projetos\\js_projects\\mds2\\outra-copia\\LicitaBSB-24.1\\frontend\\src\\main.jsx": {"path":"C:\\Users\\Pichau\\projetos\\js_projects\\mds2\\outra-copia\\LicitaBSB-24.1\\frontend\\src\\main.jsx","statementMap":{"0":{"start":{"line":20,"column":2},"end":{"line":36,"column":4}},"1":{"start":{"line":39,"column":0},"end":{"line":43,"column":2}}},"fnMap":{"0":{"name":"AppRoutes","decl":{"start":{"line":19,"column":9},"end":{"line":19,"column":18}},"loc":{"start":{"line":19,"column":21},"end":{"line":37,"column":1}},"line":19}},"branchMap":{},"s":{"0":0,"1":0},"f":{"0":0},"b":{}}
,"C:\\Users\\Pichau\\projetos\\js_projects\\mds2\\outra-copia\\LicitaBSB-24.1\\frontend\\src\\components\\campo-pesquisa\\index.jsx": {"path":"C:\\Users\\Pichau\\projetos\\js_projects\\mds2\\outra-copia\\LicitaBSB-24.1\\frontend\\src\\components\\campo-pesquisa\\index.jsx","statementMap":{"0":{"start":{"line":11,"column":2},"end":{"line":30,"column":4}},"1":{"start":{"line":21,"column":12},"end":{"line":24,"column":14}}},"fnMap":{"0":{"name":"CampoPesquisa","decl":{"start":{"line":6,"column":24},"end":{"line":6,"column":37}},"loc":{"start":{"line":10,"column":3},"end":{"line":31,"column":1}},"line":10},"1":{"name":"(anonymous_1)","decl":{"start":{"line":20,"column":20},"end":{"line":20,"column":21}},"loc":{"start":{"line":21,"column":12},"end":{"line":24,"column":14}},"line":21}},"branchMap":{},"s":{"0":0,"1":0},"f":{"0":0,"1":0},"b":{}}
,"C:\\Users\\Pichau\\projetos\\js_projects\\mds2\\outra-copia\\LicitaBSB-24.1\\frontend\\src\\components\\card-about\\index.jsx": {"path":"C:\\Users\\Pichau\\projetos\\js_projects\\mds2\\outra-copia\\LicitaBSB-24.1\\frontend\\src\\components\\card-about\\index.jsx","statementMap":{"0":{"start":{"line":13,"column":2},"end":{"line":33,"column":4}}},"fnMap":{"0":{"name":"CardAbout","decl":{"start":{"line":5,"column":24},"end":{"line":5,"column":33}},"loc":{"start":{"line":12,"column":3},"end":{"line":34,"column":1}},"line":12}},"branchMap":{},"s":{"0":7},"f":{"0":7},"b":{},"_coverageSchema":"1a1c01bbd47fc00a2c39e90264f33305004495a9","hash":"f38ed8f4e086f88da8a99602aa6a8d52203073d9"}
,"C:\\Users\\Pichau\\projetos\\js_projects\\mds2\\outra-copia\\LicitaBSB-24.1\\frontend\\src\\components\\card-licitacoes\\index.jsx": {"path":"C:\\Users\\Pichau\\projetos\\js_projects\\mds2\\outra-copia\\LicitaBSB-24.1\\frontend\\src\\components\\card-licitacoes\\index.jsx","statementMap":{"0":{"start":{"line":8,"column":2},"end":{"line":43,"column":4}}},"fnMap":{"0":{"name":"CardLicitacoes","decl":{"start":{"line":7,"column":24},"end":{"line":7,"column":38}},"loc":{"start":{"line":7,"column":49},"end":{"line":44,"column":1}},"line":7}},"branchMap":{"0":{"loc":{"start":{"line":24,"column":11},"end":{"line":28,"column":11}},"type":"binary-expr","locations":[{"start":{"line":24,"column":11},"end":{"line":24,"column":23}},{"start":{"line":25,"column":12},"end":{"line":27,"column":16}}],"line":24}},"s":{"0":0},"f":{"0":0},"b":{"0":[0,0]}}
,"C:\\Users\\Pichau\\projetos\\js_projects\\mds2\\outra-copia\\LicitaBSB-24.1\\frontend\\src\\components\\footer\\index.jsx": {"path":"C:\\Users\\Pichau\\projetos\\js_projects\\mds2\\outra-copia\\LicitaBSB-24.1\\frontend\\src\\components\\footer\\index.jsx","statementMap":{"0":{"start":{"line":8,"column":15},"end":{"line":56,"column":1}},"1":{"start":{"line":9,"column":2},"end":{"line":55,"column":4}}},"fnMap":{"0":{"name":"(anonymous_0)","decl":{"start":{"line":8,"column":15},"end":{"line":8,"column":16}},"loc":{"start":{"line":8,"column":21},"end":{"line":56,"column":1}},"line":8}},"branchMap":{},"s":{"0":1,"1":6},"f":{"0":6},"b":{},"_coverageSchema":"1a1c01bbd47fc00a2c39e90264f33305004495a9","hash":"050729f117adf1e583d849273807098e44f1a32d"}
,"C:\\Users\\Pichau\\projetos\\js_projects\\mds2\\outra-copia\\LicitaBSB-24.1\\frontend\\src\\components\\header\\index.jsx": {"path":"C:\\Users\\Pichau\\projetos\\js_projects\\mds2\\outra-copia\\LicitaBSB-24.1\\frontend\\src\\components\\header\\index.jsx","statementMap":{"0":{"start":{"line":8,"column":15},"end":{"line":114,"column":1}},"1":{"start":{"line":9,"column":19},"end":{"line":9,"column":32}},"2":{"start":{"line":10,"column":28},"end":{"line":10,"column":40}},"3":{"start":{"line":13,"column":4},"end":{"line":13,"column":29}},"4":{"start":{"line":18,"column":23},"end":{"line":22,"column":26}},"5":{"start":{"line":23,"column":4},"end":{"line":23,"column":46}},"6":{"start":{"line":26,"column":2},"end":{"line":113,"column":4}},"7":{"start":{"line":70,"column":31},"end":{"line":70,"column":48}},"8":{"start":{"line":75,"column":33},"end":{"line":75,"column":49}}},"fnMap":{"0":{"name":"(anonymous_0)","decl":{"start":{"line":8,"column":15},"end":{"line":8,"column":16}},"loc":{"start":{"line":8,"column":21},"end":{"line":114,"column":1}},"line":8},"1":{"name":"handdleChange","decl":{"start":{"line":12,"column":11},"end":{"line":12,"column":24}},"loc":{"start":{"line":12,"column":28},"end":{"line":15,"column":3}},"line":12},"2":{"name":"buscarLicitacao","decl":{"start":{"line":17,"column":11},"end":{"line":17,"column":26}},"loc":{"start":{"line":17,"column":29},"end":{"line":24,"column":3}},"line":17},"3":{"name":"(anonymous_3)","decl":{"start":{"line":70,"column":25},"end":{"line":70,"column":26}},"loc":{"start":{"line":70,"column":31},"end":{"line":70,"column":48}},"line":70},"4":{"name":"(anonymous_4)","decl":{"start":{"line":75,"column":26},"end":{"line":75,"column":27}},"loc":{"start":{"line":75,"column":33},"end":{"line":75,"column":49}},"line":75}},"branchMap":{},"s":{"0":1,"1":19,"2":19,"3":9,"4":0,"5":0,"6":19,"7":0,"8":9},"f":{"0":19,"1":9,"2":0,"3":0,"4":9},"b":{},"_coverageSchema":"1a1c01bbd47fc00a2c39e90264f33305004495a9","hash":"4ffa47dba29734874128d65853f4b0e00007a300"}
,"C:\\Users\\Pichau\\projetos\\js_projects\\mds2\\outra-copia\\LicitaBSB-24.1\\frontend\\src\\components\\layout\\custom-button\\index.jsx": {"path":"C:\\Users\\Pichau\\projetos\\js_projects\\mds2\\outra-copia\\LicitaBSB-24.1\\frontend\\src\\components\\layout\\custom-button\\index.jsx","statementMap":{"0":{"start":{"line":5,"column":2},"end":{"line":12,"column":4}}},"fnMap":{"0":{"name":"CustomButton","decl":{"start":{"line":4,"column":24},"end":{"line":4,"column":36}},"loc":{"start":{"line":4,"column":72},"end":{"line":13,"column":1}},"line":4}},"branchMap":{"0":{"loc":{"start":{"line":4,"column":55},"end":{"line":4,"column":68}},"type":"default-arg","locations":[{"start":{"line":4,"column":63},"end":{"line":4,"column":68}}],"line":4},"1":{"loc":{"start":{"line":7,"column":43},"end":{"line":7,"column":80}},"type":"cond-expr","locations":[{"start":{"line":7,"column":51},"end":{"line":7,"column":75}},{"start":{"line":7,"column":78},"end":{"line":7,"column":80}}],"line":7}},"s":{"0":0},"f":{"0":0},"b":{"0":[0],"1":[0,0]}}
,"C:\\Users\\Pichau\\projetos\\js_projects\\mds2\\outra-copia\\LicitaBSB-24.1\\frontend\\src\\components\\layout\\custom-input-checkbox\\index.jsx": {"path":"C:\\Users\\Pichau\\projetos\\js_projects\\mds2\\outra-copia\\LicitaBSB-24.1\\frontend\\src\\components\\layout\\custom-input-checkbox\\index.jsx","statementMap":{"0":{"start":{"line":5,"column":2},"end":{"line":11,"column":4}}},"fnMap":{"0":{"name":"CustomInputCheckbox","decl":{"start":{"line":4,"column":24},"end":{"line":4,"column":43}},"loc":{"start":{"line":4,"column":74},"end":{"line":12,"column":1}},"line":4}},"branchMap":{},"s":{"0":0},"f":{"0":0},"b":{}}
,"C:\\Users\\Pichau\\projetos\\js_projects\\mds2\\outra-copia\\LicitaBSB-24.1\\frontend\\src\\components\\layout\\custom-input-radio\\index.jsx": {"path":"C:\\Users\\Pichau\\projetos\\js_projects\\mds2\\outra-copia\\LicitaBSB-24.1\\frontend\\src\\components\\layout\\custom-input-radio\\index.jsx","statementMap":{"0":{"start":{"line":5,"column":2},"end":{"line":11,"column":4}}},"fnMap":{"0":{"name":"CustomInputRadio","decl":{"start":{"line":4,"column":24},"end":{"line":4,"column":40}},"loc":{"start":{"line":4,"column":80},"end":{"line":12,"column":1}},"line":4}},"branchMap":{},"s":{"0":0},"f":{"0":0},"b":{}}
,"C:\\Users\\Pichau\\projetos\\js_projects\\mds2\\outra-copia\\LicitaBSB-24.1\\frontend\\src\\components\\newsletter\\Index.jsx": {"path":"C:\\Users\\Pichau\\projetos\\js_projects\\mds2\\outra-copia\\LicitaBSB-24.1\\frontend\\src\\components\\newsletter\\Index.jsx","statementMap":{"0":{"start":{"line":5,"column":22},"end":{"line":45,"column":1}},"1":{"start":{"line":6,"column":28},"end":{"line":6,"column":40}},"2":{"start":{"line":7,"column":32},"end":{"line":7,"column":44}},"3":{"start":{"line":9,"column":23},"end":{"line":27,"column":3}},"4":{"start":{"line":10,"column":4},"end":{"line":10,"column":23}},"5":{"start":{"line":12,"column":4},"end":{"line":26,"column":5}},"6":{"start":{"line":13,"column":23},"end":{"line":16,"column":7}},"7":{"start":{"line":19,"column":6},"end":{"line":19,"column":32}},"8":{"start":{"line":21,"column":6},"end":{"line":21,"column":41}},"9":{"start":{"line":22,"column":6},"end":{"line":25,"column":8}},"10":{"start":{"line":29,"column":2},"end":{"line":44,"column":4}},"11":{"start":{"line":37,"column":27},"end":{"line":37,"column":51}}},"fnMap":{"0":{"name":"(anonymous_0)","decl":{"start":{"line":5,"column":22},"end":{"line":5,"column":23}},"loc":{"start":{"line":5,"column":28},"end":{"line":45,"column":1}},"line":5},"1":{"name":"(anonymous_1)","decl":{"start":{"line":9,"column":23},"end":{"line":9,"column":24}},"loc":{"start":{"line":9,"column":36},"end":{"line":27,"column":3}},"line":9},"2":{"name":"(anonymous_2)","decl":{"start":{"line":37,"column":20},"end":{"line":37,"column":21}},"loc":{"start":{"line":37,"column":27},"end":{"line":37,"column":51}},"line":37}},"branchMap":{"0":{"loc":{"start":{"line":24,"column":8},"end":{"line":24,"column":60}},"type":"cond-expr","locations":[{"start":{"line":24,"column":25},"end":{"line":24,"column":44}},{"start":{"line":24,"column":47},"end":{"line":24,"column":60}}],"line":24},"1":{"loc":{"start":{"line":42,"column":7},"end":{"line":42,"column":34}},"type":"binary-expr","locations":[{"start":{"line":42,"column":7},"end":{"line":42,"column":14}},{"start":{"line":42,"column":18},"end":{"line":42,"column":34}}],"line":42}},"s":{"0":0,"1":0,"2":0,"3":0,"4":0,"5":0,"6":0,"7":0,"8":0,"9":0,"10":0,"11":0},"f":{"0":0,"1":0,"2":0},"b":{"0":[0,0],"1":[0,0]}}
,"C:\\Users\\Pichau\\projetos\\js_projects\\mds2\\outra-copia\\LicitaBSB-24.1\\frontend\\src\\components\\newsletter\\Test.js": {"path":"C:\\Users\\Pichau\\projetos\\js_projects\\mds2\\outra-copia\\LicitaBSB-24.1\\frontend\\src\\components\\newsletter\\Test.js","statementMap":{"0":{"start":{"line":3,"column":13},"end":{"line":10,"column":1}},"1":{"start":{"line":5,"column":4},"end":{"line":5,"column":51}},"2":{"start":{"line":7,"column":2},"end":{"line":9,"column":3}}},"fnMap":{"0":{"name":"(anonymous_0)","decl":{"start":{"line":3,"column":13},"end":{"line":3,"column":14}},"loc":{"start":{"line":3,"column":19},"end":{"line":10,"column":1}},"line":3}},"branchMap":{},"s":{"0":0,"1":0,"2":0},"f":{"0":0},"b":{}}
,"C:\\Users\\Pichau\\projetos\\js_projects\\mds2\\outra-copia\\LicitaBSB-24.1\\frontend\\src\\config\\api.js": {"path":"C:\\Users\\Pichau\\projetos\\js_projects\\mds2\\outra-copia\\LicitaBSB-24.1\\frontend\\src\\config\\api.js","statementMap":{"0":{"start":{"line":3,"column":19},"end":{"line":6,"column":2}}},"fnMap":{},"branchMap":{},"s":{"0":0},"f":{},"b":{}}
,"C:\\Users\\Pichau\\projetos\\js_projects\\mds2\\outra-copia\\LicitaBSB-24.1\\frontend\\src\\hooks\\useSearchBidding.jsx": {"path":"C:\\Users\\Pichau\\projetos\\js_projects\\mds2\\outra-copia\\LicitaBSB-24.1\\frontend\\src\\hooks\\useSearchBidding.jsx","statementMap":{"0":{"start":{"line":1,"column":32},"end":{"line":32,"column":1}},"1":{"start":{"line":3,"column":24},"end":{"line":6,"column":38}},"2":{"start":{"line":8,"column":18},"end":{"line":20,"column":6}},"3":{"start":{"line":9,"column":19},"end":{"line":9,"column":63}},"4":{"start":{"line":11,"column":8},"end":{"line":11,"column":72}},"5":{"start":{"line":12,"column":6},"end":{"line":19,"column":8}},"6":{"start":{"line":21,"column":4},"end":{"line":21,"column":17}},"7":{"start":{"line":23,"column":2},"end":{"line":31,"column":4}}},"fnMap":{"0":{"name":"(anonymous_0)","decl":{"start":{"line":1,"column":32},"end":{"line":1,"column":33}},"loc":{"start":{"line":1,"column":38},"end":{"line":32,"column":1}},"line":1},"1":{"name":"getBiddingSearch","decl":{"start":{"line":2,"column":11},"end":{"line":2,"column":27}},"loc":{"start":{"line":2,"column":47},"end":{"line":22,"column":3}},"line":2},"2":{"name":"(anonymous_2)","decl":{"start":{"line":8,"column":36},"end":{"line":8,"column":37}},"loc":{"start":{"line":8,"column":51},"end":{"line":20,"column":5}},"line":8}},"branchMap":{"0":{"loc":{"start":{"line":9,"column":19},"end":{"line":9,"column":63}},"type":"cond-expr","locations":[{"start":{"line":9,"column":44},"end":{"line":9,"column":51}},{"start":{"line":9,"column":54},"end":{"line":9,"column":63}}],"line":9},"1":{"loc":{"start":{"line":11,"column":8},"end":{"line":11,"column":72}},"type":"cond-expr","locations":[{"start":{"line":11,"column":27},"end":{"line":11,"column":47}},{"start":{"line":11,"column":50},"end":{"line":11,"column":72}}],"line":11},"2":{"loc":{"start":{"line":13,"column":8},"end":{"line":18,"column":26}},"type":"binary-expr","locations":[{"start":{"line":13,"column":8},"end":{"line":13,"column":43}},{"start":{"line":14,"column":8},"end":{"line":18,"column":26}}],"line":13}},"s":{"0":0,"1":0,"2":0,"3":0,"4":0,"5":0,"6":0,"7":0},"f":{"0":0,"1":0,"2":0},"b":{"0":[0,0],"1":[0,0],"2":[0,0]}}
,"C:\\Users\\Pichau\\projetos\\js_projects\\mds2\\outra-copia\\LicitaBSB-24.1\\frontend\\src\\mocks\\licitacoes.js": {"path":"C:\\Users\\Pichau\\projetos\\js_projects\\mds2\\outra-copia\\LicitaBSB-24.1\\frontend\\src\\mocks\\licitacoes.js","statementMap":{"0":{"start":{"line":1,"column":19},"end":{"line":37,"column":1}}},"fnMap":{},"branchMap":{},"s":{"0":0},"f":{},"b":{}}
,"C:\\Users\\Pichau\\projetos\\js_projects\\mds2\\outra-copia\\LicitaBSB-24.1\\frontend\\src\\mocks\\members.js": {"path":"C:\\Users\\Pichau\\projetos\\js_projects\\mds2\\outra-copia\\LicitaBSB-24.1\\frontend\\src\\mocks\\members.js","statementMap":{"0":{"start":{"line":1,"column":16},"end":{"line":51,"column":1}}},"fnMap":{},"branchMap":{},"s":{"0":1},"f":{},"b":{},"_coverageSchema":"1a1c01bbd47fc00a2c39e90264f33305004495a9","hash":"96c92f228638a52cba90dfb604de63f98ea5f02f"}
,"C:\\Users\\Pichau\\projetos\\js_projects\\mds2\\outra-copia\\LicitaBSB-24.1\\frontend\\src\\mocks\\sobreLicitacoes.js": {"path":"C:\\Users\\Pichau\\projetos\\js_projects\\mds2\\outra-copia\\LicitaBSB-24.1\\frontend\\src\\mocks\\sobreLicitacoes.js","statementMap":{"0":{"start":{"line":1,"column":24},"end":{"line":13,"column":1}}},"fnMap":{},"branchMap":{},"s":{"0":0},"f":{},"b":{}}
,"C:\\Users\\Pichau\\projetos\\js_projects\\mds2\\outra-copia\\LicitaBSB-24.1\\frontend\\src\\pages\\about-bidding\\index.jsx": {"path":"C:\\Users\\Pichau\\projetos\\js_projects\\mds2\\outra-copia\\LicitaBSB-24.1\\frontend\\src\\pages\\about-bidding\\index.jsx","statementMap":{"0":{"start":{"line":9,"column":25},"end":{"line":9,"column":43}},"1":{"start":{"line":11,"column":2},"end":{"line":22,"column":4}}},"fnMap":{"0":{"name":"AboutBidding","decl":{"start":{"line":8,"column":24},"end":{"line":8,"column":36}},"loc":{"start":{"line":8,"column":39},"end":{"line":23,"column":1}},"line":8}},"branchMap":{},"s":{"0":0,"1":0},"f":{"0":0},"b":{}}
,"C:\\Users\\Pichau\\projetos\\js_projects\\mds2\\outra-copia\\LicitaBSB-24.1\\frontend\\src\\pages\\about-bot\\index.jsx": {"path":"C:\\Users\\Pichau\\projetos\\js_projects\\mds2\\outra-copia\\LicitaBSB-24.1\\frontend\\src\\pages\\about-bot\\index.jsx","statementMap":{"0":{"start":{"line":6,"column":2},"end":{"line":122,"column":4}}},"fnMap":{"0":{"name":"AboutBot","decl":{"start":{"line":5,"column":24},"end":{"line":5,"column":32}},"loc":{"start":{"line":5,"column":35},"end":{"line":123,"column":1}},"line":5}},"branchMap":{},"s":{"0":0},"f":{"0":0},"b":{}}
,"C:\\Users\\Pichau\\projetos\\js_projects\\mds2\\outra-copia\\LicitaBSB-24.1\\frontend\\src\\pages\\about-us\\index.jsx": {"path":"C:\\Users\\Pichau\\projetos\\js_projects\\mds2\\outra-copia\\LicitaBSB-24.1\\frontend\\src\\pages\\about-us\\index.jsx","statementMap":{"0":{"start":{"line":6,"column":2},"end":{"line":39,"column":4}},"1":{"start":{"line":29,"column":10},"end":{"line":35,"column":12}}},"fnMap":{"0":{"name":"AboutUs","decl":{"start":{"line":5,"column":24},"end":{"line":5,"column":31}},"loc":{"start":{"line":5,"column":34},"end":{"line":40,"column":1}},"line":5},"1":{"name":"(anonymous_1)","decl":{"start":{"line":28,"column":21},"end":{"line":28,"column":22}},"loc":{"start":{"line":29,"column":10},"end":{"line":35,"column":12}},"line":29}},"branchMap":{},"s":{"0":6,"1":42},"f":{"0":6,"1":42},"b":{},"_coverageSchema":"1a1c01bbd47fc00a2c39e90264f33305004495a9","hash":"7b095192a328b6035af8245b8d16a787bb1c52c3"}
,"C:\\Users\\Pichau\\projetos\\js_projects\\mds2\\outra-copia\\LicitaBSB-24.1\\frontend\\src\\pages\\about-us\\card-member\\index.jsx": {"path":"C:\\Users\\Pichau\\projetos\\js_projects\\mds2\\outra-copia\\LicitaBSB-24.1\\frontend\\src\\pages\\about-us\\card-member\\index.jsx","statementMap":{"0":{"start":{"line":5,"column":20},"end":{"line":5,"column":32}},"1":{"start":{"line":7,"column":2},"end":{"line":32,"column":4}}},"fnMap":{"0":{"name":"CardMember","decl":{"start":{"line":4,"column":24},"end":{"line":4,"column":34}},"loc":{"start":{"line":4,"column":68},"end":{"line":33,"column":1}},"line":4}},"branchMap":{"0":{"loc":{"start":{"line":17,"column":10},"end":{"line":19,"column":59}},"type":"cond-expr","locations":[{"start":{"line":18,"column":14},"end":{"line":18,"column":57}},{"start":{"line":19,"column":14},"end":{"line":19,"column":59}}],"line":17}},"s":{"0":45,"1":45},"f":{"0":45},"b":{"0":[24,21]},"_coverageSchema":"1a1c01bbd47fc00a2c39e90264f33305004495a9","hash":"4a9b9214e9f6cc0b0c13fe47eea5819bddf091c9"}
,"C:\\Users\\Pichau\\projetos\\js_projects\\mds2\\outra-copia\\LicitaBSB-24.1\\frontend\\src\\pages\\bidding-list\\index.jsx": {"path":"C:\\Users\\Pichau\\projetos\\js_projects\\mds2\\outra-copia\\LicitaBSB-24.1\\frontend\\src\\pages\\bidding-list\\index.jsx","statementMap":{"0":{"start":{"line":11,"column":19},"end":{"line":11,"column":32}},"1":{"start":{"line":12,"column":25},"end":{"line":12,"column":42}},"2":{"start":{"line":14,"column":21},"end":{"line":14,"column":77}},"3":{"start":{"line":15,"column":22},"end":{"line":17,"column":8}},"4":{"start":{"line":18,"column":22},"end":{"line":20,"column":8}},"5":{"start":{"line":22,"column":42},"end":{"line":28,"column":4}},"6":{"start":{"line":30,"column":48},"end":{"line":30,"column":60}},"7":{"start":{"line":31,"column":40},"end":{"line":31,"column":51}},"8":{"start":{"line":34,"column":17},"end":{"line":34,"column":44}},"9":{"start":{"line":35,"column":4},"end":{"line":35,"column":31}},"10":{"start":{"line":36,"column":4},"end":{"line":36,"column":37}},"11":{"start":{"line":39,"column":27},"end":{"line":42,"column":3}},"12":{"start":{"line":40,"column":4},"end":{"line":40,"column":70}},"13":{"start":{"line":40,"column":37},"end":{"line":40,"column":67}},"14":{"start":{"line":41,"column":4},"end":{"line":41,"column":27}},"15":{"start":{"line":44,"column":27},"end":{"line":49,"column":3}},"16":{"start":{"line":45,"column":4},"end":{"line":48,"column":17}},"17":{"start":{"line":46,"column":23},"end":{"line":46,"column":34}},"18":{"start":{"line":47,"column":20},"end":{"line":47,"column":43}},"19":{"start":{"line":52,"column":24},"end":{"line":52,"column":71}},"20":{"start":{"line":53,"column":4},"end":{"line":53,"column":26}},"21":{"start":{"line":54,"column":4},"end":{"line":54,"column":16}},"22":{"start":{"line":57,"column":2},"end":{"line":59,"column":9}},"23":{"start":{"line":58,"column":4},"end":{"line":58,"column":27}},"24":{"start":{"line":61,"column":2},"end":{"line":84,"column":4}},"25":{"start":{"line":78,"column":12},"end":{"line":78,"column":76}}},"fnMap":{"0":{"name":"BiddingList","decl":{"start":{"line":10,"column":24},"end":{"line":10,"column":35}},"loc":{"start":{"line":10,"column":38},"end":{"line":85,"column":1}},"line":10},"1":{"name":"loadData","decl":{"start":{"line":33,"column":17},"end":{"line":33,"column":25}},"loc":{"start":{"line":33,"column":34},"end":{"line":37,"column":3}},"line":33},"2":{"name":"(anonymous_2)","decl":{"start":{"line":39,"column":27},"end":{"line":39,"column":28}},"loc":{"start":{"line":39,"column":41},"end":{"line":42,"column":3}},"line":39},"3":{"name":"(anonymous_3)","decl":{"start":{"line":40,"column":20},"end":{"line":40,"column":21}},"loc":{"start":{"line":40,"column":37},"end":{"line":40,"column":67}},"line":40},"4":{"name":"(anonymous_4)","decl":{"start":{"line":44,"column":27},"end":{"line":44,"column":28}},"loc":{"start":{"line":44,"column":39},"end":{"line":49,"column":3}},"line":44},"5":{"name":"(anonymous_5)","decl":{"start":{"line":46,"column":14},"end":{"line":46,"column":15}},"loc":{"start":{"line":46,"column":23},"end":{"line":46,"column":34}},"line":46},"6":{"name":"(anonymous_6)","decl":{"start":{"line":47,"column":11},"end":{"line":47,"column":12}},"loc":{"start":{"line":47,"column":20},"end":{"line":47,"column":43}},"line":47},"7":{"name":"handleSearch","decl":{"start":{"line":51,"column":11},"end":{"line":51,"column":23}},"loc":{"start":{"line":51,"column":26},"end":{"line":55,"column":3}},"line":51},"8":{"name":"(anonymous_8)","decl":{"start":{"line":57,"column":12},"end":{"line":57,"column":13}},"loc":{"start":{"line":57,"column":18},"end":{"line":59,"column":3}},"line":57},"9":{"name":"(anonymous_9)","decl":{"start":{"line":77,"column":31},"end":{"line":77,"column":32}},"loc":{"start":{"line":77,"column":46},"end":{"line":79,"column":11}},"line":77}},"branchMap":{"0":{"loc":{"start":{"line":14,"column":21},"end":{"line":14,"column":77}},"type":"cond-expr","locations":[{"start":{"line":14,"column":48},"end":{"line":14,"column":72}},{"start":{"line":14,"column":75},"end":{"line":14,"column":77}}],"line":14},"1":{"loc":{"start":{"line":15,"column":22},"end":{"line":17,"column":8}},"type":"cond-expr","locations":[{"start":{"line":16,"column":6},"end":{"line":16,"column":32}},{"start":{"line":17,"column":6},"end":{"line":17,"column":8}}],"line":15},"2":{"loc":{"start":{"line":18,"column":22},"end":{"line":20,"column":8}},"type":"cond-expr","locations":[{"start":{"line":19,"column":6},"end":{"line":19,"column":31}},{"start":{"line":20,"column":6},"end":{"line":20,"column":8}}],"line":18}},"s":{"0":0,"1":0,"2":0,"3":0,"4":0,"5":0,"6":0,"7":0,"8":0,"9":0,"10":0,"11":0,"12":0,"13":0,"14":0,"15":0,"16":0,"17":0,"18":0,"19":0,"20":0,"21":0,"22":0,"23":0,"24":0,"25":0},"f":{"0":0,"1":0,"2":0,"3":0,"4":0,"5":0,"6":0,"7":0,"8":0,"9":0},"b":{"0":[0,0],"1":[0,0],"2":[0,0]}}
,"C:\\Users\\Pichau\\projetos\\js_projects\\mds2\\outra-copia\\LicitaBSB-24.1\\frontend\\src\\pages\\bidding-list\\filter\\index.jsx": {"path":"C:\\Users\\Pichau\\projetos\\js_projects\\mds2\\outra-copia\\LicitaBSB-24.1\\frontend\\src\\pages\\bidding-list\\filter\\index.jsx","statementMap":{"0":{"start":{"line":20,"column":19},"end":{"line":20,"column":32}},"1":{"start":{"line":22,"column":27},"end":{"line":34,"column":3}},"2":{"start":{"line":24,"column":6},"end":{"line":26,"column":7}},"3":{"start":{"line":25,"column":8},"end":{"line":25,"column":28}},"4":{"start":{"line":27,"column":6},"end":{"line":27,"column":20}},"5":{"start":{"line":30,"column":4},"end":{"line":33,"column":7}},"6":{"start":{"line":36,"column":16},"end":{"line":45,"column":3}},"7":{"start":{"line":47,"column":38},"end":{"line":47,"column":49}},"8":{"start":{"line":48,"column":38},"end":{"line":48,"column":50}},"9":{"start":{"line":49,"column":40},"end":{"line":49,"column":52}},"10":{"start":{"line":51,"column":22},"end":{"line":53,"column":3}},"11":{"start":{"line":52,"column":4},"end":{"line":52,"column":34}},"12":{"start":{"line":55,"column":28},"end":{"line":61,"column":3}},"13":{"start":{"line":56,"column":19},"end":{"line":59,"column":6}},"14":{"start":{"line":60,"column":4},"end":{"line":60,"column":35}},"15":{"start":{"line":63,"column":21},"end":{"line":69,"column":3}},"16":{"start":{"line":64,"column":19},"end":{"line":67,"column":6}},"17":{"start":{"line":68,"column":4},"end":{"line":68,"column":59}},"18":{"start":{"line":68,"column":29},"end":{"line":68,"column":57}},"19":{"start":{"line":71,"column":2},"end":{"line":73,"column":19}},"20":{"start":{"line":72,"column":4},"end":{"line":72,"column":17}},"21":{"start":{"line":75,"column":30},"end":{"line":78,"column":3}},"22":{"start":{"line":76,"column":4},"end":{"line":76,"column":28}},"23":{"start":{"line":77,"column":4},"end":{"line":77,"column":16}},"24":{"start":{"line":80,"column":2},"end":{"line":244,"column":4}},"25":{"start":{"line":93,"column":12},"end":{"line":106,"column":17}},"26":{"start":{"line":98,"column":18},"end":{"line":101,"column":21}},"27":{"start":{"line":117,"column":14},"end":{"line":117,"column":44}},"28":{"start":{"line":118,"column":14},"end":{"line":118,"column":34}},"29":{"start":{"line":127,"column":12},"end":{"line":137,"column":17}}},"fnMap":{"0":{"name":"Filter","decl":{"start":{"line":13,"column":24},"end":{"line":13,"column":30}},"loc":{"start":{"line":19,"column":3},"end":{"line":245,"column":1}},"line":19},"1":{"name":"(anonymous_1)","decl":{"start":{"line":22,"column":27},"end":{"line":22,"column":28}},"loc":{"start":{"line":22,"column":38},"end":{"line":34,"column":3}},"line":22},"2":{"name":"formatNumber","decl":{"start":{"line":23,"column":13},"end":{"line":23,"column":25}},"loc":{"start":{"line":23,"column":34},"end":{"line":28,"column":5}},"line":23},"3":{"name":"(anonymous_3)","decl":{"start":{"line":51,"column":22},"end":{"line":51,"column":23}},"loc":{"start":{"line":51,"column":28},"end":{"line":53,"column":3}},"line":51},"4":{"name":"(anonymous_4)","decl":{"start":{"line":55,"column":28},"end":{"line":55,"column":29}},"loc":{"start":{"line":55,"column":40},"end":{"line":61,"column":3}},"line":55},"5":{"name":"(anonymous_5)","decl":{"start":{"line":63,"column":21},"end":{"line":63,"column":22}},"loc":{"start":{"line":63,"column":33},"end":{"line":69,"column":3}},"line":63},"6":{"name":"(anonymous_6)","decl":{"start":{"line":68,"column":19},"end":{"line":68,"column":20}},"loc":{"start":{"line":68,"column":29},"end":{"line":68,"column":57}},"line":68},"7":{"name":"(anonymous_7)","decl":{"start":{"line":71,"column":12},"end":{"line":71,"column":13}},"loc":{"start":{"line":71,"column":18},"end":{"line":73,"column":3}},"line":71},"8":{"name":"(anonymous_8)","decl":{"start":{"line":75,"column":30},"end":{"line":75,"column":31}},"loc":{"start":{"line":75,"column":42},"end":{"line":78,"column":3}},"line":75},"9":{"name":"(anonymous_9)","decl":{"start":{"line":92,"column":28},"end":{"line":92,"column":29}},"loc":{"start":{"line":93,"column":12},"end":{"line":106,"column":17}},"line":93},"10":{"name":"(anonymous_10)","decl":{"start":{"line":97,"column":25},"end":{"line":97,"column":26}},"loc":{"start":{"line":97,"column":31},"end":{"line":102,"column":17}},"line":97},"11":{"name":"(anonymous_11)","decl":{"start":{"line":116,"column":22},"end":{"line":116,"column":23}},"loc":{"start":{"line":116,"column":29},"end":{"line":119,"column":13}},"line":116},"12":{"name":"(anonymous_12)","decl":{"start":{"line":126,"column":27},"end":{"line":126,"column":28}},"loc":{"start":{"line":127,"column":12},"end":{"line":137,"column":17}},"line":127},"13":{"name":"(anonymous_13)","decl":{"start":{"line":134,"column":25},"end":{"line":134,"column":26}},"loc":{"start":{"line":134,"column":31},"end":{"line":134,"column":33}},"line":134}},"branchMap":{"0":{"loc":{"start":{"line":17,"column":2},"end":{"line":17,"column":17}},"type":"default-arg","locations":[{"start":{"line":17,"column":16},"end":{"line":17,"column":17}}],"line":17},"1":{"loc":{"start":{"line":24,"column":6},"end":{"line":26,"column":7}},"type":"if","locations":[{"start":{"line":24,"column":6},"end":{"line":26,"column":7}},{"start":{},"end":{}}],"line":24},"2":{"loc":{"start":{"line":84,"column":9},"end":{"line":84,"column":76}},"type":"binary-expr","locations":[{"start":{"line":84,"column":9},"end":{"line":84,"column":20}},{"start":{"line":84,"column":24},"end":{"line":84,"column":76}}],"line":84}},"s":{"0":0,"1":0,"2":0,"3":0,"4":0,"5":0,"6":0,"7":0,"8":0,"9":0,"10":0,"11":0,"12":0,"13":0,"14":0,"15":0,"16":0,"17":0,"18":0,"19":0,"20":0,"21":0,"22":0,"23":0,"24":0,"25":0,"26":0,"27":0,"28":0,"29":0},"f":{"0":0,"1":0,"2":0,"3":0,"4":0,"5":0,"6":0,"7":0,"8":0,"9":0,"10":0,"11":0,"12":0,"13":0},"b":{"0":[0],"1":[0,0],"2":[0,0]}}
,"C:\\Users\\Pichau\\projetos\\js_projects\\mds2\\outra-copia\\LicitaBSB-24.1\\frontend\\src\\pages\\bidding-page\\index.jsx": {"path":"C:\\Users\\Pichau\\projetos\\js_projects\\mds2\\outra-copia\\LicitaBSB-24.1\\frontend\\src\\pages\\bidding-page\\index.jsx","statementMap":{"0":{"start":{"line":14,"column":21},"end":{"line":14,"column":32}},"1":{"start":{"line":15,"column":20},"end":{"line":15,"column":22}},"2":{"start":{"line":16,"column":16},"end":{"line":16,"column":46}},"3":{"start":{"line":18,"column":2},"end":{"line":67,"column":4}}},"fnMap":{"0":{"name":"BiddingPage","decl":{"start":{"line":13,"column":24},"end":{"line":13,"column":35}},"loc":{"start":{"line":13,"column":38},"end":{"line":68,"column":1}},"line":13}},"branchMap":{"0":{"loc":{"start":{"line":43,"column":9},"end":{"line":48,"column":9}},"type":"binary-expr","locations":[{"start":{"line":43,"column":9},"end":{"line":43,"column":30}},{"start":{"line":44,"column":10},"end":{"line":47,"column":16}}],"line":43},"1":{"loc":{"start":{"line":57,"column":9},"end":{"line":64,"column":9}},"type":"binary-expr","locations":[{"start":{"line":57,"column":9},"end":{"line":57,"column":19}},{"start":{"line":58,"column":10},"end":{"line":63,"column":14}}],"line":57}},"s":{"0":5,"1":5,"2":5,"3":5},"f":{"0":5},"b":{"0":[5,0],"1":[5,0]},"_coverageSchema":"1a1c01bbd47fc00a2c39e90264f33305004495a9","hash":"4c22b597412592b03fd4234e78dbdf064b180024"}
,"C:\\Users\\Pichau\\projetos\\js_projects\\mds2\\outra-copia\\LicitaBSB-24.1\\frontend\\src\\pages\\bidding-search-list\\index.jsx": {"path":"C:\\Users\\Pichau\\projetos\\js_projects\\mds2\\outra-copia\\LicitaBSB-24.1\\frontend\\src\\pages\\bidding-search-list\\index.jsx","statementMap":{"0":{"start":{"line":10,"column":19},"end":{"line":10,"column":52}},"1":{"start":{"line":11,"column":23},"end":{"line":11,"column":52}},"2":{"start":{"line":13,"column":48},"end":{"line":13,"column":60}},"3":{"start":{"line":14,"column":38},"end":{"line":14,"column":50}},"4":{"start":{"line":16,"column":23},"end":{"line":22,"column":3}},"5":{"start":{"line":17,"column":4},"end":{"line":21,"column":58}},"6":{"start":{"line":19,"column":27},"end":{"line":19,"column":71}},"7":{"start":{"line":21,"column":39},"end":{"line":21,"column":55}},"8":{"start":{"line":24,"column":33},"end":{"line":24,"column":50}},"9":{"start":{"line":26,"column":2},"end":{"line":28,"column":19}},"10":{"start":{"line":27,"column":4},"end":{"line":27,"column":65}},"11":{"start":{"line":30,"column":2},"end":{"line":63,"column":4}},"12":{"start":{"line":45,"column":14},"end":{"line":45,"column":69}}},"fnMap":{"0":{"name":"BiddingSearchList","decl":{"start":{"line":9,"column":24},"end":{"line":9,"column":41}},"loc":{"start":{"line":9,"column":44},"end":{"line":64,"column":1}},"line":9},"1":{"name":"(anonymous_1)","decl":{"start":{"line":16,"column":23},"end":{"line":16,"column":24}},"loc":{"start":{"line":16,"column":29},"end":{"line":22,"column":3}},"line":16},"2":{"name":"(anonymous_2)","decl":{"start":{"line":19,"column":10},"end":{"line":19,"column":11}},"loc":{"start":{"line":19,"column":27},"end":{"line":19,"column":71}},"line":19},"3":{"name":"(anonymous_3)","decl":{"start":{"line":21,"column":22},"end":{"line":21,"column":23}},"loc":{"start":{"line":21,"column":39},"end":{"line":21,"column":55}},"line":21},"4":{"name":"(anonymous_4)","decl":{"start":{"line":26,"column":12},"end":{"line":26,"column":13}},"loc":{"start":{"line":26,"column":18},"end":{"line":28,"column":3}},"line":26},"5":{"name":"(anonymous_5)","decl":{"start":{"line":44,"column":33},"end":{"line":44,"column":34}},"loc":{"start":{"line":44,"column":43},"end":{"line":46,"column":13}},"line":44}},"branchMap":{"0":{"loc":{"start":{"line":17,"column":4},"end":{"line":21,"column":57}},"type":"cond-expr","locations":[{"start":{"line":18,"column":8},"end":{"line":20,"column":9}},{"start":{"line":21,"column":8},"end":{"line":21,"column":57}}],"line":17},"1":{"loc":{"start":{"line":48,"column":13},"end":{"line":58,"column":13}},"type":"cond-expr","locations":[{"start":{"line":49,"column":14},"end":{"line":49,"column":19}},{"start":{"line":51,"column":14},"end":{"line":57,"column":23}}],"line":48}},"s":{"0":0,"1":0,"2":0,"3":0,"4":0,"5":0,"6":0,"7":0,"8":0,"9":0,"10":0,"11":0,"12":0},"f":{"0":0,"1":0,"2":0,"3":0,"4":0,"5":0},"b":{"0":[0,0],"1":[0,0]}}
,"C:\\Users\\Pichau\\projetos\\js_projects\\mds2\\outra-copia\\LicitaBSB-24.1\\frontend\\src\\pages\\dashboard\\index.jsx": {"path":"C:\\Users\\Pichau\\projetos\\js_projects\\mds2\\outra-copia\\LicitaBSB-24.1\\frontend\\src\\pages\\dashboard\\index.jsx","statementMap":{"0":{"start":{"line":15,"column":0},"end":{"line":22,"column":2}},"1":{"start":{"line":25,"column":50},"end":{"line":25,"column":62}},"2":{"start":{"line":26,"column":36},"end":{"line":26,"column":47}},"3":{"start":{"line":27,"column":36},"end":{"line":27,"column":47}},"4":{"start":{"line":28,"column":36},"end":{"line":28,"column":47}},"5":{"start":{"line":29,"column":36},"end":{"line":29,"column":47}},"6":{"start":{"line":30,"column":36},"end":{"line":30,"column":47}},"7":{"start":{"line":31,"column":36},"end":{"line":31,"column":47}},"8":{"start":{"line":32,"column":44},"end":{"line":32,"column":56}},"9":{"start":{"line":34,"column":2},"end":{"line":61,"column":22}},"10":{"start":{"line":35,"column":34},"end":{"line":50,"column":5}},"11":{"start":{"line":36,"column":6},"end":{"line":49,"column":13}},"12":{"start":{"line":37,"column":24},"end":{"line":37,"column":50}},"13":{"start":{"line":38,"column":8},"end":{"line":47,"column":9}},"14":{"start":{"line":39,"column":37},"end":{"line":39,"column":67}},"15":{"start":{"line":40,"column":10},"end":{"line":46,"column":11}},"16":{"start":{"line":44,"column":30},"end":{"line":44,"column":44}},"17":{"start":{"line":45,"column":12},"end":{"line":45,"column":38}},"18":{"start":{"line":48,"column":8},"end":{"line":48,"column":19}},"19":{"start":{"line":52,"column":29},"end":{"line":52,"column":71}},"20":{"start":{"line":54,"column":4},"end":{"line":54,"column":42}},"21":{"start":{"line":55,"column":4},"end":{"line":55,"column":46}},"22":{"start":{"line":56,"column":4},"end":{"line":56,"column":46}},"23":{"start":{"line":57,"column":4},"end":{"line":57,"column":46}},"24":{"start":{"line":58,"column":4},"end":{"line":58,"column":46}},"25":{"start":{"line":59,"column":4},"end":{"line":59,"column":46}},"26":{"start":{"line":60,"column":4},"end":{"line":60,"column":46}},"27":{"start":{"line":63,"column":15},"end":{"line":63,"column":44}},"28":{"start":{"line":64,"column":22},"end":{"line":64,"column":53}},"29":{"start":{"line":66,"column":20},"end":{"line":78,"column":3}},"30":{"start":{"line":80,"column":18},"end":{"line":112,"column":3}},"31":{"start":{"line":114,"column":28},"end":{"line":118,"column":3}},"32":{"start":{"line":115,"column":4},"end":{"line":117,"column":6}},"33":{"start":{"line":120,"column":17},"end":{"line":133,"column":3}},"34":{"start":{"line":135,"column":2},"end":{"line":180,"column":4}},"35":{"start":{"line":160,"column":16},"end":{"line":162,"column":25}}},"fnMap":{"0":{"name":"Dashboard","decl":{"start":{"line":24,"column":24},"end":{"line":24,"column":33}},"loc":{"start":{"line":24,"column":36},"end":{"line":181,"column":1}},"line":24},"1":{"name":"(anonymous_1)","decl":{"start":{"line":34,"column":12},"end":{"line":34,"column":13}},"loc":{"start":{"line":34,"column":18},"end":{"line":61,"column":3}},"line":34},"2":{"name":"(anonymous_2)","decl":{"start":{"line":35,"column":34},"end":{"line":35,"column":35}},"loc":{"start":{"line":35,"column":65},"end":{"line":50,"column":5}},"line":35},"3":{"name":"(anonymous_3)","decl":{"start":{"line":36,"column":31},"end":{"line":36,"column":32}},"loc":{"start":{"line":36,"column":51},"end":{"line":49,"column":7}},"line":36},"4":{"name":"(anonymous_4)","decl":{"start":{"line":114,"column":28},"end":{"line":114,"column":29}},"loc":{"start":{"line":114,"column":39},"end":{"line":118,"column":3}},"line":114},"5":{"name":"(anonymous_5)","decl":{"start":{"line":159,"column":26},"end":{"line":159,"column":27}},"loc":{"start":{"line":160,"column":16},"end":{"line":162,"column":25}},"line":160}},"branchMap":{"0":{"loc":{"start":{"line":38,"column":8},"end":{"line":47,"column":9}},"type":"if","locations":[{"start":{"line":38,"column":8},"end":{"line":47,"column":9}},{"start":{},"end":{}}],"line":38},"1":{"loc":{"start":{"line":40,"column":10},"end":{"line":46,"column":11}},"type":"if","locations":[{"start":{"line":40,"column":10},"end":{"line":46,"column":11}},{"start":{},"end":{}}],"line":40},"2":{"loc":{"start":{"line":41,"column":12},"end":{"line":42,"column":61}},"type":"binary-expr","locations":[{"start":{"line":41,"column":12},"end":{"line":41,"column":24}},{"start":{"line":42,"column":13},"end":{"line":42,"column":33}},{"start":{"line":42,"column":37},"end":{"line":42,"column":60}}],"line":41},"3":{"loc":{"start":{"line":44,"column":30},"end":{"line":44,"column":44}},"type":"binary-expr","locations":[{"start":{"line":44,"column":30},"end":{"line":44,"column":39}},{"start":{"line":44,"column":43},"end":{"line":44,"column":44}}],"line":44},"4":{"loc":{"start":{"line":55,"column":17},"end":{"line":55,"column":44}},"type":"binary-expr","locations":[{"start":{"line":55,"column":17},"end":{"line":55,"column":39}},{"start":{"line":55,"column":43},"end":{"line":55,"column":44}}],"line":55},"5":{"loc":{"start":{"line":56,"column":17},"end":{"line":56,"column":44}},"type":"binary-expr","locations":[{"start":{"line":56,"column":17},"end":{"line":56,"column":39}},{"start":{"line":56,"column":43},"end":{"line":56,"column":44}}],"line":56},"6":{"loc":{"start":{"line":57,"column":17},"end":{"line":57,"column":44}},"type":"binary-expr","locations":[{"start":{"line":57,"column":17},"end":{"line":57,"column":39}},{"start":{"line":57,"column":43},"end":{"line":57,"column":44}}],"line":57},"7":{"loc":{"start":{"line":58,"column":17},"end":{"line":58,"column":44}},"type":"binary-expr","locations":[{"start":{"line":58,"column":17},"end":{"line":58,"column":39}},{"start":{"line":58,"column":43},"end":{"line":58,"column":44}}],"line":58},"8":{"loc":{"start":{"line":59,"column":17},"end":{"line":59,"column":44}},"type":"binary-expr","locations":[{"start":{"line":59,"column":17},"end":{"line":59,"column":39}},{"start":{"line":59,"column":43},"end":{"line":59,"column":44}}],"line":59},"9":{"loc":{"start":{"line":60,"column":17},"end":{"line":60,"column":44}},"type":"binary-expr","locations":[{"start":{"line":60,"column":17},"end":{"line":60,"column":39}},{"start":{"line":60,"column":43},"end":{"line":60,"column":44}}],"line":60},"10":{"loc":{"start":{"line":116,"column":6},"end":{"line":116,"column":67}},"type":"cond-expr","locations":[{"start":{"line":116,"column":34},"end":{"line":116,"column":36}},{"start":{"line":116,"column":39},"end":{"line":116,"column":67}}],"line":116}},"s":{"0":0,"1":0,"2":0,"3":0,"4":0,"5":0,"6":0,"7":0,"8":0,"9":0,"10":0,"11":0,"12":0,"13":0,"14":0,"15":0,"16":0,"17":0,"18":0,"19":0,"20":0,"21":0,"22":0,"23":0,"24":0,"25":0,"26":0,"27":0,"28":0,"29":0,"30":0,"31":0,"32":0,"33":0,"34":0,"35":0},"f":{"0":0,"1":0,"2":0,"3":0,"4":0,"5":0},"b":{"0":[0,0],"1":[0,0],"2":[0,0,0],"3":[0,0],"4":[0,0],"5":[0,0],"6":[0,0],"7":[0,0],"8":[0,0],"9":[0,0],"10":[0,0]}}
,"C:\\Users\\Pichau\\projetos\\js_projects\\mds2\\outra-copia\\LicitaBSB-24.1\\frontend\\src\\pages\\error\\index.jsx": {"path":"C:\\Users\\Pichau\\projetos\\js_projects\\mds2\\outra-copia\\LicitaBSB-24.1\\frontend\\src\\pages\\error\\index.jsx","statementMap":{"0":{"start":{"line":1,"column":21},"end":{"line":7,"column":1}},"1":{"start":{"line":2,"column":2},"end":{"line":6,"column":4}}},"fnMap":{"0":{"name":"(anonymous_0)","decl":{"start":{"line":1,"column":21},"end":{"line":1,"column":22}},"loc":{"start":{"line":1,"column":27},"end":{"line":7,"column":1}},"line":1}},"branchMap":{},"s":{"0":0,"1":0},"f":{"0":0},"b":{}}
,"C:\\Users\\Pichau\\projetos\\js_projects\\mds2\\outra-copia\\LicitaBSB-24.1\\frontend\\src\\pages\\landing\\index.jsx": {"path":"C:\\Users\\Pichau\\projetos\\js_projects\\mds2\\outra-copia\\LicitaBSB-24.1\\frontend\\src\\pages\\landing\\index.jsx","statementMap":{"0":{"start":{"line":6,"column":2},"end":{"line":15,"column":4}}},"fnMap":{"0":{"name":"Landing","decl":{"start":{"line":5,"column":24},"end":{"line":5,"column":31}},"loc":{"start":{"line":5,"column":34},"end":{"line":16,"column":1}},"line":5}},"branchMap":{},"s":{"0":0},"f":{"0":0},"b":{}}
,"C:\\Users\\Pichau\\projetos\\js_projects\\mds2\\outra-copia\\LicitaBSB-24.1\\frontend\\src\\pages\\landing\\ultimas-licitacoes\\index.jsx": {"path":"C:\\Users\\Pichau\\projetos\\js_projects\\mds2\\outra-copia\\LicitaBSB-24.1\\frontend\\src\\pages\\landing\\ultimas-licitacoes\\index.jsx","statementMap":{"0":{"start":{"line":13,"column":21},"end":{"line":13,"column":36}},"1":{"start":{"line":14,"column":48},"end":{"line":14,"column":60}},"2":{"start":{"line":16,"column":2},"end":{"line":18,"column":9}},"3":{"start":{"line":17,"column":4},"end":{"line":17,"column":56}},"4":{"start":{"line":20,"column":2},"end":{"line":37,"column":4}},"5":{"start":{"line":32,"column":12},"end":{"line":32,"column":64}}},"fnMap":{"0":{"name":"UltimasLicitacoes","decl":{"start":{"line":12,"column":24},"end":{"line":12,"column":41}},"loc":{"start":{"line":12,"column":44},"end":{"line":38,"column":1}},"line":12},"1":{"name":"(anonymous_1)","decl":{"start":{"line":16,"column":12},"end":{"line":16,"column":13}},"loc":{"start":{"line":16,"column":18},"end":{"line":18,"column":3}},"line":16},"2":{"name":"(anonymous_2)","decl":{"start":{"line":30,"column":31},"end":{"line":30,"column":32}},"loc":{"start":{"line":30,"column":41},"end":{"line":33,"column":11}},"line":30}},"branchMap":{},"s":{"0":0,"1":0,"2":0,"3":0,"4":0,"5":0},"f":{"0":0,"1":0,"2":0},"b":{}}
,"C:\\Users\\Pichau\\projetos\\js_projects\\mds2\\outra-copia\\LicitaBSB-24.1\\frontend\\src\\services\\licitacoes.service.js": {"path":"C:\\Users\\Pichau\\projetos\\js_projects\\mds2\\outra-copia\\LicitaBSB-24.1\\frontend\\src\\services\\licitacoes.service.js","statementMap":{"0":{"start":{"line":5,"column":2},"end":{"line":16,"column":3}},"1":{"start":{"line":6,"column":21},"end":{"line":10,"column":6}},"2":{"start":{"line":11,"column":4},"end":{"line":11,"column":21}},"3":{"start":{"line":12,"column":4},"end":{"line":12,"column":16}},"4":{"start":{"line":14,"column":4},"end":{"line":14,"column":23}},"5":{"start":{"line":15,"column":4},"end":{"line":15,"column":14}},"6":{"start":{"line":20,"column":2},"end":{"line":26,"column":6}},"7":{"start":{"line":22,"column":6},"end":{"line":24,"column":32}},"8":{"start":{"line":25,"column":4},"end":{"line":25,"column":14}},"9":{"start":{"line":30,"column":16},"end":{"line":30,"column":33}},"10":{"start":{"line":31,"column":2},"end":{"line":31,"column":47}},"11":{"start":{"line":36,"column":4},"end":{"line":36,"column":75}},"12":{"start":{"line":37,"column":2},"end":{"line":37,"column":12}},"13":{"start":{"line":41,"column":23},"end":{"line":41,"column":38}},"14":{"start":{"line":43,"column":19},"end":{"line":43,"column":34}},"15":{"start":{"line":45,"column":2},"end":{"line":49,"column":3}},"16":{"start":{"line":46,"column":4},"end":{"line":48,"column":7}},"17":{"start":{"line":47,"column":6},"end":{"line":47,"column":53}},"18":{"start":{"line":51,"column":2},"end":{"line":65,"column":3}},"19":{"start":{"line":52,"column":4},"end":{"line":64,"column":7}},"20":{"start":{"line":53,"column":19},"end":{"line":53,"column":63}},"21":{"start":{"line":55,"column":8},"end":{"line":55,"column":72}},"22":{"start":{"line":56,"column":6},"end":{"line":63,"column":8}},"23":{"start":{"line":67,"column":2},"end":{"line":79,"column":3}},"24":{"start":{"line":68,"column":4},"end":{"line":78,"column":7}},"25":{"start":{"line":69,"column":6},"end":{"line":73,"column":10}},"26":{"start":{"line":70,"column":8},"end":{"line":73,"column":10}},"27":{"start":{"line":74,"column":6},"end":{"line":77,"column":8}},"28":{"start":{"line":81,"column":2},"end":{"line":92,"column":5}},"29":{"start":{"line":82,"column":18},"end":{"line":82,"column":63}},"30":{"start":{"line":83,"column":18},"end":{"line":83,"column":63}},"31":{"start":{"line":84,"column":4},"end":{"line":86,"column":5}},"32":{"start":{"line":85,"column":6},"end":{"line":85,"column":16}},"33":{"start":{"line":87,"column":4},"end":{"line":89,"column":5}},"34":{"start":{"line":88,"column":6},"end":{"line":88,"column":15}},"35":{"start":{"line":91,"column":4},"end":{"line":91,"column":13}},"36":{"start":{"line":94,"column":2},"end":{"line":94,"column":12}}},"fnMap":{"0":{"name":"getLicitacoes","decl":{"start":{"line":4,"column":22},"end":{"line":4,"column":35}},"loc":{"start":{"line":4,"column":45},"end":{"line":17,"column":1}},"line":4},"1":{"name":"searchBidding","decl":{"start":{"line":19,"column":9},"end":{"line":19,"column":22}},"loc":{"start":{"line":19,"column":40},"end":{"line":27,"column":1}},"line":19},"2":{"name":"(anonymous_2)","decl":{"start":{"line":20,"column":42},"end":{"line":20,"column":43}},"loc":{"start":{"line":20,"column":57},"end":{"line":26,"column":3}},"line":20},"3":{"name":"getLicitacaoByString","decl":{"start":{"line":29,"column":16},"end":{"line":29,"column":36}},"loc":{"start":{"line":29,"column":49},"end":{"line":32,"column":1}},"line":29},"4":{"name":"pagLicitacoes","decl":{"start":{"line":34,"column":16},"end":{"line":34,"column":29}},"loc":{"start":{"line":34,"column":48},"end":{"line":38,"column":1}},"line":34},"5":{"name":"getLicitacoesFilter","decl":{"start":{"line":40,"column":16},"end":{"line":40,"column":35}},"loc":{"start":{"line":40,"column":56},"end":{"line":95,"column":1}},"line":40},"6":{"name":"(anonymous_6)","decl":{"start":{"line":46,"column":35},"end":{"line":46,"column":36}},"loc":{"start":{"line":46,"column":46},"end":{"line":48,"column":5}},"line":46},"7":{"name":"(anonymous_7)","decl":{"start":{"line":52,"column":35},"end":{"line":52,"column":36}},"loc":{"start":{"line":52,"column":50},"end":{"line":64,"column":5}},"line":52},"8":{"name":"(anonymous_8)","decl":{"start":{"line":68,"column":35},"end":{"line":68,"column":36}},"loc":{"start":{"line":68,"column":50},"end":{"line":78,"column":5}},"line":68},"9":{"name":"(anonymous_9)","decl":{"start":{"line":81,"column":18},"end":{"line":81,"column":19}},"loc":{"start":{"line":81,"column":28},"end":{"line":92,"column":3}},"line":81}},"branchMap":{"0":{"loc":{"start":{"line":22,"column":6},"end":{"line":24,"column":32}},"type":"cond-expr","locations":[{"start":{"line":23,"column":10},"end":{"line":23,"column":30}},{"start":{"line":24,"column":10},"end":{"line":24,"column":32}}],"line":22},"1":{"loc":{"start":{"line":36,"column":4},"end":{"line":36,"column":75}},"type":"cond-expr","locations":[{"start":{"line":36,"column":26},"end":{"line":36,"column":67}},{"start":{"line":36,"column":70},"end":{"line":36,"column":75}}],"line":36},"2":{"loc":{"start":{"line":45,"column":2},"end":{"line":49,"column":3}},"type":"if","locations":[{"start":{"line":45,"column":2},"end":{"line":49,"column":3}},{"start":{},"end":{}}],"line":45},"3":{"loc":{"start":{"line":51,"column":2},"end":{"line":65,"column":3}},"type":"if","locations":[{"start":{"line":51,"column":2},"end":{"line":65,"column":3}},{"start":{},"end":{}}],"line":51},"4":{"loc":{"start":{"line":53,"column":19},"end":{"line":53,"column":63}},"type":"cond-expr","locations":[{"start":{"line":53,"column":44},"end":{"line":53,"column":51}},{"start":{"line":53,"column":54},"end":{"line":53,"column":63}}],"line":53},"5":{"loc":{"start":{"line":55,"column":8},"end":{"line":55,"column":72}},"type":"cond-expr","locations":[{"start":{"line":55,"column":27},"end":{"line":55,"column":47}},{"start":{"line":55,"column":50},"end":{"line":55,"column":72}}],"line":55},"6":{"loc":{"start":{"line":57,"column":8},"end":{"line":62,"column":26}},"type":"binary-expr","locations":[{"start":{"line":57,"column":8},"end":{"line":57,"column":43}},{"start":{"line":58,"column":8},"end":{"line":62,"column":26}}],"line":57},"7":{"loc":{"start":{"line":67,"column":2},"end":{"line":79,"column":3}},"type":"if","locations":[{"start":{"line":67,"column":2},"end":{"line":79,"column":3}},{"start":{},"end":{}}],"line":67},"8":{"loc":{"start":{"line":69,"column":6},"end":{"line":73,"column":10}},"type":"if","locations":[{"start":{"line":69,"column":6},"end":{"line":73,"column":10}},{"start":{},"end":{}}],"line":69},"9":{"loc":{"start":{"line":84,"column":4},"end":{"line":86,"column":5}},"type":"if","locations":[{"start":{"line":84,"column":4},"end":{"line":86,"column":5}},{"start":{},"end":{}}],"line":84},"10":{"loc":{"start":{"line":87,"column":4},"end":{"line":89,"column":5}},"type":"if","locations":[{"start":{"line":87,"column":4},"end":{"line":89,"column":5}},{"start":{},"end":{}}],"line":87}},"s":{"0":0,"1":0,"2":0,"3":0,"4":0,"5":0,"6":0,"7":0,"8":0,"9":0,"10":0,"11":0,"12":0,"13":0,"14":0,"15":0,"16":0,"17":0,"18":0,"19":0,"20":0,"21":0,"22":0,"23":0,"24":0,"25":0,"26":0,"27":0,"28":0,"29":0,"30":0,"31":0,"32":0,"33":0,"34":0,"35":0,"36":0},"f":{"0":0,"1":0,"2":0,"3":0,"4":0,"5":0,"6":0,"7":0,"8":0,"9":0},"b":{"0":[0,0],"1":[0,0],"2":[0,0],"3":[0,0],"4":[0,0],"5":[0,0],"6":[0,0],"7":[0,0],"8":[0,0],"9":[0,0],"10":[0,0]}}
,"C:\\Users\\Pichau\\projetos\\js_projects\\mds2\\outra-copia\\LicitaBSB-24.1\\frontend\\src\\services\\orgaos.service.js": {"path":"C:\\Users\\Pichau\\projetos\\js_projects\\mds2\\outra-copia\\LicitaBSB-24.1\\frontend\\src\\services\\orgaos.service.js","statementMap":{"0":{"start":{"line":3,"column":25},"end":{"line":10,"column":1}},"1":{"start":{"line":4,"column":19},"end":{"line":8,"column":4}},"2":{"start":{"line":9,"column":2},"end":{"line":9,"column":14}}},"fnMap":{"0":{"name":"(anonymous_0)","decl":{"start":{"line":3,"column":25},"end":{"line":3,"column":26}},"loc":{"start":{"line":3,"column":44},"end":{"line":10,"column":1}},"line":3}},"branchMap":{},"s":{"0":0,"1":0,"2":0},"f":{"0":0},"b":{}}
,"C:\\Users\\Pichau\\projetos\\js_projects\\mds2\\outra-copia\\LicitaBSB-24.1\\frontend\\src\\utils\\bidding-types.js": {"path":"C:\\Users\\Pichau\\projetos\\js_projects\\mds2\\outra-copia\\LicitaBSB-24.1\\frontend\\src\\utils\\bidding-types.js","statementMap":{"0":{"start":{"line":1,"column":28},"end":{"line":1,"column":48}}},"fnMap":{},"branchMap":{},"s":{"0":0},"f":{},"b":{}}
,"C:\\Users\\Pichau\\projetos\\js_projects\\mds2\\outra-copia\\LicitaBSB-24.1\\frontend\\src\\utils\\format-bidding-object.js": {"path":"C:\\Users\\Pichau\\projetos\\js_projects\\mds2\\outra-copia\\LicitaBSB-24.1\\frontend\\src\\utils\\format-bidding-object.js","statementMap":{"0":{"start":{"line":2,"column":16},"end":{"line":15,"column":3}},"1":{"start":{"line":17,"column":2},"end":{"line":17,"column":15}}},"fnMap":{"0":{"name":"formatBiddingObject","decl":{"start":{"line":1,"column":16},"end":{"line":1,"column":35}},"loc":{"start":{"line":1,"column":47},"end":{"line":18,"column":1}},"line":1}},"branchMap":{},"s":{"0":5,"1":5},"f":{"0":5},"b":{},"_coverageSchema":"1a1c01bbd47fc00a2c39e90264f33305004495a9","hash":"ae41fa820131144a2f00c4f6668cb77815fa89fe"}
,"C:\\Users\\Pichau\\projetos\\js_projects\\mds2\\outra-copia\\LicitaBSB-24.1\\frontend\\src\\utils\\format-currency.js": {"path":"C:\\Users\\Pichau\\projetos\\js_projects\\mds2\\outra-copia\\LicitaBSB-24.1\\frontend\\src\\utils\\format-currency.js","statementMap":{"0":{"start":{"line":4,"column":2},"end":{"line":8,"column":3}},"1":{"start":{"line":5,"column":4},"end":{"line":5,"column":41}},"2":{"start":{"line":7,"column":4},"end":{"line":7,"column":38}},"3":{"start":{"line":10,"column":2},"end":{"line":15,"column":12}}},"fnMap":{"0":{"name":"formatCurrency","decl":{"start":{"line":1,"column":24},"end":{"line":1,"column":38}},"loc":{"start":{"line":1,"column":46},"end":{"line":16,"column":1}},"line":1}},"branchMap":{"0":{"loc":{"start":{"line":4,"column":2},"end":{"line":8,"column":3}},"type":"if","locations":[{"start":{"line":4,"column":2},"end":{"line":8,"column":3}},{"start":{"line":6,"column":9},"end":{"line":8,"column":3}}],"line":4}},"s":{"0":0,"1":0,"2":0,"3":0},"f":{"0":0},"b":{"0":[0,0]}}
,"C:\\Users\\Pichau\\projetos\\js_projects\\mds2\\outra-copia\\LicitaBSB-24.1\\frontend\\src\\utils\\status-bidding.js": {"path":"C:\\Users\\Pichau\\projetos\\js_projects\\mds2\\outra-copia\\LicitaBSB-24.1\\frontend\\src\\utils\\status-bidding.js","statementMap":{"0":{"start":{"line":2,"column":4},"end":{"line":4,"column":27}},"1":{"start":{"line":3,"column":8},"end":{"line":3,"column":27}},"2":{"start":{"line":4,"column":11},"end":{"line":4,"column":27}}},"fnMap":{"0":{"name":"setStatusBidding","decl":{"start":{"line":1,"column":16},"end":{"line":1,"column":32}},"loc":{"start":{"line":1,"column":42},"end":{"line":5,"column":1}},"line":1}},"branchMap":{"0":{"loc":{"start":{"line":2,"column":4},"end":{"line":4,"column":27}},"type":"if","locations":[{"start":{"line":2,"column":4},"end":{"line":4,"column":27}},{"start":{"line":4,"column":11},"end":{"line":4,"column":27}}],"line":2}},"s":{"0":0,"1":0,"2":0},"f":{"0":0},"b":{"0":[0,0]}}
,"C:\\Users\\Pichau\\projetos\\js_projects\\mds2\\outra-copia\\LicitaBSB-24.1\\frontend\\src\\utils\\transform-date.utils.js": {"path":"C:\\Users\\Pichau\\projetos\\js_projects\\mds2\\outra-copia\\LicitaBSB-24.1\\frontend\\src\\utils\\transform-date.utils.js","statementMap":{"0":{"start":{"line":2,"column":14},"end":{"line":2,"column":29}},"1":{"start":{"line":3,"column":11},"end":{"line":7,"column":3}},"2":{"start":{"line":8,"column":2},"end":{"line":8,"column":12}}},"fnMap":{"0":{"name":"transformDate","decl":{"start":{"line":1,"column":16},"end":{"line":1,"column":29}},"loc":{"start":{"line":1,"column":36},"end":{"line":9,"column":1}},"line":1}},"branchMap":{},"s":{"0":0,"1":0,"2":0},"f":{"0":0},"b":{}}
}
