TN:
SF:src\main.jsx
FN:19,AppRoutes
FNF:1
FNH:0
FNDA:0,AppRoutes
DA:20,0
DA:39,0
LF:2
LH:0
BRF:0
BRH:0
end_of_record
TN:
SF:src\components\campo-pesquisa\index.jsx
FN:6,CampoPesquisa
FN:20,(anonymous_1)
FNF:2
FNH:0
FNDA:0,CampoPesquisa
FNDA:0,(anonymous_1)
DA:11,0
DA:21,0
LF:2
LH:0
BRF:0
BRH:0
end_of_record
TN:
SF:src\components\card-about\index.jsx
FN:5,CardAbout
FNF:1
FNH:1
FNDA:7,CardAbout
DA:13,7
LF:1
LH:1
BRF:0
BRH:0
end_of_record
TN:
SF:src\components\card-licitacoes\index.jsx
FN:7,CardLicitacoes
FNF:1
FNH:0
FNDA:0,CardLicitacoes
DA:8,0
LF:1
LH:0
BRDA:24,0,0,0
BRDA:24,0,1,0
BRF:2
BRH:0
end_of_record
TN:
SF:src\components\footer\index.jsx
FN:8,(anonymous_0)
FNF:1
FNH:1
FNDA:6,(anonymous_0)
DA:8,1
DA:9,6
LF:2
LH:2
BRF:0
BRH:0
end_of_record
TN:
SF:src\components\header\index.jsx
FN:8,(anonymous_0)
FN:12,handdleChange
FN:17,buscarLicitacao
FN:70,(anonymous_3)
FN:75,(anonymous_4)
FNF:5
FNH:3
FNDA:19,(anonymous_0)
FNDA:9,handdleChange
FNDA:0,buscarLicitacao
FNDA:0,(anonymous_3)
FNDA:9,(anonymous_4)
DA:8,1
DA:9,19
DA:10,19
DA:13,9
DA:18,0
DA:23,0
DA:26,19
DA:70,0
DA:75,9
LF:9
LH:6
BRF:0
BRH:0
end_of_record
TN:
SF:src\components\layout\custom-button\index.jsx
FN:4,CustomButton
FNF:1
FNH:0
FNDA:0,CustomButton
DA:5,0
LF:1
LH:0
BRDA:4,0,0,0
BRDA:7,1,0,0
BRDA:7,1,1,0
BRF:3
BRH:0
end_of_record
TN:
SF:src\components\layout\custom-input-checkbox\index.jsx
FN:4,CustomInputCheckbox
FNF:1
FNH:0
FNDA:0,CustomInputCheckbox
DA:5,0
LF:1
LH:0
BRF:0
BRH:0
end_of_record
TN:
SF:src\components\layout\custom-input-radio\index.jsx
FN:4,CustomInputRadio
FNF:1
FNH:0
FNDA:0,CustomInputRadio
DA:5,0
LF:1
LH:0
BRF:0
BRH:0
end_of_record
TN:
SF:src\components\newsletter\Index.jsx
FN:5,(anonymous_0)
FN:9,(anonymous_1)
FN:37,(anonymous_2)
FNF:3
FNH:0
FNDA:0,(anonymous_0)
FNDA:0,(anonymous_1)
FNDA:0,(anonymous_2)
DA:5,0
DA:6,0
DA:7,0
DA:9,0
DA:10,0
DA:12,0
DA:13,0
DA:19,0
DA:21,0
DA:22,0
DA:29,0
DA:37,0
LF:12
LH:0
BRDA:24,0,0,0
BRDA:24,0,1,0
BRDA:42,1,0,0
BRDA:42,1,1,0
BRF:4
BRH:0
end_of_record
TN:
SF:src\components\newsletter\Test.js
FN:3,(anonymous_0)
FNF:1
FNH:0
FNDA:0,(anonymous_0)
DA:3,0
DA:5,0
DA:7,0
LF:3
LH:0
BRF:0
BRH:0
end_of_record
TN:
SF:src\config\api.js
FNF:0
FNH:0
DA:3,0
LF:1
LH:0
BRF:0
BRH:0
end_of_record
TN:
SF:src\hooks\useSearchBidding.jsx
FN:1,(anonymous_0)
FN:2,getBiddingSearch
FN:8,(anonymous_2)
FNF:3
FNH:0
FNDA:0,(anonymous_0)
FNDA:0,getBiddingSearch
FNDA:0,(anonymous_2)
DA:1,0
DA:3,0
DA:8,0
DA:9,0
DA:11,0
DA:12,0
DA:21,0
DA:23,0
LF:8
LH:0
BRDA:9,0,0,0
BRDA:9,0,1,0
BRDA:11,1,0,0
BRDA:11,1,1,0
BRDA:13,2,0,0
BRDA:13,2,1,0
BRF:6
BRH:0
end_of_record
TN:
SF:src\mocks\licitacoes.js
FNF:0
FNH:0
DA:1,0
LF:1
LH:0
BRF:0
BRH:0
end_of_record
TN:
SF:src\mocks\members.js
FNF:0
FNH:0
DA:1,1
LF:1
LH:1
BRF:0
BRH:0
end_of_record
TN:
SF:src\mocks\sobreLicitacoes.js
FNF:0
FNH:0
DA:1,0
LF:1
LH:0
BRF:0
BRH:0
end_of_record
TN:
SF:src\pages\about-bidding\index.jsx
FN:8,AboutBidding
FNF:1
FNH:0
FNDA:0,AboutBidding
DA:9,0
DA:11,0
LF:2
LH:0
BRF:0
BRH:0
end_of_record
TN:
SF:src\pages\about-bot\index.jsx
FN:5,AboutBot
FNF:1
FNH:0
FNDA:0,AboutBot
DA:6,0
LF:1
LH:0
BRF:0
BRH:0
end_of_record
TN:
SF:src\pages\about-us\index.jsx
FN:5,AboutUs
FN:28,(anonymous_1)
FNF:2
FNH:2
FNDA:6,AboutUs
FNDA:42,(anonymous_1)
DA:6,6
DA:29,42
LF:2
LH:2
BRF:0
BRH:0
end_of_record
TN:
SF:src\pages\about-us\card-member\index.jsx
FN:4,CardMember
FNF:1
FNH:1
FNDA:45,CardMember
DA:5,45
DA:7,45
LF:2
LH:2
BRDA:17,0,0,24
BRDA:17,0,1,21
BRF:2
BRH:2
end_of_record
TN:
SF:src\pages\bidding-list\index.jsx
FN:10,BiddingList
FN:33,loadData
FN:39,(anonymous_2)
FN:40,(anonymous_3)
FN:44,(anonymous_4)
FN:46,(anonymous_5)
FN:47,(anonymous_6)
FN:51,handleSearch
FN:57,(anonymous_8)
FN:77,(anonymous_9)
FNF:10
FNH:0
FNDA:0,BiddingList
FNDA:0,loadData
FNDA:0,(anonymous_2)
FNDA:0,(anonymous_3)
FNDA:0,(anonymous_4)
FNDA:0,(anonymous_5)
FNDA:0,(anonymous_6)
FNDA:0,handleSearch
FNDA:0,(anonymous_8)
FNDA:0,(anonymous_9)
DA:11,0
DA:12,0
DA:14,0
DA:15,0
DA:18,0
DA:22,0
DA:30,0
DA:31,0
DA:34,0
DA:35,0
DA:36,0
DA:39,0
DA:40,0
DA:41,0
DA:44,0
DA:45,0
DA:46,0
DA:47,0
DA:52,0
DA:53,0
DA:54,0
DA:57,0
DA:58,0
DA:61,0
DA:78,0
LF:25
LH:0
BRDA:14,0,0,0
BRDA:14,0,1,0
BRDA:15,1,0,0
BRDA:15,1,1,0
BRDA:18,2,0,0
BRDA:18,2,1,0
BRF:6
BRH:0
end_of_record
TN:
SF:src\pages\bidding-list\filter\index.jsx
FN:13,Filter
FN:22,(anonymous_1)
FN:23,formatNumber
FN:51,(anonymous_3)
FN:55,(anonymous_4)
FN:63,(anonymous_5)
FN:68,(anonymous_6)
FN:71,(anonymous_7)
FN:75,(anonymous_8)
FN:92,(anonymous_9)
FN:97,(anonymous_10)
FN:116,(anonymous_11)
FN:126,(anonymous_12)
FN:134,(anonymous_13)
FNF:14
FNH:0
FNDA:0,Filter
FNDA:0,(anonymous_1)
FNDA:0,formatNumber
FNDA:0,(anonymous_3)
FNDA:0,(anonymous_4)
FNDA:0,(anonymous_5)
FNDA:0,(anonymous_6)
FNDA:0,(anonymous_7)
FNDA:0,(anonymous_8)
FNDA:0,(anonymous_9)
FNDA:0,(anonymous_10)
FNDA:0,(anonymous_11)
FNDA:0,(anonymous_12)
FNDA:0,(anonymous_13)
DA:20,0
DA:22,0
DA:24,0
DA:25,0
DA:27,0
DA:30,0
DA:36,0
DA:47,0
DA:48,0
DA:49,0
DA:51,0
DA:52,0
DA:55,0
DA:56,0
DA:60,0
DA:63,0
DA:64,0
DA:68,0
DA:71,0
DA:72,0
DA:75,0
DA:76,0
DA:77,0
DA:80,0
DA:93,0
DA:98,0
DA:117,0
DA:118,0
DA:127,0
LF:29
LH:0
BRDA:17,0,0,0
BRDA:24,1,0,0
BRDA:24,1,1,0
BRDA:84,2,0,0
BRDA:84,2,1,0
BRF:5
BRH:0
end_of_record
TN:
SF:src\pages\bidding-page\index.jsx
FN:13,BiddingPage
FNF:1
FNH:1
FNDA:5,BiddingPage
DA:14,5
DA:15,5
DA:16,5
DA:18,5
LF:4
LH:4
BRDA:43,0,0,5
BRDA:43,0,1,0
BRDA:57,1,0,5
BRDA:57,1,1,0
BRF:4
BRH:2
end_of_record
TN:
SF:src\pages\bidding-search-list\index.jsx
FN:9,BiddingSearchList
FN:16,(anonymous_1)
FN:19,(anonymous_2)
FN:21,(anonymous_3)
FN:26,(anonymous_4)
FN:44,(anonymous_5)
FNF:6
FNH:0
FNDA:0,BiddingSearchList
FNDA:0,(anonymous_1)
FNDA:0,(anonymous_2)
FNDA:0,(anonymous_3)
FNDA:0,(anonymous_4)
FNDA:0,(anonymous_5)
DA:10,0
DA:11,0
DA:13,0
DA:14,0
DA:16,0
DA:17,0
DA:19,0
DA:21,0
DA:24,0
DA:26,0
DA:27,0
DA:30,0
DA:45,0
LF:13
LH:0
BRDA:17,0,0,0
BRDA:17,0,1,0
BRDA:48,1,0,0
BRDA:48,1,1,0
BRF:4
BRH:0
end_of_record
TN:
SF:src\pages\dashboard\index.jsx
FN:24,Dashboard
FN:34,(anonymous_1)
FN:35,(anonymous_2)
FN:36,(anonymous_3)
FN:114,(anonymous_4)
FN:159,(anonymous_5)
FNF:6
FNH:0
FNDA:0,Dashboard
FNDA:0,(anonymous_1)
FNDA:0,(anonymous_2)
FNDA:0,(anonymous_3)
FNDA:0,(anonymous_4)
FNDA:0,(anonymous_5)
DA:15,0
DA:25,0
DA:26,0
DA:27,0
DA:28,0
DA:29,0
DA:30,0
DA:31,0
DA:32,0
DA:34,0
DA:35,0
DA:36,0
DA:37,0
DA:38,0
DA:39,0
DA:40,0
DA:44,0
DA:45,0
DA:48,0
DA:52,0
DA:54,0
DA:55,0
DA:56,0
DA:57,0
DA:58,0
DA:59,0
DA:60,0
DA:63,0
DA:64,0
DA:66,0
DA:80,0
DA:114,0
DA:115,0
DA:120,0
DA:135,0
DA:160,0
LF:36
LH:0
BRDA:38,0,0,0
BRDA:38,0,1,0
BRDA:40,1,0,0
BRDA:40,1,1,0
BRDA:41,2,0,0
BRDA:41,2,1,0
BRDA:41,2,2,0
BRDA:44,3,0,0
BRDA:44,3,1,0
BRDA:55,4,0,0
BRDA:55,4,1,0
BRDA:56,5,0,0
BRDA:56,5,1,0
BRDA:57,6,0,0
BRDA:57,6,1,0
BRDA:58,7,0,0
BRDA:58,7,1,0
BRDA:59,8,0,0
BRDA:59,8,1,0
BRDA:60,9,0,0
BRDA:60,9,1,0
BRDA:116,10,0,0
BRDA:116,10,1,0
BRF:23
BRH:0
end_of_record
TN:
SF:src\pages\error\index.jsx
FN:1,(anonymous_0)
FNF:1
FNH:0
FNDA:0,(anonymous_0)
DA:1,0
DA:2,0
LF:2
LH:0
BRF:0
BRH:0
end_of_record
TN:
SF:src\pages\landing\index.jsx
FN:5,Landing
FNF:1
FNH:0
FNDA:0,Landing
DA:6,0
LF:1
LH:0
BRF:0
BRH:0
end_of_record
TN:
SF:src\pages\landing\ultimas-licitacoes\index.jsx
FN:12,UltimasLicitacoes
FN:16,(anonymous_1)
FN:30,(anonymous_2)
FNF:3
FNH:0
FNDA:0,UltimasLicitacoes
FNDA:0,(anonymous_1)
FNDA:0,(anonymous_2)
DA:13,0
DA:14,0
DA:16,0
DA:17,0
DA:20,0
DA:32,0
LF:6
LH:0
BRF:0
BRH:0
end_of_record
TN:
SF:src\services\licitacoes.service.js
FN:4,getLicitacoes
FN:19,searchBidding
FN:20,(anonymous_2)
FN:29,getLicitacaoByString
FN:34,pagLicitacoes
FN:40,getLicitacoesFilter
FN:46,(anonymous_6)
FN:52,(anonymous_7)
FN:68,(anonymous_8)
FN:81,(anonymous_9)
FNF:10
FNH:0
FNDA:0,getLicitacoes
FNDA:0,searchBidding
FNDA:0,(anonymous_2)
FNDA:0,getLicitacaoByString
FNDA:0,pagLicitacoes
FNDA:0,getLicitacoesFilter
FNDA:0,(anonymous_6)
FNDA:0,(anonymous_7)
FNDA:0,(anonymous_8)
FNDA:0,(anonymous_9)
DA:5,0
DA:6,0
DA:11,0
DA:12,0
DA:14,0
DA:15,0
DA:20,0
DA:22,0
DA:25,0
DA:30,0
DA:31,0
DA:36,0
DA:37,0
DA:41,0
DA:43,0
DA:45,0
DA:46,0
DA:47,0
DA:51,0
DA:52,0
DA:53,0
DA:55,0
DA:56,0
DA:67,0
DA:68,0
DA:69,0
DA:70,0
DA:74,0
DA:81,0
DA:82,0
DA:83,0
DA:84,0
DA:85,0
DA:87,0
DA:88,0
DA:91,0
DA:94,0
LF:37
LH:0
BRDA:22,0,0,0
BRDA:22,0,1,0
BRDA:36,1,0,0
BRDA:36,1,1,0
BRDA:45,2,0,0
BRDA:45,2,1,0
BRDA:51,3,0,0
BRDA:51,3,1,0
BRDA:53,4,0,0
BRDA:53,4,1,0
BRDA:55,5,0,0
BRDA:55,5,1,0
BRDA:57,6,0,0
BRDA:57,6,1,0
BRDA:67,7,0,0
BRDA:67,7,1,0
BRDA:69,8,0,0
BRDA:69,8,1,0
BRDA:84,9,0,0
BRDA:84,9,1,0
BRDA:87,10,0,0
BRDA:87,10,1,0
BRF:22
BRH:0
end_of_record
TN:
SF:src\services\orgaos.service.js
FN:3,(anonymous_0)
FNF:1
FNH:0
FNDA:0,(anonymous_0)
DA:3,0
DA:4,0
DA:9,0
LF:3
LH:0
BRF:0
BRH:0
end_of_record
TN:
SF:src\utils\bidding-types.js
FNF:0
FNH:0
DA:1,0
LF:1
LH:0
BRF:0
BRH:0
end_of_record
TN:
SF:src\utils\format-bidding-object.js
FN:1,formatBiddingObject
FNF:1
FNH:1
FNDA:5,formatBiddingObject
DA:2,5
DA:17,5
LF:2
LH:2
BRF:0
BRH:0
end_of_record
TN:
SF:src\utils\format-currency.js
FN:1,formatCurrency
FNF:1
FNH:0
FNDA:0,formatCurrency
DA:4,0
DA:5,0
DA:7,0
DA:10,0
LF:4
LH:0
BRDA:4,0,0,0
BRDA:4,0,1,0
BRF:2
BRH:0
end_of_record
TN:
SF:src\utils\status-bidding.js
FN:1,setStatusBidding
FNF:1
FNH:0
FNDA:0,setStatusBidding
DA:2,0
DA:3,0
DA:4,0
LF:3
LH:0
BRDA:2,0,0,0
BRDA:2,0,1,0
BRF:2
BRH:0
end_of_record
TN:
SF:src\utils\transform-date.utils.js
FN:1,transformDate
FNF:1
FNH:0
FNDA:0,transformDate
DA:2,0
DA:3,0
DA:8,0
LF:3
LH:0
BRF:0
BRH:0
end_of_record
