TN:
SF:src\main.jsx
FN:20,AppRoutes
FNF:1
FNH:0
FNDA:0,AppRoutes
DA:21,0
DA:41,0
LF:2
LH:0
BRF:0
BRH:0
end_of_record
TN:
SF:src\components\campo-pesquisa\index.jsx
FN:6,CampoPesquisa
FN:20,(anonymous_1)
FNF:2
FNH:0
FNDA:0,CampoPesquisa
FNDA:0,(anonymous_1)
DA:11,0
DA:21,0
LF:2
LH:0
BRF:0
BRH:0
end_of_record
TN:
SF:src\components\card-about\index.jsx
FN:5,CardAbout
FNF:1
FNH:1
FNDA:7,CardAbout
DA:13,7
LF:1
LH:1
BRF:0
BRH:0
end_of_record
TN:
SF:src\components\card-licitacoes\index.jsx
FN:8,CardLicitacoes
FNF:1
FNH:0
FNDA:0,CardLicitacoes
DA:9,0
DA:11,0
DA:12,0
DA:13,0
DA:15,0
DA:16,0
DA:17,0
DA:18,0
DA:20,0
DA:21,0
DA:22,0
DA:25,0
LF:12
LH:0
BRDA:15,0,0,0
BRDA:15,0,1,0
BRDA:39,1,0,0
BRDA:39,1,1,0
BRF:4
BRH:0
end_of_record
TN:
SF:src\components\footer\index.jsx
FN:87,(anonymous_0)
FNF:1
FNH:1
FNDA:6,(anonymous_0)
DA:5,1
DA:18,1
DA:31,1
DA:87,1
DA:88,6
LF:5
LH:5
BRF:0
BRH:0
end_of_record
TN:
SF:src\components\header\index.jsx
FN:9,(anonymous_0)
FN:15,handdleChange
FN:20,buscarLicitacao
FN:74,(anonymous_3)
FN:79,(anonymous_4)
FNF:5
FNH:3
FNDA:19,(anonymous_0)
FNDA:9,handdleChange
FNDA:0,buscarLicitacao
FNDA:0,(anonymous_3)
FNDA:9,(anonymous_4)
DA:9,1
DA:10,19
DA:11,19
DA:13,19
DA:16,9
DA:21,0
DA:26,0
DA:27,0
DA:30,19
DA:74,0
DA:79,9
LF:11
LH:7
BRF:0
BRH:0
end_of_record
TN:
SF:src\components\layout\custom-button\index.jsx
FN:4,CustomButton
FNF:1
FNH:0
FNDA:0,CustomButton
DA:5,0
LF:1
LH:0
BRF:0
BRH:0
end_of_record
TN:
SF:src\components\layout\custom-input-checkbox\index.jsx
FN:4,CustomInputCheckbox
FNF:1
FNH:0
FNDA:0,CustomInputCheckbox
DA:5,0
LF:1
LH:0
BRF:0
BRH:0
end_of_record
TN:
SF:src\components\layout\custom-input-radio\index.jsx
FN:4,CustomInputRadio
FNF:1
FNH:0
FNDA:0,CustomInputRadio
DA:5,0
LF:1
LH:0
BRF:0
BRH:0
end_of_record
TN:
SF:src\components\newsletter\index.jsx
FN:5,(anonymous_0)
FN:9,(anonymous_1)
FN:36,(anonymous_2)
FNF:3
FNH:0
FNDA:0,(anonymous_0)
FNDA:0,(anonymous_1)
FNDA:0,(anonymous_2)
DA:5,0
DA:6,0
DA:7,0
DA:9,0
DA:10,0
DA:12,0
DA:13,0
DA:18,0
DA:20,0
DA:21,0
DA:28,0
DA:36,0
LF:12
LH:0
BRDA:23,0,0,0
BRDA:23,0,1,0
BRDA:41,1,0,0
BRDA:41,1,1,0
BRF:4
BRH:0
end_of_record
TN:
SF:src\context\BiddingContext.jsx
FN:7,(anonymous_0)
FNF:1
FNH:1
FNDA:10,(anonymous_0)
DA:4,1
DA:5,1
DA:7,1
DA:8,10
DA:9,10
DA:10,10
DA:11,10
DA:12,10
LF:8
LH:8
BRF:0
BRH:0
end_of_record
TN:
SF:src\hooks\useSearchBidding.jsx
FN:4,(anonymous_0)
FN:14,getBiddingSearch
FN:20,(anonymous_2)
FNF:3
FNH:1
FNDA:19,(anonymous_0)
FNDA:0,getBiddingSearch
FNDA:0,(anonymous_2)
DA:4,1
DA:12,19
DA:15,0
DA:20,0
DA:21,0
DA:23,0
DA:24,0
DA:33,0
DA:35,19
LF:9
LH:3
BRDA:21,0,0,0
BRDA:21,0,1,0
BRDA:23,1,0,0
BRDA:23,1,1,0
BRDA:25,2,0,0
BRDA:25,2,1,0
BRF:6
BRH:0
end_of_record
TN:
SF:src\mocks\licitacoes.js
FNF:0
FNH:0
DA:1,0
LF:1
LH:0
BRF:0
BRH:0
end_of_record
TN:
SF:src\mocks\members.js
FNF:0
FNH:0
DA:1,1
LF:1
LH:1
BRF:0
BRH:0
end_of_record
TN:
SF:src\mocks\sobreLicitacoes.js
FNF:0
FNH:0
DA:1,0
LF:1
LH:0
BRF:0
BRH:0
end_of_record
TN:
SF:src\pages\about-bidding\index.jsx
FN:8,AboutBidding
FNF:1
FNH:0
FNDA:0,AboutBidding
DA:9,0
DA:11,0
LF:2
LH:0
BRF:0
BRH:0
end_of_record
TN:
SF:src\pages\about-us\index.jsx
FN:33,AboutUs
FN:55,(anonymous_1)
FNF:2
FNH:2
FNDA:6,AboutUs
FNDA:42,(anonymous_1)
DA:5,1
DA:14,1
DA:18,1
DA:23,1
DA:34,6
DA:56,42
LF:6
LH:6
BRF:0
BRH:0
end_of_record
TN:
SF:src\pages\about-us\card-member\index.jsx
FN:8,(anonymous_0)
FN:44,CardMember
FNF:2
FNH:2
FNDA:45,(anonymous_0)
FNDA:45,CardMember
DA:4,2
DA:8,45
DA:27,2
DA:32,2
DA:45,45
DA:47,45
LF:6
LH:6
BRDA:8,0,0,24
BRDA:8,0,1,21
BRF:2
BRH:2
end_of_record
TN:
SF:src\pages\bidding-list\index.jsx
FN:13,BiddingList
FN:34,(anonymous_1)
FN:37,(anonymous_2)
FN:39,(anonymous_3)
FN:42,(anonymous_4)
FN:46,(anonymous_5)
FN:65,(anonymous_6)
FNF:7
FNH:0
FNDA:0,BiddingList
FNDA:0,(anonymous_1)
FNDA:0,(anonymous_2)
FNDA:0,(anonymous_3)
FNDA:0,(anonymous_4)
FNDA:0,(anonymous_5)
FNDA:0,(anonymous_6)
DA:14,0
DA:16,0
DA:22,0
DA:23,0
DA:24,0
DA:25,0
DA:28,0
DA:31,0
DA:32,0
DA:34,0
DA:35,0
DA:37,0
DA:39,0
DA:42,0
DA:43,0
DA:46,0
DA:47,0
DA:48,0
DA:51,0
DA:66,0
LF:20
LH:0
BRDA:28,0,0,0
BRDA:28,0,1,0
BRDA:28,1,0,0
BRDA:28,1,1,0
BRDA:28,1,2,0
BRDA:35,2,0,0
BRDA:35,2,1,0
BRDA:47,3,0,0
BRDA:47,3,1,0
BRDA:47,4,0,0
BRDA:47,4,1,0
BRDA:47,5,0,0
BRDA:47,5,1,0
BRDA:69,6,0,0
BRDA:69,6,1,0
BRF:15
BRH:0
end_of_record
TN:
SF:src\pages\bidding-list\filter\index.jsx
FN:11,reducer
FN:22,Filter
FN:43,(anonymous_2)
FN:57,(anonymous_3)
FN:62,(anonymous_4)
FN:77,(anonymous_5)
FN:82,(anonymous_6)
FN:99,(anonymous_7)
FN:112,(anonymous_8)
FN:131,(anonymous_9)
FNF:10
FNH:0
FNDA:0,reducer
FNDA:0,Filter
FNDA:0,(anonymous_2)
FNDA:0,(anonymous_3)
FNDA:0,(anonymous_4)
FNDA:0,(anonymous_5)
FNDA:0,(anonymous_6)
FNDA:0,(anonymous_7)
FNDA:0,(anonymous_8)
FNDA:0,(anonymous_9)
DA:12,0
DA:13,0
DA:19,0
DA:27,0
DA:32,0
DA:43,0
DA:44,0
DA:47,0
DA:58,0
DA:63,0
DA:78,0
DA:100,0
DA:113,0
DA:132,0
LF:14
LH:0
BRDA:12,0,0,0
BRDA:12,0,1,0
BRF:2
BRH:0
end_of_record
TN:
SF:src\pages\bidding-page\index.jsx
FN:14,BiddingPage
FNF:1
FNH:1
FNDA:5,BiddingPage
DA:15,5
DA:16,5
DA:17,5
DA:19,5
LF:4
LH:4
BRDA:44,0,0,5
BRDA:44,0,1,0
BRDA:58,1,0,5
BRDA:58,1,1,0
BRF:4
BRH:2
end_of_record
TN:
SF:src\pages\bidding-search-list\index.jsx
FN:10,BiddingSearchList
FN:22,(anonymous_1)
FN:25,(anonymous_2)
FN:27,(anonymous_3)
FN:32,(anonymous_4)
FN:50,(anonymous_5)
FNF:6
FNH:0
FNDA:0,BiddingSearchList
FNDA:0,(anonymous_1)
FNDA:0,(anonymous_2)
FNDA:0,(anonymous_3)
FNDA:0,(anonymous_4)
FNDA:0,(anonymous_5)
DA:11,0
DA:12,0
DA:13,0
DA:14,0
DA:19,0
DA:20,0
DA:22,0
DA:23,0
DA:25,0
DA:27,0
DA:30,0
DA:32,0
DA:33,0
DA:36,0
DA:51,0
LF:15
LH:0
BRDA:23,0,0,0
BRDA:23,0,1,0
BRDA:54,1,0,0
BRDA:54,1,1,0
BRF:4
BRH:0
end_of_record
TN:
SF:src\pages\dashboard\index.jsx
FN:24,Dashboard
FN:34,(anonymous_1)
FN:35,(anonymous_2)
FN:36,(anonymous_3)
FN:114,(anonymous_4)
FN:159,(anonymous_5)
FNF:6
FNH:0
FNDA:0,Dashboard
FNDA:0,(anonymous_1)
FNDA:0,(anonymous_2)
FNDA:0,(anonymous_3)
FNDA:0,(anonymous_4)
FNDA:0,(anonymous_5)
DA:15,0
DA:25,0
DA:26,0
DA:27,0
DA:28,0
DA:29,0
DA:30,0
DA:31,0
DA:32,0
DA:34,0
DA:35,0
DA:36,0
DA:37,0
DA:38,0
DA:39,0
DA:40,0
DA:44,0
DA:45,0
DA:48,0
DA:52,0
DA:54,0
DA:55,0
DA:56,0
DA:57,0
DA:58,0
DA:59,0
DA:60,0
DA:63,0
DA:64,0
DA:66,0
DA:80,0
DA:114,0
DA:115,0
DA:120,0
DA:135,0
DA:160,0
LF:36
LH:0
BRDA:38,0,0,0
BRDA:38,0,1,0
BRDA:40,1,0,0
BRDA:40,1,1,0
BRDA:41,2,0,0
BRDA:41,2,1,0
BRDA:41,2,2,0
BRDA:44,3,0,0
BRDA:44,3,1,0
BRDA:55,4,0,0
BRDA:55,4,1,0
BRDA:56,5,0,0
BRDA:56,5,1,0
BRDA:57,6,0,0
BRDA:57,6,1,0
BRDA:58,7,0,0
BRDA:58,7,1,0
BRDA:59,8,0,0
BRDA:59,8,1,0
BRDA:60,9,0,0
BRDA:60,9,1,0
BRDA:116,10,0,0
BRDA:116,10,1,0
BRF:23
BRH:0
end_of_record
TN:
SF:src\pages\error\index.jsx
FN:1,(anonymous_0)
FNF:1
FNH:0
FNDA:0,(anonymous_0)
DA:1,0
DA:2,0
LF:2
LH:0
BRF:0
BRH:0
end_of_record
TN:
SF:src\pages\landing\index.jsx
FN:6,Landing
FNF:1
FNH:0
FNDA:0,Landing
DA:7,0
LF:1
LH:0
BRF:0
BRH:0
end_of_record
TN:
SF:src\pages\landing\ultimas-licitacoes\index.jsx
FN:12,UltimasLicitacoes
FN:16,(anonymous_1)
FN:30,(anonymous_2)
FNF:3
FNH:0
FNDA:0,UltimasLicitacoes
FNDA:0,(anonymous_1)
FNDA:0,(anonymous_2)
DA:13,0
DA:14,0
DA:16,0
DA:17,0
DA:20,0
DA:32,0
LF:6
LH:0
BRF:0
BRH:0
end_of_record
TN:
SF:src\services\licitacoes.service.js
FN:5,getLicitacoes
FN:8,(anonymous_1)
FN:24,getLicitacaoById
FN:28,(anonymous_3)
FN:32,(anonymous_4)
FN:40,searchBidding
FN:41,(anonymous_6)
FN:50,getLicitacaoByString
FN:55,pagLicitacoes
FN:61,getLicitacoesFilter
FN:67,(anonymous_10)
FN:73,(anonymous_11)
FN:89,(anonymous_12)
FN:102,(anonymous_13)
FNF:14
FNH:2
FNDA:10,getLicitacoes
FNDA:0,(anonymous_1)
FNDA:5,getLicitacaoById
FNDA:0,(anonymous_3)
FNDA:0,(anonymous_4)
FNDA:0,searchBidding
FNDA:0,(anonymous_6)
FNDA:0,getLicitacaoByString
FNDA:0,pagLicitacoes
FNDA:0,getLicitacoesFilter
FNDA:0,(anonymous_10)
FNDA:0,(anonymous_11)
FNDA:0,(anonymous_12)
FNDA:0,(anonymous_13)
DA:3,2
DA:6,10
DA:8,10
DA:9,0
DA:10,0
DA:11,0
DA:12,0
DA:14,0
DA:15,0
DA:18,0
DA:21,10
DA:25,5
DA:27,5
DA:28,0
DA:29,0
DA:32,5
DA:33,0
DA:37,5
DA:41,0
DA:43,0
DA:46,0
DA:51,0
DA:52,0
DA:57,0
DA:58,0
DA:62,0
DA:64,0
DA:66,0
DA:67,0
DA:68,0
DA:72,0
DA:73,0
DA:74,0
DA:76,0
DA:77,0
DA:88,0
DA:89,0
DA:90,0
DA:91,0
DA:95,0
DA:102,0
DA:103,0
DA:104,0
DA:105,0
DA:106,0
DA:108,0
DA:109,0
DA:112,0
DA:115,0
LF:49
LH:8
BRDA:11,0,0,0
BRDA:11,0,1,0
BRDA:14,1,0,0
BRDA:14,1,1,0
BRDA:27,2,0,0
BRDA:27,2,1,5
BRDA:43,3,0,0
BRDA:43,3,1,0
BRDA:57,4,0,0
BRDA:57,4,1,0
BRDA:66,5,0,0
BRDA:66,5,1,0
BRDA:72,6,0,0
BRDA:72,6,1,0
BRDA:74,7,0,0
BRDA:74,7,1,0
BRDA:76,8,0,0
BRDA:76,8,1,0
BRDA:78,9,0,0
BRDA:78,9,1,0
BRDA:88,10,0,0
BRDA:88,10,1,0
BRDA:90,11,0,0
BRDA:90,11,1,0
BRDA:105,12,0,0
BRDA:105,12,1,0
BRDA:108,13,0,0
BRDA:108,13,1,0
BRF:28
BRH:1
end_of_record
TN:
SF:src\services\orgaos.service.js
FN:1,(anonymous_0)
FNF:1
FNH:0
FNDA:0,(anonymous_0)
DA:1,0
DA:2,0
LF:2
LH:0
BRF:0
BRH:0
end_of_record
TN:
SF:src\utils\bidding-types.js
FNF:0
FNH:0
DA:1,0
LF:1
LH:0
BRF:0
BRH:0
end_of_record
TN:
SF:src\utils\format-bidding-object.js
FN:1,formatBiddingObject
FNF:1
FNH:1
FNDA:5,formatBiddingObject
DA:2,5
DA:17,5
LF:2
LH:2
BRF:0
BRH:0
end_of_record
TN:
SF:src\utils\format-currency.js
FN:1,formatCurrency
FNF:1
FNH:0
FNDA:0,formatCurrency
DA:4,0
DA:5,0
DA:7,0
DA:10,0
DA:11,0
DA:14,0
LF:6
LH:0
BRDA:4,0,0,0
BRDA:4,0,1,0
BRDA:10,1,0,0
BRDA:10,1,1,0
BRF:4
BRH:0
end_of_record
TN:
SF:src\utils\status-bidding.js
FN:1,setStatusBidding
FNF:1
FNH:0
FNDA:0,setStatusBidding
DA:2,0
DA:3,0
DA:4,0
LF:3
LH:0
BRDA:2,0,0,0
BRDA:2,0,1,0
BRF:2
BRH:0
end_of_record
TN:
SF:src\utils\transform-date.utils.js
FN:1,transformDate
FNF:1
FNH:0
FNDA:0,transformDate
DA:2,0
DA:3,0
DA:8,0
LF:3
LH:0
BRF:0
BRH:0
end_of_record
